title	Inclass01	Inclass02	Inclass03	Inclass04	Inclass05	Inclass06	Inclass07	Inclass08	Inclass09	Inclass10
Income before taxes	3199.47	7902.98	12540.34	17481.49	25021.52	35210.06	46086.40	60786.50	133343.78	65895.38
Meals as pay	0.67	0.33	0.22	0.15	0.60	0.76	0.41	0.55	0.71	0.57
Rent as pay	0.60	22.96	4.44	5.89	2.02	2.62	1.59	5.60	5.74	4.92
Income before taxes	3198.20	7879.69	12535.69	17475.45	25018.90	35206.68	46084.39	60780.36	133337.33	65889.88
Income after taxes	2645.90	7888.38	12616.83	17190.31	25070.82	34981.15	45094.16	59245.88	127467.52	63628.59
Meals as pay	0.67	0.33	0.22	0.15	0.60	0.76	0.41	0.55	0.71	0.57
Rent as pay	0.60	22.96	4.44	5.89	2.02	2.62	1.59	5.60	5.74	4.92
Income after taxes	2644.63	7865.09	12612.17	17184.27	25068.21	34977.77	45092.16	59239.73	127461.07	63623.10
Age of reference person	43.30	49.14	54.31	54.02	52.27	49.43	47.66	46.95	46.86	48.79
Persons	1.82	1.60	1.70	1.99	2.10	2.27	2.44	2.60	3.07	2.48
Children under 18	0.55	0.34	0.40	0.50	0.50	0.55	0.56	0.61	0.85	0.63
Persons 65 and older	0.17	0.34	0.45	0.48	0.51	0.43	0.31	0.25	0.16	0.31
Earners	0.47	0.44	0.43	0.67	0.80	1.05	1.32	1.55	1.92	1.30
Vehicles (owned)	0.87	0.68	0.84	1.04	1.22	1.39	1.67	1.87	2.36	1.68
Male	40.89	30.11	34.23	33.86	37.82	44.18	47.77	52.61	53.20	46.05
Female	59.11	69.89	65.77	66.14	62.18	55.82	52.23	47.39	46.80	53.95
Homeowner	38.25	31.23	43.44	53.40	56.45	57.07	66.96	70.12	85.89	66.58
With mortgage	17.38	10.38	12.22	16.49	19.43	25.93	37.69	48.14	69.81	41.48
Without mortgage	18.23	16.53	26.04	28.85	29.71	25.02	24.06	17.72	13.81	20.56
Mortgage not reported	2.64	4.32	5.18	8.07	7.31	6.12	5.21	4.25	2.27	4.54
Renter	61.75	68.77	56.56	46.60	43.55	42.93	33.04	29.88	14.11	33.42
Black or African-American	17.19	19.97	18.34	16.93	14.42	13.96	11.68	11.68	6.54	11.84
White, Asian, and all other races	82.81	80.03	81.66	83.07	85.58	86.04	88.32	88.32	93.46	88.16
White	75.55	76.02	78.10	79.01	81.52	81.45	82.54	83.72	87.62	83.15
Asian	6.32	2.92	2.78	2.60	2.27	2.36	4.13	3.05	4.63	3.54
All other races	0.95	1.09	0.78	1.47	1.79	2.23	1.65	1.55	1.21	1.46
Hispanic or Latino	8.81	14.57	14.97	14.24	14.55	13.67	11.66	11.04	7.76	11.29
Not Hispanic or Latino	91.19	85.43	85.03	85.76	85.45	86.33	88.34	88.96	92.24	88.71
Elementary (1-8)	7.14	10.71	9.10	8.81	8.24	5.23	4.13	2.54	1.09	4.48
High school (9-12)	35.02	45.45	52.03	55.00	47.99	43.86	37.76	34.59	18.70	35.24
College	57.84	43.29	38.72	36.18	43.61	50.76	57.98	62.57	80.10	60.11
Never attended and other	0.00	0.55	0.15	0.00	0.16	0.16	0.14	0.30	0.11	0.16
At least one vehicle owned	57.84	51.97	62.67	71.03	79.91	82.65	87.94	91.06	95.14	84.26
Food	70.46	59.16	61.63	65.46	77.40	94.34	99.21	115.06	170.53	114.46
Food at home	47.45	41.50	43.75	47.13	52.36	61.81	63.53	71.48	99.29	71.07
Cereals and bakery products	6.82	5.41	6.34	6.60	6.95	8.18	8.41	9.76	13.84	9.75
Cereals and cereal products	2.70	1.80	2.43	2.29	2.29	2.89	2.86	3.23	4.48	3.26
Flour	0.16	0.05	0.09	0.19	0.15	0.13	0.19	0.15	0.17	0.15
Prepared flour mixes	0.12	0.06	0.12	0.11	0.15	0.23	0.20	0.23	0.34	0.23
Ready-to-eat and cooked cereals	1.24	1.11	1.20	1.29	1.27	1.62	1.55	1.77	2.53	1.81
Rice	0.53	0.28	0.66	0.33	0.39	0.42	0.43	0.51	0.57	0.49
Pasta, cornmeal and other cereal products	0.65	0.31	0.36	0.37	0.33	0.49	0.48	0.57	0.88	0.59
Bakery products	4.12	3.61	3.91	4.31	4.66	5.29	5.55	6.53	9.36	6.49
Bread	1.35	1.19	1.38	1.29	1.43	1.73	1.67	1.91	2.55	1.90
White bread	0.52	0.53	0.58	0.52	0.62	0.69	0.66	0.73	0.87	0.71
Bread, other than white	0.83	0.66	0.80	0.77	0.81	1.04	1.01	1.18	1.69	1.19
Cookies and crackers	0.91	0.92	0.91	0.99	1.10	1.28	1.30	1.56	2.33	1.57
Cookies	0.54	0.57	0.51	0.55	0.65	0.75	0.75	0.91	1.31	0.90
Crackers	0.37	0.35	0.40	0.44	0.45	0.53	0.55	0.66	1.02	0.67
Frozen and refrigerated bakery products	0.38	0.34	0.23	0.34	0.36	0.34	0.52	0.53	0.71	0.50
Other bakery products	1.48	1.17	1.40	1.70	1.77	1.94	2.06	2.53	3.77	2.52
Biscuits and rolls	0.47	0.50	0.51	0.51	0.60	0.68	0.79	1.00	1.46	0.95
Cakes and cupcakes	0.52	0.31	0.43	0.53	0.58	0.60	0.58	0.76	1.16	0.77
Bread and cracker products	0.06	0.07	0.05	0.07	0.04	0.09	0.08	0.08	0.14	0.09
Sweetrolls, coffee cakes, doughnuts	0.27	0.16	0.21	0.39	0.37	0.35	0.35	0.44	0.57	0.42
Pies, tarts, turnovers	0.16	0.13	0.19	0.20	0.17	0.21	0.26	0.26	0.44	0.28
Meats, poultry, fish, and eggs	10.71	10.32	10.23	10.39	12.87	15.20	15.26	16.31	21.79	16.28
Beef	2.94	2.57	2.54	2.90	3.27	4.61	4.47	4.47	6.32	4.59
Ground beef	1.08	1.05	1.14	1.10	1.37	1.62	1.78	1.79	2.24	1.73
Roast	0.59	0.27	0.31	0.50	0.44	0.78	0.83	0.76	1.04	0.75
Chuck roast	0.23	0.15	0.06	0.11	0.11	0.18	0.25	0.23	0.24	0.19
Round roast	0.09	0.03	0.03	0.09	0.07	0.08	0.13	0.15	0.17	0.12
Other roast	0.27	0.10	0.22	0.30	0.26	0.52	0.45	0.37	0.63	0.44
Steak	0.79	0.91	0.79	1.08	1.10	1.73	1.45	1.57	2.48	1.68
Round steak	0.26	0.09	0.10	0.23	0.17	0.26	0.26	0.28	0.32	0.25
Sirloin steak	0.21	0.24	0.18	0.28	0.26	0.48	0.45	0.41	0.64	0.44
Other steak	0.32	0.58	0.51	0.57	0.66	1.00	0.74	0.89	1.52	0.99
Other beef	0.48	0.33	0.31	0.23	0.36	0.48	0.40	0.36	0.55	0.43
Pork	1.93	1.97	2.40	2.06	2.77	2.76	3.10	3.26	3.95	3.13
Bacon	0.30	0.36	0.37	0.47	0.46	0.48	0.64	0.56	0.71	0.56
Pork chops	0.36	0.24	0.68	0.36	0.52	0.62	0.68	0.57	0.75	0.61
Ham	0.40	0.39	0.49	0.40	0.65	0.55	0.58	0.71	0.78	0.64
Ham, not canned	0.40	0.37	0.48	0.40	0.63	0.54	0.58	0.69	0.77	0.63
Canned ham	0.00	0.01	0.01	0.00	0.02	0.01	0.01	0.02	0.01	0.01
Sausage	0.31	0.37	0.45	0.33	0.44	0.50	0.56	0.56	0.69	0.54
Other pork	0.56	0.61	0.41	0.50	0.70	0.60	0.64	0.86	1.01	0.77
Other meats	1.46	1.23	1.16	1.23	1.45	1.98	1.94	2.20	2.75	2.05
Frankfurters	0.27	0.28	0.27	0.24	0.35	0.30	0.47	0.39	0.50	0.39
Lunch meats (cold cuts)	1.05	0.82	0.82	0.84	0.98	1.36	1.37	1.44	1.94	1.42
Bologna, liverwurst, salami	0.37	0.17	0.28	0.20	0.27	0.35	0.36	0.38	0.43	0.35
Other lunchmeats	0.68	0.65	0.54	0.63	0.71	1.01	1.00	1.06	1.50	1.06
Lamb, organ meats and others	0.14	0.13	0.08	0.15	0.13	0.32	0.10	0.37	0.30	0.24
Lamb and organ meats	0.08	0.07	0.05	0.11	0.11	0.30	0.08	0.17	0.26	0.18
Mutton, goat and game	0.06	0.06	0.03	0.04	0.01	0.01	0.03	0.20	0.04	0.06
Poultry	2.44	2.31	2.00	1.96	2.52	2.70	2.73	3.12	4.02	3.06
Fresh and frozen chickens	1.95	2.04	1.75	1.60	2.01	2.18	2.17	2.52	3.11	2.44
Fresh and frozen whole chicken	0.51	0.46	0.53	0.34	0.57	0.60	0.47	0.72	0.78	0.63
Fresh and frozen chicken parts	1.44	1.59	1.23	1.26	1.44	1.57	1.71	1.80	2.33	1.80
Other poultry	0.49	0.27	0.25	0.36	0.51	0.52	0.55	0.60	0.91	0.62
Fish and seafood	1.31	1.57	1.43	1.39	2.01	2.27	1.97	2.25	3.57	2.46
Canned fish and seafood	0.22	0.35	0.17	0.17	0.25	0.27	0.27	0.32	0.44	0.32
Fresh fish and shellfish	0.53	0.64	0.76	0.65	1.06	1.24	1.04	1.13	1.95	1.30
Frozen fish and shellfish	0.56	0.58	0.50	0.57	0.70	0.76	0.67	0.80	1.18	0.84
Eggs	0.63	0.66	0.70	0.85	0.84	0.88	1.04	1.01	1.19	0.98
Dairy products	5.61	4.87	5.03	5.95	5.76	7.28	7.13	8.02	11.77	8.26
Fresh milk and cream	2.15	2.19	2.20	2.47	2.50	3.05	2.83	3.10	4.34	3.23
Fresh milk, all types	1.94	1.99	2.05	2.30	2.28	2.77	2.53	2.76	3.79	2.88
Cream	0.21	0.20	0.16	0.17	0.22	0.28	0.31	0.34	0.55	0.35
Other dairy products	3.46	2.67	2.82	3.48	3.25	4.23	4.30	4.92	7.43	5.03
Butter	0.28	0.21	0.31	0.27	0.30	0.38	0.31	0.41	0.58	0.41
Cheese	1.71	1.23	1.42	1.66	1.72	2.11	2.18	2.44	3.90	2.58
Ice cream and related products	0.77	0.68	0.68	0.77	0.76	1.04	1.08	1.28	1.59	1.16
Miscellaneous dairy products	0.70	0.55	0.41	0.78	0.47	0.70	0.72	0.79	1.36	0.88
Fruits and vegetables	8.40	7.52	7.52	8.10	9.46	10.96	10.69	12.73	17.86	12.63
Fresh fruits	2.46	2.53	2.68	2.48	3.15	3.68	3.49	4.36	6.13	4.27
Apples	0.44	0.34	0.54	0.41	0.54	0.60	0.72	0.73	1.14	0.77
Bananas	0.41	0.45	0.42	0.47	0.48	0.57	0.53	0.64	0.83	0.62
Oranges	0.29	0.27	0.31	0.25	0.40	0.41	0.41	0.58	0.63	0.48
Citrus fruits, excluding oranges	0.18	0.25	0.20	0.19	0.25	0.30	0.26	0.37	0.51	0.35
Other fresh fruits	1.15	1.21	1.20	1.16	1.48	1.79	1.57	2.03	3.02	2.04
Fresh vegetables	2.97	2.47	2.37	2.58	3.04	3.54	3.37	3.99	5.83	4.07
Potatoes	0.48	0.54	0.47	0.54	0.66	0.65	0.63	0.71	0.95	0.73
Lettuce	0.40	0.27	0.29	0.25	0.34	0.43	0.42	0.44	0.78	0.51
Tomatoes	0.41	0.35	0.44	0.49	0.54	0.57	0.65	0.74	0.99	0.71
Other fresh vegetables	1.67	1.31	1.17	1.30	1.49	1.89	1.67	2.10	3.11	2.13
Processed fruits	1.55	1.36	1.22	1.57	1.57	1.88	1.97	2.32	3.16	2.24
Frozen fruits and fruit juices	0.04	0.12	0.07	0.13	0.14	0.20	0.22	0.25	0.31	0.22
Frozen orange juice	0.01	0.03	0.03	0.05	0.07	0.07	0.07	0.10	0.10	0.08
Frozen fruits	0.02	0.07	0.02	0.06	0.06	0.10	0.12	0.11	0.17	0.11
Frozen fruit juices	0.01	0.02	0.02	0.01	0.01	0.03	0.03	0.04	0.05	0.03
Canned fruits	0.35	0.26	0.20	0.35	0.34	0.32	0.34	0.38	0.54	0.40
Dried fruit	0.10	0.09	0.06	0.15	0.09	0.14	0.12	0.12	0.22	0.15
Fresh fruit juice	0.16	0.12	0.20	0.20	0.22	0.28	0.36	0.35	0.52	0.35
Canned and bottled fruit juice	0.90	0.78	0.70	0.74	0.78	0.95	0.94	1.21	1.57	1.13
Processed vegetables	1.42	1.17	1.25	1.48	1.70	1.86	1.87	2.06	2.74	2.05
Frozen vegetables	0.54	0.34	0.32	0.42	0.51	0.51	0.64	0.69	0.92	0.66
Canned and dried vegetables and juices	0.89	0.83	0.93	1.06	1.19	1.35	1.23	1.37	1.82	1.39
Canned beans	0.17	0.18	0.16	0.24	0.19	0.27	0.28	0.30	0.36	0.28
Canned corn	0.11	0.09	0.11	0.13	0.15	0.11	0.13	0.13	0.14	0.13
Canned miscellaneous vegetables	0.31	0.15	0.22	0.31	0.33	0.38	0.34	0.41	0.58	0.41
Dried peas	0.00	0.00	0.00	0.00	0.00	0.00	0.01	0.01	0.01	0.01
Dried beans	0.02	0.09	0.07	0.07	0.08	0.10	0.06	0.06	0.08	0.08
Dried miscellaneous vegetables	0.12	0.13	0.11	0.11	0.17	0.18	0.20	0.20	0.24	0.19
Dried processed vegetables	0.00	0.01	0.00	0.00	0.00	0.01	0.01	0.00	0.01	0.01
Frozen vegetable juices	0.00	0.00	0.01	0.00	0.01	0.00	0.00	0.01	0.01	0.01
Fresh and canned vegetable juices	0.16	0.17	0.26	0.19	0.25	0.29	0.21	0.24	0.38	0.28
Other food at home	15.90	13.39	14.63	16.08	17.34	20.18	22.03	24.66	34.04	24.15
Sugar and other sweets	1.68	1.15	1.54	1.76	1.88	2.08	2.32	2.44	3.49	2.49
Candy and chewing gum	0.93	0.53	0.95	0.96	1.13	1.25	1.45	1.46	2.26	1.54
Sugar	0.29	0.23	0.25	0.39	0.33	0.30	0.37	0.39	0.35	0.34
Artificial sweeteners	0.14	0.14	0.03	0.10	0.06	0.11	0.11	0.13	0.18	0.12
Jams, preserves, other sweets	0.32	0.25	0.31	0.31	0.36	0.42	0.38	0.47	0.70	0.48
Fats and oils	1.35	1.27	1.52	1.75	1.53	1.83	1.86	1.99	2.61	2.01
Margarine	0.13	0.13	0.13	0.17	0.16	0.16	0.14	0.18	0.19	0.17
Fats and oils	0.57	0.52	0.58	0.71	0.61	0.78	0.65	0.72	0.96	0.76
Salad dressings	0.22	0.34	0.33	0.43	0.40	0.44	0.56	0.51	0.70	0.52
Nondairy cream and imitation milk	0.21	0.12	0.37	0.24	0.21	0.26	0.25	0.35	0.40	0.31
Peanut butter	0.22	0.15	0.12	0.20	0.14	0.19	0.26	0.23	0.35	0.25
Miscellaneous foods	8.18	7.26	7.47	8.09	9.00	10.57	11.98	13.43	18.88	13.07
Frozen prepared foods	1.67	1.52	1.66	1.90	2.01	2.43	2.50	2.71	3.73	2.70
Frozen meals	0.73	0.68	0.88	1.05	1.13	1.30	1.34	1.32	1.92	1.40
Other frozen prepared foods	0.94	0.84	0.78	0.84	0.88	1.13	1.16	1.38	1.81	1.30
Canned and packaged soups	0.56	0.51	0.58	0.64	0.65	0.91	0.84	0.80	1.19	0.88
Potato chips, nuts, and other snacks	1.81	1.28	1.25	1.49	1.73	2.14	2.39	2.91	4.03	2.70
Potato chips and other snacks	1.12	0.93	0.95	1.09	1.20	1.55	1.74	2.22	2.97	1.98
Nuts	0.70	0.34	0.30	0.40	0.53	0.59	0.65	0.69	1.06	0.72
Condiments and seasonings	1.47	1.28	1.29	1.45	1.48	1.84	2.11	2.68	3.42	2.37
Salt, spices, other seasonings	0.36	0.34	0.45	0.31	0.34	0.46	0.51	0.61	0.79	0.56
Olives, pickles, relishes	0.14	0.07	0.10	0.20	0.19	0.21	0.21	0.29	0.38	0.26
Sauces and gravies	0.65	0.57	0.40	0.67	0.66	0.84	0.94	1.13	1.55	1.04
Baking needs and miscellaneous products	0.33	0.30	0.34	0.27	0.29	0.33	0.44	0.65	0.69	0.50
Other canned and packaged prepared foods	2.67	2.68	2.69	2.61	3.11	3.24	4.14	4.33	6.51	4.42
Prepared salads	0.46	0.30	0.44	0.46	0.49	0.47	0.65	0.65	1.06	0.70
Prepared desserts	0.16	0.16	0.12	0.17	0.18	0.19	0.22	0.31	0.34	0.25
Baby food	0.25	0.26	0.31	0.27	0.30	0.44	0.56	0.76	1.09	0.66
Miscellaneous prepared foods	1.80	1.96	1.72	1.70	2.05	2.13	2.71	2.61	3.98	2.78
Vitamin supplements	0.00	0.00	0.10	0.01	0.09	0.02	0.00	0.00	0.04	0.03
Nonalcoholic beverages	4.69	3.70	4.10	4.49	4.93	5.70	5.88	6.81	9.05	6.59
Cola	1.18	0.97	1.19	1.11	1.19	1.49	1.37	1.73	2.08	1.59
Other carbonated drinks	0.68	0.63	0.63	0.63	0.81	0.88	0.89	1.00	1.30	0.98
Tea	0.44	0.32	0.29	0.46	0.44	0.55	0.57	0.61	0.87	0.62
Coffee	0.84	0.49	0.78	0.70	0.83	0.76	0.74	1.04	1.32	0.98
Roasted coffee	0.60	0.33	0.50	0.47	0.52	0.49	0.48	0.69	0.91	0.66
Instant and freeze dried coffee	0.24	0.16	0.28	0.23	0.31	0.27	0.26	0.34	0.41	0.32
Noncarbonated fruit flavored drinks, including	0.31	0.40	0.30	0.38	0.44	0.48	0.58	0.52	0.70	0.54
Other noncarbonated beverages and ice	0.16	0.10	0.10	0.17	0.19	0.23	0.39	0.27	0.38	0.27
Bottled water	0.87	0.59	0.69	0.74	0.74	0.96	1.07	1.15	1.75	1.18
Sports drinks	0.22	0.20	0.13	0.28	0.27	0.33	0.27	0.47	0.65	0.42
Nonalcoholic beer	0.00	0.01	0.00	0.01	0.02	0.01	0.00	0.02	0.01	0.01
Food away from home	23.01	17.66	17.88	18.33	25.03	32.53	35.68	43.58	71.24	43.39
Meals at restaurants (except on trips)	23.01	17.66	17.88	18.33	25.03	32.53	35.68	43.58	71.24	43.39
Lunch	6.29	6.88	6.91	6.43	8.32	11.19	12.22	15.21	24.21	14.86
Lunch at fast food, take-out, delivery, concession	3.50	3.22	3.95	3.48	4.91	6.20	6.69	8.02	11.18	7.46
Lunch at full service restaurants	2.00	3.09	2.54	2.38	2.89	3.81	4.35	5.29	9.86	5.67
Lunch at vending machines and mobile vendors	0.02	0.06	0.14	0.18	0.12	0.16	0.20	0.23	0.22	0.18
Lunch at employer and school cafeterias	0.78	0.51	0.28	0.38	0.40	1.02	0.98	1.67	2.96	1.55
Dinner	12.82	7.48	7.62	8.48	11.90	14.99	15.64	19.91	35.13	20.67
Dinner at fast food, take-out, delivery, concession	3.64	3.40	2.51	3.47	4.72	5.70	5.84	6.79	9.78	6.58
Dinner at full service restaurants	8.70	3.78	4.90	4.93	7.07	9.02	9.54	12.64	25.17	13.85
Dinner at vending machines and mobile vendors	0.02	0.00	0.05	0.00	0.05	0.10	0.12	0.05	0.07	0.06
Dinner at employer and school cafeterias	0.46	0.30	0.17	0.07	0.06	0.17	0.14	0.45	0.10	0.18
Snacks and nonalcoholic beverages	1.84	1.55	1.30	1.33	1.95	2.79	3.57	3.73	5.17	3.41
Snacks and nonalcoholic beverages at fast food,	0.97	1.12	0.77	0.88	1.15	1.79	1.95	2.15	3.42	2.13
Snacks and nonalcoholic beverages at full service	0.53	0.11	0.18	0.15	0.38	0.48	0.89	0.69	0.89	0.62
Snacks and nonalcoholic beverages at vending	0.25	0.27	0.31	0.21	0.34	0.39	0.69	0.72	0.67	0.53
Snacks and nonalcoholic beverages at employer and	0.10	0.04	0.04	0.09	0.07	0.13	0.05	0.17	0.20	0.13
Breakfast and brunch	2.06	1.74	2.04	2.09	2.86	3.56	4.25	4.73	6.73	4.44
Breakfast and brunch at fast food, take-out,	0.81	0.90	0.88	1.15	1.64	1.82	2.10	2.10	3.43	2.22
Breakfast and brunch at full service restaurants	1.01	0.63	0.97	0.76	1.13	1.58	1.76	2.19	2.92	1.92
Breakfast and brunch at vending machines and mobile	0.02	0.01	0.04	0.05	0.04	0.08	0.10	0.10	0.08	0.07
Breakfast and brunch at employer and school	0.22	0.20	0.15	0.14	0.06	0.07	0.28	0.34	0.29	0.22
Alcoholic beverages	4.89	3.24	3.41	2.43	4.12	5.74	6.68	7.99	12.79	7.77
At home	2.91	1.97	2.35	1.73	2.51	3.49	3.49	5.03	7.79	4.73
Beer and ale	1.67	1.22	1.02	1.21	1.49	2.29	2.05	2.81	3.25	2.35
Whiskey	0.07	0.02	0.22	0.06	0.02	0.10	0.06	0.32	0.41	0.22
Wine	0.99	0.49	0.63	0.28	0.72	0.67	1.22	1.43	3.34	1.68
Other alcoholic beverages	0.19	0.23	0.48	0.18	0.28	0.44	0.16	0.47	0.79	0.48
Away from home	1.98	1.27	1.07	0.70	1.61	2.24	3.19	2.97	5.00	3.04
Beer and ale	1.06	0.53	0.59	0.40	0.71	0.97	1.71	1.43	2.14	1.38
Beer and ale at fast food, take-out, delivery,	0.42	0.03	0.07	0.06	0.12	0.19	0.27	0.25	0.34	0.23
Beer and ale at full service restaurants	0.64	0.50	0.52	0.34	0.58	0.75	1.37	1.17	1.77	1.13
Beer and ale at vending machines and mobile vendors	0.00	0.00	0.01	0.00	0.01	0.03	0.06	0.01	0.02	0.02
Beer at employer	0.00	0.00	0.00	0.00	0.00	0.00	0.00	0.00	0.00	0.00
Wine	0.40	0.42	0.35	0.10	0.24	0.37	0.40	0.54	1.37	0.69
Wine at fast food, take-out, delivery, concession	0.00	0.02	0.01	0.01	0.02	0.01	0.02	0.06	0.05	0.03
Wine at full service restaurants	0.40	0.40	0.34	0.09	0.22	0.36	0.38	0.48	1.31	0.65
Wine at vending machines and mobile vendors	0.00	0.00	0.00	0.00	0.00	0.00	0.00	0.00	0.01	0.00
Wine at employer	0.00	0.00	0.00	0.00	0.00	0.00	0.00	0.00	0.00	0.00
Other alcoholic beverages	0.52	0.32	0.12	0.20	0.67	0.90	1.08	1.00	1.48	0.97
Other alcoholic beverages at fast food, take-out,	0.02	0.03	0.00	0.00	0.06	0.06	0.06	0.04	0.09	0.06
Other alcoholic beverages at full service restaurants	0.50	0.30	0.12	0.18	0.61	0.84	1.02	0.95	1.39	0.91
Other alcoholic beverages at vending machines and	0.00	0.00	0.00	0.02	0.00	0.00	0.00	0.01	0.01	0.00
Other alcohol at employer	0.00	0.00	0.00	0.00	0.00	0.00	0.00	0.00	0.00	0.00
Housing	44.36	44.21	53.42	62.16	69.81	80.88	86.02	92.84	132.40	92.99
Fuel and utilities	31.95	34.72	39.25	48.14	54.63	61.27	61.79	62.89	85.65	64.47
Electricity and natural gas	17.20	20.84	22.11	27.96	27.11	32.32	34.21	33.72	45.07	34.34
Electricity	12.07	16.62	16.99	19.66	19.31	23.60	25.47	25.24	31.20	24.66
Natural gas	5.13	4.22	5.12	8.30	7.80	8.71	8.74	8.48	13.87	9.68
Fuel oil and other fuels	2.13	1.67	2.54	4.66	9.44	8.61	5.84	3.94	9.44	6.91
Fuel oil	0.03	1.33	0.72	3.00	5.97	5.72	2.82	2.00	4.96	3.83
Bottled and tank gas	1.79	0.13	1.42	1.34	2.38	1.98	1.80	1.16	3.12	2.10
Coal	0.04	0.10	0.12	0.00	0.17	0.06	0.23	0.33	0.52	0.28
Miscellaneous fuels	0.28	0.11	0.29	0.33	0.92	0.85	1.00	0.45	0.85	0.70
Telephone services	12.62	12.21	14.60	15.51	18.08	20.34	21.75	25.23	31.14	23.22
Household operations	0.00	0.11	0.00	0.00	0.00	0.01	0.00	0.02	0.06	0.03
Other household expenses	0.00	0.11	0.00	0.00	0.00	0.01	0.00	0.02	0.06	0.03
Repair of miscellaneous household equipment and	0.00	0.11	0.00	0.00	0.00	0.01	0.00	0.02	0.06	0.03
Housekeeping supplies	5.94	5.39	8.07	7.46	8.52	9.91	10.24	12.11	19.37	12.58
Laundry and cleaning supplies	1.65	1.79	2.21	1.85	2.16	2.54	2.52	2.87	3.85	2.84
Soaps and detergents	1.01	1.06	1.27	1.09	1.28	1.48	1.49	1.50	2.00	1.56
Other laundry cleaning products	0.65	0.73	0.93	0.76	0.88	1.06	1.04	1.36	1.85	1.28
Other household products	2.64	2.73	3.97	3.86	3.75	5.06	5.16	6.33	11.11	6.74
Cleansing and toilet tissue, paper towels and napkins	0.94	1.34	1.55	1.56	1.62	1.91	1.80	2.03	2.59	2.01
Miscellaneous household products	1.35	1.04	1.41	1.63	1.50	1.93	2.13	2.93	4.73	2.84
Lawn and garden supplies	0.35	0.35	1.02	0.67	0.62	1.22	1.23	1.36	3.79	1.89
Postage and stationery	1.65	0.88	1.89	1.75	2.62	2.30	2.56	2.91	4.41	3.00
Stationery, stationery supplies, giftwrap	0.65	0.35	0.59	0.77	1.04	1.07	1.11	1.69	2.62	1.57
Postage	0.94	0.51	1.28	0.93	1.52	1.18	1.40	1.17	1.64	1.35
Delivery services	0.06	0.02	0.03	0.06	0.06	0.05	0.05	0.05	0.14	0.08
Household furnishings and equipment	6.48	3.98	6.10	6.56	6.65	9.70	13.99	17.84	27.32	15.91
Household textiles	1.54	0.52	0.80	0.98	1.22	1.18	1.31	1.64	3.10	1.83
Bathroom linens	0.27	0.07	0.32	0.36	0.37	0.35	0.36	0.33	0.63	0.42
Bedroom linens	1.25	0.39	0.41	0.52	0.79	0.73	0.89	1.01	2.10	1.20
Kitchen and dining room linens	0.02	0.03	0.06	0.09	0.04	0.08	0.06	0.12	0.22	0.12
Slipcovers, decorative pillows	0.00	0.03	0.02	0.01	0.02	0.03	0.00	0.19	0.15	0.09
Furniture	0.08	0.03	0.03	0.10	0.06	0.13	0.56	0.40	1.21	0.54
Outdoor furniture	0.08	0.03	0.03	0.10	0.06	0.13	0.56	0.40	1.21	0.54
Floor coverings	0.10	0.10	0.11	0.20	0.12	0.24	0.29	4.27	1.40	1.21
Room size rugs and other floor covering, nonpermanent	0.10	0.10	0.11	0.20	0.12	0.24	0.29	4.27	1.40	1.21
Major appliances	1.04	0.59	0.13	0.32	0.21	0.23	0.39	0.71	1.09	0.63
Electric floor cleaning equipment	1.04	0.07	0.13	0.00	0.06	0.18	0.26	0.57	1.04	0.52
Sewing machines	0.00	0.47	0.00	0.32	0.14	0.00	0.05	0.00	0.02	0.07
Miscellaneous household appliances	0.00	0.04	0.00	0.00	0.01	0.05	0.07	0.13	0.03	0.05
Small appliances, miscellaneous housewares	0.48	0.36	0.95	0.48	0.92	1.21	1.61	1.48	2.80	1.65
Housewares	0.48	0.31	0.33	0.35	0.70	1.13	1.09	1.24	2.53	1.39
China and other dinnerware	0.01	0.03	0.03	0.06	0.10	0.19	0.38	0.24	0.31	0.21
Glassware	0.02	0.02	0.09	0.03	0.26	0.34	0.14	0.26	0.64	0.34
Nonelectric cookware	0.22	0.07	0.10	0.11	0.05	0.26	0.14	0.27	0.49	0.27
Tableware, nonelectric kitchenware	0.22	0.19	0.11	0.16	0.29	0.34	0.43	0.47	1.10	0.57
Small appliances	0.00	0.04	0.62	0.12	0.22	0.08	0.52	0.25	0.27	0.26
Portable heating and cooling equipment	0.00	0.04	0.62	0.12	0.22	0.08	0.52	0.25	0.27	0.26
Miscellaneous household equipment	3.23	2.39	4.08	4.49	4.13	6.72	9.82	9.34	17.71	10.05
Infants' equipment	0.00	0.10	0.24	0.18	0.07	0.28	0.08	0.40	0.82	0.40
Laundry and cleaning equipment	0.19	0.17	0.24	0.15	0.17	0.16	0.21	0.33	0.50	0.31
Outdoor equipment	0.11	0.12	0.16	0.08	0.14	0.51	0.49	0.58	1.23	0.63
Lamps and lighting fixtures	0.04	0.12	0.31	0.41	0.33	0.34	0.51	0.62	0.89	0.56
Clocks and other household decorative items	0.68	0.54	0.63	0.60	1.20	1.67	3.41	1.83	4.27	2.44
Telephones and accessories	0.71	0.25	0.26	0.77	0.39	0.58	0.48	0.72	1.49	0.84
Lawn and garden equipment	0.26	0.10	1.12	1.28	0.21	0.72	1.18	1.21	2.16	1.26
Power tools	0.48	0.00	0.26	0.23	0.43	0.55	0.56	0.59	0.72	0.53
Hand tools	0.12	0.12	0.18	0.06	0.15	0.15	0.81	0.26	0.45	0.32
Indoor plants, fresh flowers	0.26	0.32	0.21	0.35	0.41	0.57	0.53	0.68	1.79	0.90
Closet and storage items	0.08	0.07	0.09	0.07	0.14	0.15	0.23	0.22	1.03	0.44
Other hardware	0.12	0.12	0.02	0.00	0.08	0.09	0.47	0.73	0.42	0.32
Miscellaneous household equipment and parts	0.18	0.21	0.31	0.21	0.33	0.64	0.65	1.05	1.51	0.87
Luggage	0.01	0.15	0.04	0.08	0.08	0.31	0.21	0.11	0.45	0.24
Apparel and services	14.83	13.92	16.45	14.37	17.69	22.45	18.77	27.45	44.81	28.01
Men and boys	3.50	2.26	3.28	2.66	3.62	5.75	4.02	7.08	11.74	6.89
Men, 16 and over	2.33	1.87	3.03	2.17	2.99	5.08	3.49	6.11	10.48	6.04
Men's sportcoats, tailored jackets	0.00	0.00	0.00	0.00	0.03	0.00	0.00	0.03	0.20	0.07
Men's coats and jackets	0.38	0.26	0.40	0.04	0.22	0.68	0.53	0.63	1.03	0.63
Men's underwear	0.09	0.18	0.11	0.12	0.13	0.24	0.24	0.37	0.53	0.32
Men's hosiery	0.08	0.20	0.10	0.12	0.11	0.23	0.20	0.26	0.52	0.29
Men's accessories	0.19	0.32	0.25	0.12	0.26	0.43	0.52	0.60	1.16	0.64
Men's sweaters and vests	0.07	0.00	0.12	0.76	0.09	0.06	0.11	0.15	0.53	0.28
Men's active sportswear	0.05	0.14	0.02	0.10	0.08	0.20	0.15	0.24	0.65	0.31
Men's shirts	0.56	0.28	0.87	0.51	0.93	1.42	0.89	2.26	3.22	1.85
Men's pants and shorts	0.92	0.49	1.17	0.41	0.95	1.82	0.85	1.46	2.46	1.56
Men's uniforms	0.00	0.00	0.00	0.00	0.19	0.00	0.00	0.10	0.17	0.10
Boys, 2 to 15	1.17	0.39	0.25	0.49	0.63	0.67	0.54	0.96	1.26	0.85
Boys' shirts	0.52	0.19	0.15	0.26	0.39	0.40	0.34	0.47	0.63	0.45
Boys' underwear	0.22	0.05	0.05	0.05	0.05	0.09	0.07	0.10	0.21	0.12
Boys' nightwear	0.08	0.03	0.02	0.05	0.04	0.03	0.03	0.04	0.07	0.05
Boys' hosiery	0.17	0.04	0.02	0.08	0.05	0.07	0.06	0.14	0.18	0.11
Boys' accessories	0.18	0.08	0.01	0.04	0.09	0.06	0.03	0.11	0.14	0.09
Boys' suits, sportcoats, vests	0.00	0.00	0.00	0.00	0.02	0.01	0.00	0.10	0.02	0.03
Women and girls	5.42	6.30	7.43	7.63	7.90	9.65	8.58	11.64	21.07	12.77
Women, 16 and over	4.83	6.01	6.70	6.31	6.89	8.66	7.16	10.06	18.25	11.09
Women's coats and jackets	0.44	1.13	0.21	0.86	1.12	0.55	0.38	1.01	1.94	1.14
Women's dresses	0.47	0.74	0.66	0.49	0.81	1.04	0.71	0.87	2.68	1.39
Women's sportcoats, tailored jackets	0.03	0.00	0.00	0.00	0.00	0.02	0.11	0.01	0.07	0.04
Women's vests and sweaters	0.33	0.34	0.42	0.26	0.40	0.52	0.44	0.66	1.38	0.76
Women's shirts, tops, blouses	1.35	0.91	1.50	1.25	1.37	2.39	1.54	2.12	3.79	2.37
Women's skirts	0.00	0.06	0.09	0.03	0.14	0.10	0.07	0.23	0.44	0.22
Women's pants and shorts	0.89	0.73	1.74	1.38	1.09	1.69	1.38	2.01	3.00	1.98
Women's active sportswear	0.32	0.52	0.15	0.28	0.26	0.15	0.51	0.67	0.87	0.54
Women's sleepwear	0.32	0.28	0.41	0.34	0.31	0.24	0.23	0.55	0.78	0.49
Women's undergarments	0.32	0.73	0.32	0.59	0.39	0.48	0.49	0.67	1.10	0.70
Women's hosiery	0.08	0.16	0.24	0.19	0.25	0.25	0.25	0.27	0.49	0.32
Women's accessories	0.27	0.40	0.66	0.64	0.72	1.15	0.95	0.82	1.69	1.08
Women's uniforms	0.00	0.00	0.31	0.00	0.02	0.08	0.09	0.15	0.04	0.08
Girls, 2 to 15	0.60	0.30	0.73	1.32	1.01	0.99	1.41	1.58	2.83	1.68
Girls' coats and jackets	0.01	0.00	0.11	0.02	0.18	0.05	0.08	0.24	0.24	0.16
Girls' dresses and suits	0.09	0.05	0.12	0.35	0.11	0.12	0.17	0.35	0.40	0.26
Girls' shirts, blouses, sweaters	0.17	0.19	0.31	0.43	0.32	0.36	0.58	0.39	1.15	0.62
Girls' active sportswear	0.18	0.02	0.03	0.06	0.10	0.19	0.13	0.17	0.36	0.20
Girls' underwear and sleepwear	0.05	0.00	0.11	0.14	0.14	0.12	0.12	0.21	0.25	0.17
Girls' hosiery	0.04	0.04	0.02	0.18	0.05	0.05	0.17	0.07	0.14	0.10
Girls' accessories	0.05	0.00	0.03	0.14	0.11	0.10	0.16	0.14	0.28	0.16
Children under 2	1.00	0.97	1.23	0.64	1.59	1.13	1.12	1.90	2.48	1.71
Infant dresses, outerwear	0.37	0.26	0.26	0.13	0.29	0.24	0.18	0.36	0.68	0.40
Infant underwear	0.47	0.34	0.68	0.49	0.77	0.73	0.76	1.06	1.37	0.95
Infant nightwear, loungewear	0.00	0.17	0.03	0.00	0.10	0.03	0.06	0.17	0.14	0.10
Infant accessories	0.16	0.20	0.25	0.01	0.43	0.13	0.12	0.31	0.29	0.25
Footwear	4.71	4.22	4.33	3.21	4.26	5.28	4.63	6.19	8.59	6.05
Men's footwear	1.03	1.44	1.31	0.45	1.30	1.48	1.44	2.56	2.78	1.95
Boys' footwear	1.34	0.47	0.56	0.87	0.90	0.77	0.54	0.71	0.88	0.79
Women's footwear	1.99	2.17	1.77	1.72	1.68	2.46	2.02	2.57	3.85	2.67
Girls' footwear	0.35	0.15	0.70	0.17	0.37	0.57	0.63	0.34	1.08	0.64
Other apparel products and services	0.18	0.17	0.17	0.24	0.32	0.63	0.42	0.65	0.93	0.59
Material for making clothes	0.03	0.04	0.03	0.05	0.07	0.15	0.13	0.16	0.22	0.14
Sewing patterns and notions	0.15	0.09	0.02	0.08	0.07	0.12	0.09	0.06	0.18	0.11
Watches	0.00	0.04	0.12	0.10	0.18	0.37	0.20	0.43	0.54	0.34
Transportation	37.16	24.28	31.64	44.80	49.13	51.53	67.39	76.86	102.65	69.96
Gasoline, motor oil, and additives	22.17	17.79	20.40	28.36	32.66	36.74	45.77	50.67	68.66	46.80
Gasoline, gasohol and diesel fuel	22.08	17.64	20.32	28.24	32.45	36.55	45.51	50.34	68.26	46.53
Gasoline	22.08	17.57	20.32	28.24	31.97	36.29	45.01	49.69	67.05	45.90
Diesel fuel	0.00	0.08	0.00	0.00	0.48	0.26	0.50	0.66	1.21	0.63
Motor oil, coolants and other additives	0.09	0.14	0.09	0.11	0.21	0.19	0.26	0.33	0.40	0.27
Motor oil	0.06	0.00	0.04	0.07	0.14	0.13	0.10	0.16	0.24	0.15
Coolant, brake fluid, transmission fluid, and other	0.03	0.14	0.05	0.05	0.07	0.06	0.16	0.16	0.16	0.12
Other vehicle expenses	12.78	6.41	10.65	16.39	16.26	14.71	21.30	25.91	33.62	22.81
Maintenance and repairs	0.24	0.23	0.46	0.49	0.71	0.58	0.53	1.44	1.93	1.12
Vehicle audio equipment	0.00	0.00	0.11	0.00	0.00	0.00	0.00	0.00	0.25	0.09
Vehicle products and cleaning services	0.06	0.03	0.04	0.02	0.08	0.06	0.05	0.36	0.24	0.16
Misc. auto repair, servicing	0.18	0.20	0.31	0.47	0.62	0.50	0.48	1.04	1.42	0.86
Gas tank repair, replacement	0.00	0.00	0.00	0.00	0.01	0.02	0.00	0.04	0.01	0.01
Vehicle insurance	12.50	6.07	10.04	15.87	15.30	14.02	20.60	24.09	31.24	21.41
Vehicle rental, leases, licenses, and other charges	0.03	0.11	0.15	0.03	0.25	0.11	0.18	0.38	0.45	0.28
Tolls or electronic toll passes	0.03	0.11	0.15	0.03	0.25	0.11	0.18	0.38	0.45	0.28
Public transportation	2.21	0.08	0.59	0.05	0.21	0.08	0.32	0.28	0.37	0.34
Taxi fares and limousine services	2.21	0.08	0.59	0.05	0.21	0.08	0.32	0.28	0.37	0.34
Healthcare	2.46	1.92	1.92	2.21	2.68	2.97	2.64	2.99	4.13	3.11
Medical services	0.31	0.00	0.00	0.00	0.14	0.00	0.00	0.05	0.15	0.08
Repair of medical equipment	0.31	0.00	0.00	0.00	0.14	0.00	0.00	0.05	0.15	0.08
Drugs	1.48	1.51	1.42	1.62	2.18	2.49	2.30	2.42	3.10	2.43
Nonprescription drugs	1.06	1.03	0.94	1.22	1.37	1.75	1.68	1.67	2.11	1.67
Nonprescription vitamins	0.42	0.48	0.48	0.41	0.81	0.74	0.62	0.75	1.00	0.76
Medical supplies	0.67	0.41	0.50	0.59	0.36	0.48	0.34	0.52	0.87	0.59
Topicals and dressings	0.67	0.41	0.50	0.59	0.36	0.48	0.34	0.52	0.87	0.59
Entertainment	16.06	9.86	11.50	13.12	19.12	20.03	23.03	31.69	48.87	29.80
Fees and admissions	1.17	0.78	0.37	0.93	0.89	1.05	2.08	2.83	7.01	3.26
Fees for participant sports	0.59	0.23	0.32	0.66	0.64	0.95	1.33	1.62	3.37	1.73
Fees for recreational lessons	0.58	0.55	0.05	0.27	0.26	0.10	0.75	1.21	3.64	1.53
Audio and visual equipment and services	6.94	5.57	7.15	7.59	9.98	9.81	12.44	14.70	17.35	12.72
Radios	0.02	0.00	0.00	0.00	0.02	0.01	0.10	0.02	0.06	0.04
Cable and satellite television services	6.55	4.72	6.62	6.90	8.95	8.98	11.43	12.12	13.56	10.66
Tape recorders and players	0.00	0.00	0.00	0.00	0.06	0.03	0.00	0.15	0.11	0.07
Miscellaneous sound equipment	0.01	0.01	0.10	0.00	0.00	0.00	0.00	0.02	0.02	0.02
Miscellaneous video equipment	0.03	0.05	0.00	0.01	0.01	0.01	0.11	0.05	0.22	0.09
Sound equipment accessories	0.20	0.40	0.08	0.05	0.06	0.04	0.05	0.11	0.35	0.18
Video game hardware and software	0.12	0.40	0.34	0.63	0.88	0.73	0.75	2.23	3.02	1.65
Pets, toys, hobbies, and playground equipment	5.36	2.69	3.28	4.16	6.80	7.08	6.98	11.47	18.65	10.79
Pets	4.11	2.14	2.34	2.96	5.46	5.16	5.25	9.31	14.52	8.39
Pet food	1.33	1.19	1.33	1.73	2.37	2.08	2.58	3.53	4.80	3.14
Pet purchase, supplies, medicine	0.51	0.25	0.39	1.03	0.72	1.17	1.08	1.53	1.88	1.27
Vet services	2.26	0.70	0.62	0.20	2.37	1.91	1.59	4.25	7.84	3.98
Toys, games, arts and crafts, and tricycles	1.26	0.56	0.93	1.20	1.34	1.90	1.72	2.15	4.02	2.36
Playground equipment	0.00	0.00	0.02	0.00	0.00	0.03	0.00	0.01	0.10	0.04
Other entertainment supplies, equipment, and services	2.59	0.82	0.70	0.44	1.44	2.09	1.53	2.69	5.86	3.03
Sports, recreation and exercise equipment	2.52	0.62	0.57	0.30	1.26	1.67	1.33	2.45	3.99	2.29
Athletic gear, game tables, and exercise equipment	2.47	0.21	0.10	0.11	0.18	0.65	0.21	1.30	2.10	1.08
Camping equipment	0.00	0.12	0.37	0.09	0.34	0.11	0.39	0.20	0.51	0.32
Hunting and fishing equipment	0.05	0.28	0.09	0.10	0.64	0.90	0.33	0.88	0.80	0.63
Global positioning system devices	0.00	0.00	0.00	0.00	0.10	0.00	0.40	0.08	0.58	0.25
Photographic equipment, supplies and services	0.07	0.17	0.11	0.15	0.12	0.36	0.13	0.16	1.60	0.63
Other photographic supplies	0.02	0.17	0.01	0.00	0.04	0.01	0.04	0.01	0.07	0.04
Photographer fees	0.05	0.00	0.10	0.15	0.08	0.35	0.10	0.15	1.53	0.59
Fireworks	0.00	0.00	0.00	0.00	0.01	0.00	0.00	0.01	0.08	0.03
Souvenirs	0.00	0.00	0.02	0.00	0.06	0.01	0.05	0.07	0.07	0.05
Visual goods	0.00	0.03	0.00	0.00	0.00	0.01	0.01	0.00	0.04	0.02
Pinball, electronic video games	0.00	0.00	0.00	0.00	0.00	0.05	0.00	0.00	0.07	0.03
Personal care products and services	6.47	4.31	4.93	5.30	7.20	7.22	6.98	9.15	18.03	10.57
Personal care products	4.71	2.98	2.98	3.48	3.98	4.87	5.14	5.86	9.67	6.20
Hair care products	1.37	0.36	0.75	0.57	1.02	1.08	1.00	1.18	2.02	1.31
Nonelectric articles for the hair	0.06	0.05	0.04	0.05	0.11	0.11	0.06	0.11	0.18	0.12
Oral hygiene products, articles	0.46	0.61	0.40	0.50	0.50	0.51	0.63	0.62	0.92	0.67
Shaving needs	0.14	0.17	0.19	0.20	0.27	0.22	0.34	0.26	0.60	0.36
Cosmetics, perfume, bath preparations	2.13	1.34	1.17	1.47	1.43	2.15	2.48	2.95	4.72	2.91
Deodorants, feminine hygiene, miscellaneous personal	0.31	0.42	0.32	0.51	0.49	0.53	0.44	0.54	0.92	0.62
Electric personal care appliances	0.24	0.03	0.10	0.18	0.16	0.27	0.19	0.20	0.29	0.22
Personal care services	1.76	1.33	1.95	1.83	3.22	2.35	1.83	3.29	8.37	4.37
Personal care service for females	1.25	0.91	1.37	1.25	2.22	1.60	1.22	2.23	5.74	2.99
Personal care service for males	0.50	0.42	0.57	0.58	1.00	0.75	0.61	1.06	2.63	1.38
Reading	0.00	0.00	0.00	0.05	0.00	0.00	0.00	0.00	0.02	0.01
Newsletters	0.00	0.00	0.00	0.05	0.00	0.00	0.00	0.00	0.02	0.01
Education	0.55	0.46	0.35	0.35	0.44	0.53	0.59	0.89	1.59	0.90
School supplies, etc. - unspecified	0.55	0.46	0.35	0.35	0.44	0.53	0.59	0.89	1.59	0.90
Tobacco products and smoking supplies	0.06	0.03	0.02	0.02	0.06	0.02	0.11	0.03	0.10	0.06
Smoking accessories	0.06	0.03	0.02	0.02	0.06	0.02	0.11	0.03	0.10	0.06
Miscellaneous	0.42	0.57	0.61	2.41	1.33	1.92	1.80	3.52	2.59	2.15
Miscellaneous fees	0.00	0.00	0.00	0.01	0.00	0.06	0.03	0.10	0.15	0.07
Lotteries and pari-mutuel losses	0.16	0.14	0.35	0.61	1.10	1.12	1.63	2.34	1.03	1.18
Miscellaneous personal services	0.26	0.43	0.26	1.79	0.23	0.74	0.14	1.08	1.42	0.89
Money income before taxes	3199.48	7902.98	12540.35	17481.50	25021.52	35210.06	46086.40	60762.12	133343.80	65891.62
Wages and salaries	2373.85	2405.80	3873.55	8193.03	14225.48	23185.02	33544.08	49446.33	112435.02	52197.25
Self-employment income	-1102.22	-44.43	252.50	332.75	180.57	1132.17	1800.15	1785.12	8696.37	3386.38
Net business income	-894.41	-49.28	252.42	318.26	131.07	1086.63	1575.40	1661.73	8146.84	3163.03
Net farm income	-207.81	4.85	0.08	14.49	49.49	45.54	224.76	123.39	549.53	223.35
Social Security, private and government retirement	873.65	3359.13	6191.33	6768.31	8506.55	8402.48	7422.98	6711.61	5912.23	6602.60
Social Security and railroad retirement income	637.71	3101.18	5645.35	6004.78	6750.34	5395.73	4408.08	3569.19	2222.36	3989.53
Pensions and annuities	235.94	257.95	545.97	763.52	1756.21	3006.75	3014.90	3142.42	3689.87	2613.08
Interest, dividends, rental income, other property income	92.89	42.44	235.69	586.12	805.46	1444.35	2159.70	1780.70	5132.70	2446.59
Interest	239.41	87.26	176.57	345.27	483.93	657.51	768.37	600.22	1298.05	759.71
Dividends, royalties, estates, trusts	29.11	30.07	56.84	150.51	316.04	707.84	1370.00	1061.99	3499.39	1552.61
Roomer and boarder income	-186.54	-22.28	2.28	39.22	14.54	48.10	4.75	53.84	132.26	54.12
Other rental income	10.91	-52.61	0.00	51.12	-9.05	30.90	16.59	64.65	203.01	80.15
Unemployment and workers' compensation, veterans'	67.43	46.23	117.19	110.59	192.78	284.91	231.89	278.96	386.58	263.11
Unemployment compensation	54.99	25.58	44.84	78.13	160.37	119.33	145.57	192.73	212.40	155.64
Workers' compensation and veterans' benefits	12.44	20.65	72.35	32.45	32.40	165.58	86.31	86.23	174.18	107.47
Public assistance, supplemental security income, food	595.25	1407.00	1122.80	1037.41	542.31	288.49	314.17	185.76	158.54	414.19
Supplemental security income	145.50	817.19	620.84	583.30	359.25	180.86	185.30	126.46	131.26	254.14
Public assistance	15.18	88.75	55.95	122.45	13.54	4.93	11.79	6.08	3.26	19.91
Food stamps	434.57	501.06	446.00	331.67	169.53	102.71	117.08	53.22	24.02	140.14
Regular contributions for support	277.30	447.59	474.85	291.79	435.67	306.05	458.33	473.45	520.75	446.65
Child support payments	109.28	97.99	132.43	85.18	140.51	97.96	157.05	173.73	152.55	140.20
Other regular contributions including alimony	168.02	349.60	342.42	206.60	295.16	208.09	301.28	299.72	368.21	306.46
Other income	21.33	239.22	272.45	161.52	132.69	166.59	155.09	100.19	101.60	134.84
Meals as pay	0.67	0.33	0.22	0.15	0.60	0.76	0.41	0.55	0.71	0.57
Rent as pay	0.60	22.96	4.44	5.89	2.02	2.62	1.59	5.60	5.74	4.92
Other income	20.06	215.93	267.80	155.48	130.08	163.21	153.09	94.04	95.15	129.35
Personal taxes	553.57	14.60	-76.49	291.18	-49.31	228.92	992.23	1540.63	5876.28	2266.80
Federal income taxes	285.35	-46.18	-179.70	153.50	-192.53	-34.53	576.77	966.66	4311.12	1563.67
Federal income tax deducted	152.52	116.07	73.54	159.27	318.98	575.85	1133.18	1690.50	4216.84	1850.48
Additional federal income tax paid	487.49	20.79	31.51	354.64	82.76	141.68	233.22	269.92	1470.64	600.05
Federal income tax refunds	-354.66	-183.03	-284.75	-360.41	-594.27	-752.07	-789.63	-993.76	-1376.36	-886.86
State and local income taxes	144.06	22.79	18.98	40.66	68.31	98.54	188.91	366.24	1094.63	454.16
State and local income tax deducted	40.77	40.71	29.90	44.16	105.25	150.21	243.44	439.57	1070.56	471.94
Additional state and local income tax paid	135.94	2.15	16.38	33.71	20.34	21.75	40.37	53.21	236.09	100.01
State and local income tax refunds	-32.65	-20.06	-27.30	-37.21	-57.28	-73.42	-94.90	-126.55	-212.02	-117.80
Other taxes	124.16	37.98	84.23	97.03	74.92	164.91	226.55	207.74	470.53	248.97
Personal property taxes	24.60	9.90	13.10	14.74	18.95	29.89	33.93	46.11	86.18	46.57
Other taxes	120.19	30.57	76.95	84.05	71.78	139.42	197.29	169.62	392.13	210.27
Other tax refunds	-20.63	-2.49	-5.81	-1.76	-15.81	-4.40	-4.67	-7.99	-7.78	-7.87
Income after taxes	2645.90	7888.38	12616.83	17190.31	25070.82	34981.15	45094.16	59245.88	127467.52	63628.59
Meals as pay	0.67	0.33	0.22	0.15	0.60	0.76	0.41	0.55	0.71	0.57
Rent as pay	0.60	22.96	4.44	5.89	2.02	2.62	1.59	5.60	5.74	4.92
Income after taxes	2644.63	7865.09	12612.17	17184.27	25068.21	34977.77	45092.16	59239.73	127461.07	63623.10
