1    /* THIS PROGRAM CALCULATES THE WEIGHTED MEANS AND AVERAGES USING        */
2    /* THE SUMMARY VARIABLES FROM THE FMLY FILES BASED ON THE CALENDAR YEAR */
3
4    OPTIONS PS = 59 LS = 80 MPRINT MLOGIC SYMBOLGEN;
5
6    %MACRO SUMVARS;
7
8    /*Enter Data Year*/
9    %LET YEAR4 = 2010;
10   /*Enter location of the unzipped microdata file*/
11   /*Be sure to keep the same file structure as on the CD*/
12   %LET DRIVE = C:\2010_CEX;
13
14
15
16
17     %LET YEAR2 = %SUBSTR(&YEAR4, 3, 2);
18     %LET YR4NEXT = %EVAL(&YEAR4 + 1);
19     %LET YR2NEXT = %SUBSTR(&YR4NEXT, 3, 2);
20     %LET ERRFLG = N;
21
22     /* GET LIST OF FIELDS AVAILABLE FROM THE INPUT FILE */
23     /* REPLACE THIS LIBNAME WITH LIBNAME FOR YOUR DATA LIBRARY */
24
25     LIBNAME INDATA "&DRIVE\INTRVW&YEAR2" ACCESS = READONLY;
26
27     PROC CONTENTS DATA = INDATA.FMLI&YR2NEXT.1 NOPRINT
28                   OUT = INDCONT (KEEP = NAME);
29     RUN;
30
31     DATA INDPQ INDCQ;
32       LENGTH NAME $32;
33       SET INDCONT;
34       NAME = UPCASE(NAME);
35       IF (LEFT(REVERSE(NAME)) =: 'QC') THEN OUTPUT INDCQ;
36       ELSE IF (LEFT(REVERSE(NAME)) =: 'QP') THEN OUTPUT INDPQ;
37     RUN;
38
39     /* GET LIST OF REQUESTED FIELDS FROM THE USER FIELDS FILE */
40     /* REPLACE THIS FILENAME WITH FILENAME FOR YOUR TEXT FILE */
41
42     FILENAME PARFILE "&DRIVE.\Programs\PUSUMVARS.TXT";
43
44     DATA DSUSRFLD;
45       LENGTH ROWLABEL $50;
46       INFILE PARFILE DSD;
47       INPUT NAME : $CHAR32. ROWLABEL;
48       INDENT = VERIFY (NAME, ' ');
49       NAME = LEFT (UPCASE (NAME));
50       ORDER = _N_;
51     RUN;
52
53     DATA DSUSRFLD (DROP = USRNAME)
54          DSUSRPQ (KEEP = NAME)
55          DSUSRCQ (KEEP = NAME);
56       SET DSUSRFLD (RENAME = (NAME = USRNAME));
57       NAME = TRIM(LEFT(USRNAME));
58       OUTPUT DSUSRFLD;
59       NAME = TRIM(LEFT(USRNAME)) || 'PQ';
60       OUTPUT DSUSRPQ;
61       NAME = TRIM(LEFT(USRNAME)) || 'CQ';
62       OUTPUT DSUSRCQ;
63     RUN;
64
65     /* CREATE MACRO LISTS OF INPUT & COMPUTED FIELDS */
66
67     PROC SQL NOPRINT;
68       SELECT NAME INTO : CQVARS SEPARATED BY ' ' FROM DSUSRCQ;
69       SELECT NAME INTO : PQVARS SEPARATED BY ' ' FROM DSUSRPQ;
70       SELECT NAME INTO : COMPVARS SEPARATED BY ' ' FROM DSUSRFLD;
71     QUIT;
72     PROC SORT DATA = DSUSRFLD;
73       BY NAME;
74     RUN;
75
76     PROC SORT DATA = DSUSRPQ;
77       BY NAME;
78     RUN;
79
80     PROC SORT DATA = DSUSRCQ;
81       BY NAME;
82     RUN;
83
84     /* ERROR IF THE SAME FIELD NAME IS REPEATED MORE THAN ONCE IN USER FILE
84 ! */
85
86     DATA DSUSRFLD;
87       SET DSUSRFLD;
88       BY NAME;
89       IF (^ (FIRST.NAME & LAST.NAME)) THEN DO;
90         CALL SYMPUT('ERRFLG', 'Y');
91         PUT 'ERROR: DUPLICATE VARIABLE NAME IN FIELD LIST FILE. ' NAME=;
92       END;
93     RUN;
94
95     /* MATCH FIELDS FROM STUB FILE AGAINST INPUT DATA FIELDS
95 !         */
96     /* IF ANY OF THE REQUESTED FIELDS NOT FOUND IN INPUT DATA GENERATE ERROR
96 ! LISTING */
97     /* OTHERWISE CREATE A FINAL LIST OF EXPENDITURE FIELDS TO PROCESS
97 !         */
98
99     DATA DSPQ;
100      MERGE DSUSRPQ (IN = INUSRPQ)
101            INDPQ (IN = INDPQ);
102      BY NAME;
103      IF (INUSRPQ);
104      IF (INDPQ) THEN OUTPUT DSPQ;
105      ELSE DO;
106        CALL SYMPUT('ERRFLG', 'Y');
107        PUT 'ERROR: REQUESTED VARIABLE NOT FOUND IN INPUT DATASET. ' NAME=;
108      END;
109    RUN;
110
111    DATA DSCQ;
112      MERGE DSUSRCQ (IN = INUSRCQ)
113            INDCQ (IN = INDCQ);
114      BY NAME;
115      IF (INUSRCQ);
116      IF (INDCQ) THEN OUTPUT DSCQ;
117      ELSE DO;
118        CALL SYMPUT('ERRFLG', 'Y');
119        PUT 'ERROR: REQUESTED VARIABLE NOT FOUND IN INPUT DATASET. ' NAME=;
120      END;
121    RUN;
122
123    %IF (&ERRFLG = Y) %THEN %DO;
124      %PUT PROGRAM TERMINATING.;
125      %GOTO EXIT;
126    %END;
127
128    /* THIS STEP PULLS IN THE WEIGHT VARIABLES AND SUMMARY VARIABLES       */
129    /* MO_SCOPE IS USED TO ADJUST THE POPULATION WEIGHTS FOR CALENDAR YEAR */
130    /* SEE DOCUMENTATION, SECTION V. ESTIMATION PROCEDURES - A.1.B.        */
131    /* CALENDAR PERIOD VERSUS COLLECTION PERIOD, FOR MORE INFORMATION.     */
132
133    DATA FMLY (KEEP = NEWID MFNLWT21 FINLWT21 &COMPVARS);
134      SET INDATA.FMLI&YEAR2.1X (IN = IN1)
135          INDATA.FMLI&YEAR2.2 (IN = IN2)
136          INDATA.FMLI&YEAR2.3 (IN = IN3)
137          INDATA.FMLI&YEAR2.4 (IN = IN4)
138          INDATA.FMLI&YR2NEXT.1 (IN = IN5);
139
140      IF (IN1) THEN MO_SCOPE = INPUT(QINTRVMO, 2.) - 1;
141      ELSE IF (IN5) THEN MO_SCOPE = 4 - INPUT(QINTRVMO, 2.);
142      ELSE MO_SCOPE = 3;
143      /* THIS IS THE NEW (CALENDAR-YEAR ADJUSTED) POPULATION WEIGHT TO BE
143! SUMMED FOR TOTAL POP */
144      MFNLWT21 = FINLWT21 * MO_SCOPE / 12;
145
146      /* THIS ARRAY READS IN ALL PQ VARIABLES: EXPENDITURES FROM PREVIOUS
146! QUARTER */
147      ARRAY PQARR (*) &PQVARS;
148      /* THIS ARRAY READS IN ALL CQ VARIABLES: EXPENDITURES FROM CURRENT
148! QUARTER */
149      ARRAY CQARR (*) &CQVARS;
150      /* THIS ARRAY COMPILES THE EXPENDITURE VARIABLES TO MATCH TO THE
150! DESIRED CALENDAR YEAR */
151      ARRAY COMPARR (*) &COMPVARS;
152      DO I = 1 TO DIM(COMPARR);
153        /* IF THE INTERVIEW IS IN THE FIRST QUARTER OF THE DESIRED CALENDAR
153! YEAR,             */
154        /* THEN ALL EXPENDITURES IN THE PREVIOUS QUARTER WILL FALL IN THE
154! LAST CALENDAR YEAR, */
155        /* SO ONLY CURRENT QUARTER EXPENDITURES SHOULD BE INCLUDED.
155!                  */
156        IF (IN1) THEN COMPARR{I} = CQARR{I};
157        /* IF THE INTERVIEW IS IN THE FIFTH QUARTER, THEN ALL CURRENT QUARTER
157!  EXPENDITURES WILL FALL   */
158        /* OUTSIDE THE CURRENT CALENDAR YEAR, SO ONLY PREVIOUS QUARTER
158! EXPENDITURES SHOULD BE INCLUDED */
159        ELSE IF (IN5) THEN COMPARR{I} = PQARR{I};
160        ELSE COMPARR{I} = SUM(PQARR{I}, CQARR{I});
161      END;
162    RUN;
163
164    /* SUM THE CALENDAR YEAR WEIGHTS TO CREATE THE TOTAL POPULATION */
165
166    PROC SUMMARY DATA = FMLY;
167      VAR MFNLWT21;
168      OUTPUT OUT = POP (DROP = _TYPE_ _FREQ_) SUM = TOTPOP;
169    RUN;
170
171    PROC PRINT DATA = POP;
172      TITLE 'TOTAL POPULATION';
173    RUN;
174
175    /* CALCULATE THE WEIGHTED AGGREGATES FOR THE POPULATION */
176
177    PROC SUMMARY DATA = FMLY SUM;
178      VAR &COMPVARS;
179      WEIGHT FINLWT21;
180      OUTPUT OUT = AGG (DROP = _TYPE_ _FREQ_) SUM = &COMPVARS;
181    RUN;
182
183    PROC PRINT DATA = AGG;
184      TITLE 'AGGREGATES';
185    RUN;
186
187    /* CALCULATE THE AVERAGE EXPENDITURE FOR THE SUMMARY VARIABLE OF CHOICE
187! */
188    /* BY DIVIDING THE AGGREGATES BY THE TOTAL POPULATION
188! */
189
190    DATA AVERAGES (DROP = I);
191      SET POP;
192      SET AGG;
193      ARRAY AGGARR (*) &COMPVARS;
194      ARRAY AVGARR (*) &COMPVARS;
195      DO I = 1 TO DIM(AGGARR);
196          AVGARR{I} = AGGARR{I} / TOTPOP;
197      END;
198    RUN;
199
200    /* MERGE WITH THE ROW LABELS AND PRINT THE REPORT */
201
202    PROC TRANSPOSE DATA = AVERAGES OUT = AVERAGES (RENAME = (_NAME_ = NAME
202! COL1 = VALUE));
203    RUN;
204
205    PROC SORT DATA = AVERAGES;
206      BY NAME;
207    RUN;
208
209    DATA DSFINAL;
210      LENGTH NAME $32;
211      MERGE AVERAGES (IN = INAVER)
212            DSUSRFLD (IN = INUSRFLD);
213      BY NAME;
214      IF (INAVER);
215      IF (^ INUSRFLD) THEN DO;
216        ORDER = 0;
217        INDENT = 1;
218        ROWLABEL = 'TOTAL POPULATION';
219      END;
220    RUN;
221
222    PROC SORT DATA = DSFINAL;
223      BY ORDER;
224    RUN;
225
226    DATA _NULL_;
227      FILE PRINT;
228      RETAIN GEN_IND 4;
229      SET DSFINAL;
230      PUT @(GEN_IND + INDENT) ROWLABEL
231          @66 VALUE COMMA14.;
232      TITLE 'ANNUAL AVERAGE EXPENDITURE';
233      TITLE4 ' ';
234    RUN;
235
236    %EXIT:
237
238  %MEND SUMVARS;
239
240  %SUMVARS
MLOGIC(SUMVARS):  Beginning execution.
MLOGIC(SUMVARS):  %LET (variable name is YEAR4)
MLOGIC(SUMVARS):  %LET (variable name is DRIVE)
MLOGIC(SUMVARS):  %LET (variable name is YEAR2)
SYMBOLGEN:  Macro variable YEAR4 resolves to 2010
MLOGIC(SUMVARS):  %LET (variable name is YR4NEXT)
SYMBOLGEN:  Macro variable YEAR4 resolves to 2010
MLOGIC(SUMVARS):  %LET (variable name is YR2NEXT)
SYMBOLGEN:  Macro variable YR4NEXT resolves to 2011
MLOGIC(SUMVARS):  %LET (variable name is ERRFLG)
SYMBOLGEN:  Macro variable DRIVE resolves to C:\2010_CEX
SYMBOLGEN:  Macro variable YEAR2 resolves to 10
MPRINT(SUMVARS):   LIBNAME INDATA "C:\2010_CEX\INTRVW10" ACCESS = READONLY;
NOTE: Libref INDATA was successfully assigned as follows:
      Engine:        V9
      Physical Name: C:\2010_CEX\INTRVW10
SYMBOLGEN:  Macro variable YR2NEXT resolves to 11
NOTE: Data file INDATA.FMLI111.DATA is in a format native to another host or
      the file encoding does not match the session encoding. Cross Environment
      Data Access will be used, which may require additional CPU resources and
      reduce performance.
MPRINT(SUMVARS):   PROC CONTENTS DATA = INDATA.FMLI111 NOPRINT OUT = INDCONT
(KEEP = NAME);
MPRINT(SUMVARS):   RUN;

NOTE: The data set WORK.INDCONT has 896 observations and 1 variables.
NOTE: PROCEDURE CONTENTS used (Total process time):
      real time           0.59 seconds
      cpu time            0.09 seconds


MPRINT(SUMVARS):   DATA INDPQ INDCQ;
MPRINT(SUMVARS):   LENGTH NAME $32;
MPRINT(SUMVARS):   SET INDCONT;
MPRINT(SUMVARS):   NAME = UPCASE(NAME);
MPRINT(SUMVARS):   IF (LEFT(REVERSE(NAME)) =: 'QC') THEN OUTPUT INDCQ;
MPRINT(SUMVARS):   ELSE IF (LEFT(REVERSE(NAME)) =: 'QP') THEN OUTPUT INDPQ;
MPRINT(SUMVARS):   RUN;

NOTE: There were 896 observations read from the data set WORK.INDCONT.
NOTE: The data set WORK.INDPQ has 83 observations and 1 variables.
NOTE: The data set WORK.INDCQ has 83 observations and 1 variables.
NOTE: DATA statement used (Total process time):
      real time           0.23 seconds
      cpu time            0.03 seconds


SYMBOLGEN:  Macro variable DRIVE resolves to C:\2010_CEX
MPRINT(SUMVARS):   FILENAME PARFILE "C:\2010_CEX\Programs\PUSUMVARS.TXT";
MPRINT(SUMVARS):   DATA DSUSRFLD;
MPRINT(SUMVARS):   LENGTH ROWLABEL $50;
MPRINT(SUMVARS):   INFILE PARFILE DSD;
MPRINT(SUMVARS):   INPUT NAME : $CHAR32. ROWLABEL;
MPRINT(SUMVARS):   INDENT = VERIFY (NAME, ' ');
MPRINT(SUMVARS):   NAME = LEFT (UPCASE (NAME));
MPRINT(SUMVARS):   ORDER = _N_;
MPRINT(SUMVARS):   RUN;

NOTE: The infile PARFILE is:
      File Name=C:\2010_CEX\Programs\PUSUMVARS.TXT,
      RECFM=V,LRECL=256

NOTE: 79 records were read from the infile PARFILE.
      The minimum record length was 13.
      The maximum record length was 68.
NOTE: The data set WORK.DSUSRFLD has 79 observations and 4 variables.
NOTE: DATA statement used (Total process time):
      real time           0.06 seconds
      cpu time            0.00 seconds


MPRINT(SUMVARS):   DATA DSUSRFLD (DROP = USRNAME) DSUSRPQ (KEEP = NAME) DSUSRCQ
(KEEP = NAME);
MPRINT(SUMVARS):   SET DSUSRFLD (RENAME = (NAME = USRNAME));
MPRINT(SUMVARS):   NAME = TRIM(LEFT(USRNAME));
MPRINT(SUMVARS):   OUTPUT DSUSRFLD;
MPRINT(SUMVARS):   NAME = TRIM(LEFT(USRNAME)) || 'PQ';
MPRINT(SUMVARS):   OUTPUT DSUSRPQ;
MPRINT(SUMVARS):   NAME = TRIM(LEFT(USRNAME)) || 'CQ';
MPRINT(SUMVARS):   OUTPUT DSUSRCQ;
MPRINT(SUMVARS):   RUN;

NOTE: There were 79 observations read from the data set WORK.DSUSRFLD.
NOTE: The data set WORK.DSUSRFLD has 79 observations and 4 variables.
NOTE: The data set WORK.DSUSRPQ has 79 observations and 1 variables.
NOTE: The data set WORK.DSUSRCQ has 79 observations and 1 variables.
NOTE: DATA statement used (Total process time):
      real time           0.09 seconds
      cpu time            0.03 seconds


MPRINT(SUMVARS):   PROC SQL NOPRINT;
MPRINT(SUMVARS):   SELECT NAME INTO : CQVARS SEPARATED BY ' ' FROM DSUSRCQ;
MPRINT(SUMVARS):   SELECT NAME INTO : PQVARS SEPARATED BY ' ' FROM DSUSRPQ;
MPRINT(SUMVARS):   SELECT NAME INTO : COMPVARS SEPARATED BY ' ' FROM DSUSRFLD;
MPRINT(SUMVARS):   QUIT;
NOTE: PROCEDURE SQL used (Total process time):
      real time           0.26 seconds
      cpu time            0.01 seconds


MPRINT(SUMVARS):   PROC SORT DATA = DSUSRFLD;
MPRINT(SUMVARS):   BY NAME;
MPRINT(SUMVARS):   RUN;

NOTE: There were 79 observations read from the data set WORK.DSUSRFLD.
NOTE: The data set WORK.DSUSRFLD has 79 observations and 4 variables.
NOTE: PROCEDURE SORT used (Total process time):
      real time           0.14 seconds
      cpu time            0.01 seconds


MPRINT(SUMVARS):   PROC SORT DATA = DSUSRPQ;
MPRINT(SUMVARS):   BY NAME;
MPRINT(SUMVARS):   RUN;

NOTE: There were 79 observations read from the data set WORK.DSUSRPQ.
NOTE: The data set WORK.DSUSRPQ has 79 observations and 1 variables.
NOTE: PROCEDURE SORT used (Total process time):
      real time           0.06 seconds
      cpu time            0.01 seconds


MPRINT(SUMVARS):   PROC SORT DATA = DSUSRCQ;
MPRINT(SUMVARS):   BY NAME;
MPRINT(SUMVARS):   RUN;

NOTE: There were 79 observations read from the data set WORK.DSUSRCQ.
NOTE: The data set WORK.DSUSRCQ has 79 observations and 1 variables.
NOTE: PROCEDURE SORT used (Total process time):
      real time           0.04 seconds
      cpu time            0.00 seconds


MPRINT(SUMVARS):   DATA DSUSRFLD;
MPRINT(SUMVARS):   SET DSUSRFLD;
MPRINT(SUMVARS):   BY NAME;
MPRINT(SUMVARS):   IF (^ (FIRST.NAME & LAST.NAME)) THEN DO;
MPRINT(SUMVARS):   CALL SYMPUT('ERRFLG', 'Y');
MPRINT(SUMVARS):   PUT 'ERROR: DUPLICATE VARIABLE NAME IN FIELD LIST FILE. '
NAME=;
MPRINT(SUMVARS):   END;
MPRINT(SUMVARS):   RUN;

NOTE: There were 79 observations read from the data set WORK.DSUSRFLD.
NOTE: The data set WORK.DSUSRFLD has 79 observations and 4 variables.
NOTE: DATA statement used (Total process time):
      real time           0.04 seconds
      cpu time            0.00 seconds


MPRINT(SUMVARS):   DATA DSPQ;
MPRINT(SUMVARS):   MERGE DSUSRPQ (IN = INUSRPQ) INDPQ (IN = INDPQ);
MPRINT(SUMVARS):   BY NAME;
MPRINT(SUMVARS):   IF (INUSRPQ);
MPRINT(SUMVARS):   IF (INDPQ) THEN OUTPUT DSPQ;
MPRINT(SUMVARS):   ELSE DO;
MPRINT(SUMVARS):   CALL SYMPUT('ERRFLG', 'Y');
MPRINT(SUMVARS):   PUT 'ERROR: REQUESTED VARIABLE NOT FOUND IN INPUT DATASET. '
NAME=;
MPRINT(SUMVARS):   END;
MPRINT(SUMVARS):   RUN;

NOTE: There were 79 observations read from the data set WORK.DSUSRPQ.
NOTE: There were 83 observations read from the data set WORK.INDPQ.
NOTE: The data set WORK.DSPQ has 79 observations and 1 variables.
NOTE: DATA statement used (Total process time):
      real time           0.03 seconds
      cpu time            0.01 seconds


MPRINT(SUMVARS):   DATA DSCQ;
MPRINT(SUMVARS):   MERGE DSUSRCQ (IN = INUSRCQ) INDCQ (IN = INDCQ);
MPRINT(SUMVARS):   BY NAME;
MPRINT(SUMVARS):   IF (INUSRCQ);
MPRINT(SUMVARS):   IF (INDCQ) THEN OUTPUT DSCQ;
MPRINT(SUMVARS):   ELSE DO;
MPRINT(SUMVARS):   CALL SYMPUT('ERRFLG', 'Y');
MPRINT(SUMVARS):   PUT 'ERROR: REQUESTED VARIABLE NOT FOUND IN INPUT DATASET. '
NAME=;
MPRINT(SUMVARS):   END;
MPRINT(SUMVARS):   RUN;

NOTE: There were 79 observations read from the data set WORK.DSUSRCQ.
NOTE: There were 83 observations read from the data set WORK.INDCQ.
NOTE: The data set WORK.DSCQ has 79 observations and 1 variables.
NOTE: DATA statement used (Total process time):
      real time           0.03 seconds
      cpu time            0.00 seconds


SYMBOLGEN:  Macro variable ERRFLG resolves to N
MLOGIC(SUMVARS):  %IF condition (&ERRFLG = Y) is FALSE
SYMBOLGEN:  Macro variable COMPVARS resolves to TOTEX4 FOOD FDHOME FDAWAY
            FDXMAP FDMAP ALCBEV HOUS SHELT OWNDWE MRTINT PROPTX MRPINS RENDWE
            RNTXRP RNTAPY OTHLOD UTIL NTLGAS ELCTRC ALLFUL FULOIL OTHFLS TELEPH
            WATRPS HOUSOP DOMSRV DMSXCC BBYDAY OTHHEX HOUSEQ TEXTIL FURNTR
            FLRCVR MAJAPP SMLAPP MISCEQ APPAR MENBOY MENSIX BOYFIF WOMGRL
            WOMSIX GRLFIF CHLDRN FOOTWR OTHAPL TRANS CARTKN CARTKU OTHVEH GASMO
            VEHFIN MAINRP VEHINS PUBTRA VRNTLO TRNTRP TRNOTH HEALTH HLTHIN
            MEDSRV PREDRG MEDSUP ENTERT FEEADM TVRDIO OTHEQP PETTOY OTHENT
            PERSCA READ EDUCA TOBACC MISCX4 CASHCO PERINS LIFINS RETPEN
MPRINT(SUMVARS):   DATA FMLY (KEEP = NEWID MFNLWT21 FINLWT21 TOTEX4 FOOD FDHOME
FDAWAY FDXMAP FDMAP ALCBEV HOUS SHELT OWNDWE MRTINT PROPTX MRPINS RENDWE RNTXRP
RNTAPY OTHLOD UTIL NTLGAS ELCTRC ALLFUL FULOIL OTHFLS TELEPH WATRPS HOUSOP
DOMSRV DMSXCC BBYDAY OTHHEX HOUSEQ TEXTIL FURNTR FLRCVR MAJAPP SMLAPP MISCEQ
APPAR MENBOY MENSIX BOYFIF WOMGRL WOMSIX GRLFIF CHLDRN FOOTWR OTHAPL TRANS
CARTKN CARTKU OTHVEH GASMO VEHFIN MAINRP VEHINS PUBTRA VRNTLO TRNTRP TRNOTH
HEALTH HLTHIN MEDSRV PREDRG MEDSUP ENTERT FEEADM TVRDIO OTHEQP PETTOY OTHENT
PERSCA READ EDUCA TOBACC MISCX4 CASHCO PERINS LIFINS RETPEN);
SYMBOLGEN:  Macro variable YEAR2 resolves to 10
SYMBOLGEN:  Macro variable YEAR2 resolves to 10
SYMBOLGEN:  Macro variable YEAR2 resolves to 10
SYMBOLGEN:  Macro variable YEAR2 resolves to 10
SYMBOLGEN:  Macro variable YR2NEXT resolves to 11
MPRINT(SUMVARS):   SET INDATA.FMLI101X (IN = IN1) INDATA.FMLI102 (IN = IN2)
INDATA.FMLI103 (IN = IN3) INDATA.FMLI104 (IN = IN4) INDATA.FMLI111 (IN = IN5);
NOTE: Data file INDATA.FMLI101X.DATA is in a format native to another host or
      the file encoding does not match the session encoding. Cross Environment
      Data Access will be used, which may require additional CPU resources and
      reduce performance.
NOTE: Data file INDATA.FMLI102.DATA is in a format native to another host or
      the file encoding does not match the session encoding. Cross Environment
      Data Access will be used, which may require additional CPU resources and
      reduce performance.
NOTE: Data file INDATA.FMLI103.DATA is in a format native to another host or
      the file encoding does not match the session encoding. Cross Environment
      Data Access will be used, which may require additional CPU resources and
      reduce performance.
NOTE: Data file INDATA.FMLI104.DATA is in a format native to another host or
      the file encoding does not match the session encoding. Cross Environment
      Data Access will be used, which may require additional CPU resources and
      reduce performance.
NOTE: Data file INDATA.FMLI111.DATA is in a format native to another host or
      the file encoding does not match the session encoding. Cross Environment
      Data Access will be used, which may require additional CPU resources and
      reduce performance.
MPRINT(SUMVARS):   IF (IN1) THEN MO_SCOPE = INPUT(QINTRVMO, 2.) - 1;
MPRINT(SUMVARS):   ELSE IF (IN5) THEN MO_SCOPE = 4 - INPUT(QINTRVMO, 2.);
MPRINT(SUMVARS):   ELSE MO_SCOPE = 3;
MPRINT(SUMVARS):   MFNLWT21 = FINLWT21 * MO_SCOPE / 12;
SYMBOLGEN:  Macro variable PQVARS resolves to TOTEX4PQ FOODPQ FDHOMEPQ FDAWAYPQ
            FDXMAPPQ FDMAPPQ ALCBEVPQ HOUSPQ SHELTPQ OWNDWEPQ MRTINTPQ PROPTXPQ
            MRPINSPQ RENDWEPQ RNTXRPPQ RNTAPYPQ OTHLODPQ UTILPQ NTLGASPQ
            ELCTRCPQ ALLFULPQ FULOILPQ OTHFLSPQ TELEPHPQ WATRPSPQ HOUSOPPQ
            DOMSRVPQ DMSXCCPQ BBYDAYPQ OTHHEXPQ HOUSEQPQ TEXTILPQ FURNTRPQ
            FLRCVRPQ MAJAPPPQ SMLAPPPQ MISCEQPQ APPARPQ MENBOYPQ MENSIXPQ
            BOYFIFPQ WOMGRLPQ WOMSIXPQ GRLFIFPQ CHLDRNPQ FOOTWRPQ OTHAPLPQ
            TRANSPQ CARTKNPQ CARTKUPQ OTHVEHPQ GASMOPQ VEHFINPQ MAINRPPQ
            VEHINSPQ PUBTRAPQ VRNTLOPQ TRNTRPPQ TRNOTHPQ HEALTHPQ HLTHINPQ
            MEDSRVPQ PREDRGPQ MEDSUPPQ ENTERTPQ FEEADMPQ TVRDIOPQ OTHEQPPQ
            PETTOYPQ OTHENTPQ PERSCAPQ READPQ EDUCAPQ TOBACCPQ MISCX4PQ
            CASHCOPQ PERINSPQ LIFINSPQ RETPENPQ
MPRINT(SUMVARS):   ARRAY PQARR (*) TOTEX4PQ FOODPQ FDHOMEPQ FDAWAYPQ FDXMAPPQ
FDMAPPQ ALCBEVPQ HOUSPQ SHELTPQ OWNDWEPQ MRTINTPQ PROPTXPQ MRPINSPQ RENDWEPQ
RNTXRPPQ RNTAPYPQ OTHLODPQ UTILPQ NTLGASPQ ELCTRCPQ ALLFULPQ FULOILPQ OTHFLSPQ
TELEPHPQ WATRPSPQ HOUSOPPQ DOMSRVPQ DMSXCCPQ BBYDAYPQ OTHHEXPQ HOUSEQPQ
TEXTILPQ FURNTRPQ FLRCVRPQ MAJAPPPQ SMLAPPPQ MISCEQPQ APPARPQ MENBOYPQ MENSIXPQ
BOYFIFPQ WOMGRLPQ WOMSIXPQ GRLFIFPQ CHLDRNPQ FOOTWRPQ OTHAPLPQ TRANSPQ CARTKNPQ
CARTKUPQ OTHVEHPQ GASMOPQ VEHFINPQ MAINRPPQ VEHINSPQ PUBTRAPQ VRNTLOPQ TRNTRPPQ
TRNOTHPQ HEALTHPQ HLTHINPQ MEDSRVPQ PREDRGPQ MEDSUPPQ ENTERTPQ FEEADMPQ
TVRDIOPQ OTHEQPPQ PETTOYPQ OTHENTPQ PERSCAPQ READPQ EDUCAPQ TOBACCPQ MISCX4PQ
CASHCOPQ PERINSPQ LIFINSPQ RETPENPQ;
SYMBOLGEN:  Macro variable CQVARS resolves to TOTEX4CQ FOODCQ FDHOMECQ FDAWAYCQ
            FDXMAPCQ FDMAPCQ ALCBEVCQ HOUSCQ SHELTCQ OWNDWECQ MRTINTCQ PROPTXCQ
            MRPINSCQ RENDWECQ RNTXRPCQ RNTAPYCQ OTHLODCQ UTILCQ NTLGASCQ
            ELCTRCCQ ALLFULCQ FULOILCQ OTHFLSCQ TELEPHCQ WATRPSCQ HOUSOPCQ
            DOMSRVCQ DMSXCCCQ BBYDAYCQ OTHHEXCQ HOUSEQCQ TEXTILCQ FURNTRCQ
            FLRCVRCQ MAJAPPCQ SMLAPPCQ MISCEQCQ APPARCQ MENBOYCQ MENSIXCQ
            BOYFIFCQ WOMGRLCQ WOMSIXCQ GRLFIFCQ CHLDRNCQ FOOTWRCQ OTHAPLCQ
            TRANSCQ CARTKNCQ CARTKUCQ OTHVEHCQ GASMOCQ VEHFINCQ MAINRPCQ
            VEHINSCQ PUBTRACQ VRNTLOCQ TRNTRPCQ TRNOTHCQ HEALTHCQ HLTHINCQ
            MEDSRVCQ PREDRGCQ MEDSUPCQ ENTERTCQ FEEADMCQ TVRDIOCQ OTHEQPCQ
            PETTOYCQ OTHENTCQ PERSCACQ READCQ EDUCACQ TOBACCCQ MISCX4CQ
            CASHCOCQ PERINSCQ LIFINSCQ RETPENCQ
MPRINT(SUMVARS):   ARRAY CQARR (*) TOTEX4CQ FOODCQ FDHOMECQ FDAWAYCQ FDXMAPCQ
FDMAPCQ ALCBEVCQ HOUSCQ SHELTCQ OWNDWECQ MRTINTCQ PROPTXCQ MRPINSCQ RENDWECQ
RNTXRPCQ RNTAPYCQ OTHLODCQ UTILCQ NTLGASCQ ELCTRCCQ ALLFULCQ FULOILCQ OTHFLSCQ
TELEPHCQ WATRPSCQ HOUSOPCQ DOMSRVCQ DMSXCCCQ BBYDAYCQ OTHHEXCQ HOUSEQCQ
TEXTILCQ FURNTRCQ FLRCVRCQ MAJAPPCQ SMLAPPCQ MISCEQCQ APPARCQ MENBOYCQ MENSIXCQ
BOYFIFCQ WOMGRLCQ WOMSIXCQ GRLFIFCQ CHLDRNCQ FOOTWRCQ OTHAPLCQ TRANSCQ CARTKNCQ
CARTKUCQ OTHVEHCQ GASMOCQ VEHFINCQ MAINRPCQ VEHINSCQ PUBTRACQ VRNTLOCQ TRNTRPCQ
TRNOTHCQ HEALTHCQ HLTHINCQ MEDSRVCQ PREDRGCQ MEDSUPCQ ENTERTCQ FEEADMCQ
TVRDIOCQ OTHEQPCQ PETTOYCQ OTHENTCQ PERSCACQ READCQ EDUCACQ TOBACCCQ MISCX4CQ
CASHCOCQ PERINSCQ LIFINSCQ RETPENCQ;
SYMBOLGEN:  Macro variable COMPVARS resolves to TOTEX4 FOOD FDHOME FDAWAY
            FDXMAP FDMAP ALCBEV HOUS SHELT OWNDWE MRTINT PROPTX MRPINS RENDWE
            RNTXRP RNTAPY OTHLOD UTIL NTLGAS ELCTRC ALLFUL FULOIL OTHFLS TELEPH
            WATRPS HOUSOP DOMSRV DMSXCC BBYDAY OTHHEX HOUSEQ TEXTIL FURNTR
            FLRCVR MAJAPP SMLAPP MISCEQ APPAR MENBOY MENSIX BOYFIF WOMGRL
            WOMSIX GRLFIF CHLDRN FOOTWR OTHAPL TRANS CARTKN CARTKU OTHVEH GASMO
            VEHFIN MAINRP VEHINS PUBTRA VRNTLO TRNTRP TRNOTH HEALTH HLTHIN
            MEDSRV PREDRG MEDSUP ENTERT FEEADM TVRDIO OTHEQP PETTOY OTHENT
            PERSCA READ EDUCA TOBACC MISCX4 CASHCO PERINS LIFINS RETPEN
MPRINT(SUMVARS):   ARRAY COMPARR (*) TOTEX4 FOOD FDHOME FDAWAY FDXMAP FDMAP
ALCBEV HOUS SHELT OWNDWE MRTINT PROPTX MRPINS RENDWE RNTXRP RNTAPY OTHLOD UTIL
NTLGAS ELCTRC ALLFUL FULOIL OTHFLS TELEPH WATRPS HOUSOP DOMSRV DMSXCC BBYDAY
OTHHEX HOUSEQ TEXTIL FURNTR FLRCVR MAJAPP SMLAPP MISCEQ APPAR MENBOY MENSIX
BOYFIF WOMGRL WOMSIX GRLFIF CHLDRN FOOTWR OTHAPL TRANS CARTKN CARTKU OTHVEH
GASMO VEHFIN MAINRP VEHINS PUBTRA VRNTLO TRNTRP TRNOTH HEALTH HLTHIN MEDSRV
PREDRG MEDSUP ENTERT FEEADM TVRDIO OTHEQP PETTOY OTHENT PERSCA READ EDUCA
TOBACC MISCX4 CASHCO PERINS LIFINS RETPEN;
MPRINT(SUMVARS):   DO I = 1 TO DIM(COMPARR);
MPRINT(SUMVARS):   IF (IN1) THEN COMPARR{I} = CQARR{I};
MPRINT(SUMVARS):   ELSE IF (IN5) THEN COMPARR{I} = PQARR{I};
MPRINT(SUMVARS):   ELSE COMPARR{I} = SUM(PQARR{I}, CQARR{I});
MPRINT(SUMVARS):   END;
MPRINT(SUMVARS):   RUN;

NOTE: There were 7198 observations read from the data set INDATA.FMLI101X.
NOTE: There were 7135 observations read from the data set INDATA.FMLI102.
NOTE: There were 7059 observations read from the data set INDATA.FMLI103.
NOTE: There were 7037 observations read from the data set INDATA.FMLI104.
NOTE: There were 6869 observations read from the data set INDATA.FMLI111.
NOTE: The data set WORK.FMLY has 35298 observations and 82 variables.
NOTE: DATA statement used (Total process time):
      real time           6.95 seconds
      cpu time            1.92 seconds


MPRINT(SUMVARS):   PROC SUMMARY DATA = FMLY;
MPRINT(SUMVARS):   VAR MFNLWT21;
MPRINT(SUMVARS):   OUTPUT OUT = POP (DROP = _TYPE_ _FREQ_) SUM = TOTPOP;
MPRINT(SUMVARS):   RUN;

NOTE: There were 35298 observations read from the data set WORK.FMLY.
NOTE: The data set WORK.POP has 1 observations and 1 variables.
NOTE: PROCEDURE SUMMARY used (Total process time):
      real time           0.32 seconds
      cpu time            0.03 seconds


MPRINT(SUMVARS):   PROC PRINT DATA = POP;
MPRINT(SUMVARS):   TITLE 'TOTAL POPULATION';
MPRINT(SUMVARS):   RUN;
NOTE: There were 1 observations read from the data set WORK.POP.
NOTE: PROCEDURE PRINT used (Total process time):
      real time           0.09 seconds
      cpu time            0.01 seconds


MPRINT(SUMVARS):   PROC SUMMARY DATA = FMLY SUM;
SYMBOLGEN:  Macro variable COMPVARS resolves to TOTEX4 FOOD FDHOME FDAWAY
            FDXMAP FDMAP ALCBEV HOUS SHELT OWNDWE MRTINT PROPTX MRPINS RENDWE
            RNTXRP RNTAPY OTHLOD UTIL NTLGAS ELCTRC ALLFUL FULOIL OTHFLS TELEPH
            WATRPS HOUSOP DOMSRV DMSXCC BBYDAY OTHHEX HOUSEQ TEXTIL FURNTR
            FLRCVR MAJAPP SMLAPP MISCEQ APPAR MENBOY MENSIX BOYFIF WOMGRL
            WOMSIX GRLFIF CHLDRN FOOTWR OTHAPL TRANS CARTKN CARTKU OTHVEH GASMO
            VEHFIN MAINRP VEHINS PUBTRA VRNTLO TRNTRP TRNOTH HEALTH HLTHIN
            MEDSRV PREDRG MEDSUP ENTERT FEEADM TVRDIO OTHEQP PETTOY OTHENT
            PERSCA READ EDUCA TOBACC MISCX4 CASHCO PERINS LIFINS RETPEN
MPRINT(SUMVARS):   VAR TOTEX4 FOOD FDHOME FDAWAY FDXMAP FDMAP ALCBEV HOUS SHELT
OWNDWE MRTINT PROPTX MRPINS RENDWE RNTXRP RNTAPY OTHLOD UTIL NTLGAS ELCTRC
ALLFUL FULOIL OTHFLS TELEPH WATRPS HOUSOP DOMSRV DMSXCC BBYDAY OTHHEX HOUSEQ
TEXTIL FURNTR FLRCVR MAJAPP SMLAPP MISCEQ APPAR MENBOY MENSIX BOYFIF WOMGRL
WOMSIX GRLFIF CHLDRN FOOTWR OTHAPL TRANS CARTKN CARTKU OTHVEH GASMO VEHFIN
MAINRP VEHINS PUBTRA VRNTLO TRNTRP TRNOTH HEALTH HLTHIN MEDSRV PREDRG MEDSUP
ENTERT FEEADM TVRDIO OTHEQP PETTOY OTHENT PERSCA READ EDUCA TOBACC MISCX4
CASHCO PERINS LIFINS RETPEN;
MPRINT(SUMVARS):   WEIGHT FINLWT21;
SYMBOLGEN:  Macro variable COMPVARS resolves to TOTEX4 FOOD FDHOME FDAWAY
            FDXMAP FDMAP ALCBEV HOUS SHELT OWNDWE MRTINT PROPTX MRPINS RENDWE
            RNTXRP RNTAPY OTHLOD UTIL NTLGAS ELCTRC ALLFUL FULOIL OTHFLS TELEPH
            WATRPS HOUSOP DOMSRV DMSXCC BBYDAY OTHHEX HOUSEQ TEXTIL FURNTR
            FLRCVR MAJAPP SMLAPP MISCEQ APPAR MENBOY MENSIX BOYFIF WOMGRL
            WOMSIX GRLFIF CHLDRN FOOTWR OTHAPL TRANS CARTKN CARTKU OTHVEH GASMO
            VEHFIN MAINRP VEHINS PUBTRA VRNTLO TRNTRP TRNOTH HEALTH HLTHIN
            MEDSRV PREDRG MEDSUP ENTERT FEEADM TVRDIO OTHEQP PETTOY OTHENT
            PERSCA READ EDUCA TOBACC MISCX4 CASHCO PERINS LIFINS RETPEN
MPRINT(SUMVARS):   OUTPUT OUT = AGG (DROP = _TYPE_ _FREQ_) SUM = TOTEX4 FOOD
FDHOME FDAWAY FDXMAP FDMAP ALCBEV HOUS SHELT OWNDWE MRTINT PROPTX MRPINS RENDWE
RNTXRP RNTAPY OTHLOD UTIL NTLGAS ELCTRC ALLFUL FULOIL OTHFLS TELEPH WATRPS
HOUSOP DOMSRV DMSXCC BBYDAY OTHHEX HOUSEQ TEXTIL FURNTR FLRCVR MAJAPP SMLAPP
MISCEQ APPAR MENBOY MENSIX BOYFIF WOMGRL WOMSIX GRLFIF CHLDRN FOOTWR OTHAPL
TRANS CARTKN CARTKU OTHVEH GASMO VEHFIN MAINRP VEHINS PUBTRA VRNTLO TRNTRP
TRNOTH HEALTH HLTHIN MEDSRV PREDRG MEDSUP ENTERT FEEADM TVRDIO OTHEQP PETTOY
OTHENT PERSCA READ EDUCA TOBACC MISCX4 CASHCO PERINS LIFINS RETPEN;
MPRINT(SUMVARS):   RUN;

NOTE: There were 35298 observations read from the data set WORK.FMLY.
NOTE: The data set WORK.AGG has 1 observations and 79 variables.
NOTE: PROCEDURE SUMMARY used (Total process time):
      real time           0.09 seconds
      cpu time            0.14 seconds


MPRINT(SUMVARS):   PROC PRINT DATA = AGG;
MPRINT(SUMVARS):   TITLE 'AGGREGATES';
MPRINT(SUMVARS):   RUN;
NOTE: There were 1 observations read from the data set WORK.AGG.
NOTE: PROCEDURE PRINT used (Total process time):
      real time           0.01 seconds
      cpu time            0.00 seconds


MPRINT(SUMVARS):   DATA AVERAGES (DROP = I);
MPRINT(SUMVARS):   SET POP;
MPRINT(SUMVARS):   SET AGG;
SYMBOLGEN:  Macro variable COMPVARS resolves to TOTEX4 FOOD FDHOME FDAWAY
            FDXMAP FDMAP ALCBEV HOUS SHELT OWNDWE MRTINT PROPTX MRPINS RENDWE
            RNTXRP RNTAPY OTHLOD UTIL NTLGAS ELCTRC ALLFUL FULOIL OTHFLS TELEPH
            WATRPS HOUSOP DOMSRV DMSXCC BBYDAY OTHHEX HOUSEQ TEXTIL FURNTR
            FLRCVR MAJAPP SMLAPP MISCEQ APPAR MENBOY MENSIX BOYFIF WOMGRL
            WOMSIX GRLFIF CHLDRN FOOTWR OTHAPL TRANS CARTKN CARTKU OTHVEH GASMO
            VEHFIN MAINRP VEHINS PUBTRA VRNTLO TRNTRP TRNOTH HEALTH HLTHIN
            MEDSRV PREDRG MEDSUP ENTERT FEEADM TVRDIO OTHEQP PETTOY OTHENT
            PERSCA READ EDUCA TOBACC MISCX4 CASHCO PERINS LIFINS RETPEN
MPRINT(SUMVARS):   ARRAY AGGARR (*) TOTEX4 FOOD FDHOME FDAWAY FDXMAP FDMAP
ALCBEV HOUS SHELT OWNDWE MRTINT PROPTX MRPINS RENDWE RNTXRP RNTAPY OTHLOD UTIL
NTLGAS ELCTRC ALLFUL FULOIL OTHFLS TELEPH WATRPS HOUSOP DOMSRV DMSXCC BBYDAY
OTHHEX HOUSEQ TEXTIL FURNTR FLRCVR MAJAPP SMLAPP MISCEQ APPAR MENBOY MENSIX
BOYFIF WOMGRL WOMSIX GRLFIF CHLDRN FOOTWR OTHAPL TRANS CARTKN CARTKU OTHVEH
GASMO VEHFIN MAINRP VEHINS PUBTRA VRNTLO TRNTRP TRNOTH HEALTH HLTHIN MEDSRV
PREDRG MEDSUP ENTERT FEEADM TVRDIO OTHEQP PETTOY OTHENT PERSCA READ EDUCA
TOBACC MISCX4 CASHCO PERINS LIFINS RETPEN;
SYMBOLGEN:  Macro variable COMPVARS resolves to TOTEX4 FOOD FDHOME FDAWAY
            FDXMAP FDMAP ALCBEV HOUS SHELT OWNDWE MRTINT PROPTX MRPINS RENDWE
            RNTXRP RNTAPY OTHLOD UTIL NTLGAS ELCTRC ALLFUL FULOIL OTHFLS TELEPH
            WATRPS HOUSOP DOMSRV DMSXCC BBYDAY OTHHEX HOUSEQ TEXTIL FURNTR
            FLRCVR MAJAPP SMLAPP MISCEQ APPAR MENBOY MENSIX BOYFIF WOMGRL
            WOMSIX GRLFIF CHLDRN FOOTWR OTHAPL TRANS CARTKN CARTKU OTHVEH GASMO
            VEHFIN MAINRP VEHINS PUBTRA VRNTLO TRNTRP TRNOTH HEALTH HLTHIN
            MEDSRV PREDRG MEDSUP ENTERT FEEADM TVRDIO OTHEQP PETTOY OTHENT
            PERSCA READ EDUCA TOBACC MISCX4 CASHCO PERINS LIFINS RETPEN
MPRINT(SUMVARS):   ARRAY AVGARR (*) TOTEX4 FOOD FDHOME FDAWAY FDXMAP FDMAP
ALCBEV HOUS SHELT OWNDWE MRTINT PROPTX MRPINS RENDWE RNTXRP RNTAPY OTHLOD UTIL
NTLGAS ELCTRC ALLFUL FULOIL OTHFLS TELEPH WATRPS HOUSOP DOMSRV DMSXCC BBYDAY
OTHHEX HOUSEQ TEXTIL FURNTR FLRCVR MAJAPP SMLAPP MISCEQ APPAR MENBOY MENSIX
BOYFIF WOMGRL WOMSIX GRLFIF CHLDRN FOOTWR OTHAPL TRANS CARTKN CARTKU OTHVEH
GASMO VEHFIN MAINRP VEHINS PUBTRA VRNTLO TRNTRP TRNOTH HEALTH HLTHIN MEDSRV
PREDRG MEDSUP ENTERT FEEADM TVRDIO OTHEQP PETTOY OTHENT PERSCA READ EDUCA
TOBACC MISCX4 CASHCO PERINS LIFINS RETPEN;
MPRINT(SUMVARS):   DO I = 1 TO DIM(AGGARR);
MPRINT(SUMVARS):   AVGARR{I} = AGGARR{I} / TOTPOP;
MPRINT(SUMVARS):   END;
MPRINT(SUMVARS):   RUN;

NOTE: There were 1 observations read from the data set WORK.POP.
NOTE: There were 1 observations read from the data set WORK.AGG.
NOTE: The data set WORK.AVERAGES has 1 observations and 80 variables.
NOTE: DATA statement used (Total process time):
      real time           0.04 seconds
      cpu time            0.03 seconds


MPRINT(SUMVARS):   PROC TRANSPOSE DATA = AVERAGES OUT = AVERAGES (RENAME =
(_NAME_ = NAME COL1 = VALUE));
MPRINT(SUMVARS):   RUN;

NOTE: There were 1 observations read from the data set WORK.AVERAGES.
NOTE: The data set WORK.AVERAGES has 80 observations and 2 variables.
NOTE: PROCEDURE TRANSPOSE used (Total process time):
      real time           0.07 seconds
      cpu time            0.01 seconds


MPRINT(SUMVARS):   PROC SORT DATA = AVERAGES;
MPRINT(SUMVARS):   BY NAME;
MPRINT(SUMVARS):   RUN;

NOTE: There were 80 observations read from the data set WORK.AVERAGES.
NOTE: The data set WORK.AVERAGES has 80 observations and 2 variables.
NOTE: PROCEDURE SORT used (Total process time):
      real time           0.03 seconds
      cpu time            0.01 seconds


MPRINT(SUMVARS):   DATA DSFINAL;
MPRINT(SUMVARS):   LENGTH NAME $32;
MPRINT(SUMVARS):   MERGE AVERAGES (IN = INAVER) DSUSRFLD (IN = INUSRFLD);
MPRINT(SUMVARS):   BY NAME;
MPRINT(SUMVARS):   IF (INAVER);
MPRINT(SUMVARS):   IF (^ INUSRFLD) THEN DO;
MPRINT(SUMVARS):   ORDER = 0;
MPRINT(SUMVARS):   INDENT = 1;
MPRINT(SUMVARS):   ROWLABEL = 'TOTAL POPULATION';
MPRINT(SUMVARS):   END;
MPRINT(SUMVARS):   RUN;

NOTE: There were 80 observations read from the data set WORK.AVERAGES.
NOTE: There were 79 observations read from the data set WORK.DSUSRFLD.
NOTE: The data set WORK.DSFINAL has 80 observations and 5 variables.
NOTE: DATA statement used (Total process time):
      real time           0.03 seconds
      cpu time            0.00 seconds


MPRINT(SUMVARS):   PROC SORT DATA = DSFINAL;
MPRINT(SUMVARS):   BY ORDER;
MPRINT(SUMVARS):   RUN;

NOTE: There were 80 observations read from the data set WORK.DSFINAL.
NOTE: The data set WORK.DSFINAL has 80 observations and 5 variables.
NOTE: PROCEDURE SORT used (Total process time):
      real time           0.03 seconds
      cpu time            0.00 seconds


MPRINT(SUMVARS):   DATA _NULL_;
MPRINT(SUMVARS):   FILE PRINT;
MPRINT(SUMVARS):   RETAIN GEN_IND 4;
MPRINT(SUMVARS):   SET DSFINAL;
MPRINT(SUMVARS):   PUT @(GEN_IND + INDENT) ROWLABEL @66 VALUE COMMA14.;
MPRINT(SUMVARS):   TITLE 'ANNUAL AVERAGE EXPENDITURE';
MPRINT(SUMVARS):   TITLE4 ' ';
MPRINT(SUMVARS):   RUN;

NOTE: 80 lines were written to file PRINT.
NOTE: There were 80 observations read from the data set WORK.DSFINAL.
NOTE: DATA statement used (Total process time):
      real time           0.03 seconds
      cpu time            0.00 seconds


MLOGIC(SUMVARS):  Ending execution.

