2463  /* THIS PROGRAM CALCULATES THE WEIGHTED MEANS AND AVERAGES USING        */
2464  /* THE SUMMARY VARIABLES FROM THE FMLY FILES BASED ON THE CALENDAR YEAR */
2465
2466  OPTIONS PS = 59 LS = 80 MPRINT MLOGIC SYMBOLGEN;
2467
2468  %MACRO SUMVARS;
2469
2470  /*Enter Data Year*/
2471  %LET YEAR4 = 2011;
2472  /*Enter location of the unzipped microdata file*/
2473  /*Be sure to keep the same file structure as found online*/
2474  %LET DRIVE = C:\2011_CEX;
2475
2476
2477
2478
2479    %LET YEAR2 = %SUBSTR(&YEAR4, 3, 2);
2480    %LET YR4NEXT = %EVAL(&YEAR4 + 1);
2481    %LET YR2NEXT = %SUBSTR(&YR4NEXT, 3, 2);
2482    %LET ERRFLG = N;
2483
2484    /* GET LIST OF FIELDS AVAILABLE FROM THE INPUT FILE */
2485    /* REPLACE THIS LIBNAME WITH LIBNAME FOR YOUR DATA LIBRARY */
2486
2487    LIBNAME INDATA "&DRIVE\INTRVW&YEAR2" ACCESS = READONLY;
2488
2489    PROC CONTENTS DATA = INDATA.FMLI&YR2NEXT.1 NOPRINT
2490                  OUT = INDCONT (KEEP = NAME);
2491    RUN;
2492
2493    DATA INDPQ INDCQ;
2494      LENGTH NAME $32;
2495      SET INDCONT;
2496      NAME = UPCASE(NAME);
2497      IF (LEFT(REVERSE(NAME)) =: 'QC') THEN OUTPUT INDCQ;
2498      ELSE IF (LEFT(REVERSE(NAME)) =: 'QP') THEN OUTPUT INDPQ;
2499    RUN;
2500
2501    /* GET LIST OF REQUESTED FIELDS FROM THE USER FIELDS FILE */
2502    /* REPLACE THIS FILENAME WITH FILENAME FOR YOUR TEXT FILE */
2503
2504    FILENAME PARFILE "&DRIVE.\Programs\PUSUMVARS.TXT";
2505
2506    DATA DSUSRFLD;
2507      LENGTH ROWLABEL $50;
2508      INFILE PARFILE DSD;
2509      INPUT NAME : $CHAR32. ROWLABEL;
2510      INDENT = VERIFY (NAME, ' ');
2511      NAME = LEFT (UPCASE (NAME));
2512      ORDER = _N_;
2513    RUN;
2514
2515    DATA DSUSRFLD (DROP = USRNAME)
2516         DSUSRPQ (KEEP = NAME)
2517         DSUSRCQ (KEEP = NAME);
2518      SET DSUSRFLD (RENAME = (NAME = USRNAME));
2519      NAME = TRIM(LEFT(USRNAME));
2520      OUTPUT DSUSRFLD;
2521      NAME = TRIM(LEFT(USRNAME)) || 'PQ';
2522      OUTPUT DSUSRPQ;
2523      NAME = TRIM(LEFT(USRNAME)) || 'CQ';
2524      OUTPUT DSUSRCQ;
2525    RUN;
2526
2527    /* CREATE MACRO LISTS OF INPUT & COMPUTED FIELDS */
2528
2529    PROC SQL NOPRINT;
2530      SELECT NAME INTO : CQVARS SEPARATED BY ' ' FROM DSUSRCQ;
2531      SELECT NAME INTO : PQVARS SEPARATED BY ' ' FROM DSUSRPQ;
2532      SELECT NAME INTO : COMPVARS SEPARATED BY ' ' FROM DSUSRFLD;
2533    QUIT;
2534    PROC SORT DATA = DSUSRFLD;
2535      BY NAME;
2536    RUN;
2537
2538    PROC SORT DATA = DSUSRPQ;
2539      BY NAME;
2540    RUN;
2541
2542    PROC SORT DATA = DSUSRCQ;
2543      BY NAME;
2544    RUN;
2545
2546    /* ERROR IF THE SAME FIELD NAME IS REPEATED MORE THAN ONCE IN USER FILE
2546! */
2547
2548    DATA DSUSRFLD;
2549      SET DSUSRFLD;
2550      BY NAME;
2551      IF (^ (FIRST.NAME & LAST.NAME)) THEN DO;
2552        CALL SYMPUT('ERRFLG', 'Y');
2553        PUT 'ERROR: DUPLICATE VARIABLE NAME IN FIELD LIST FILE. ' NAME=;
2554      END;
2555    RUN;
2556
2557    /* MATCH FIELDS FROM STUB FILE AGAINST INPUT DATA FIELDS
2557!          */
2558    /* IF ANY OF THE REQUESTED FIELDS NOT FOUND IN INPUT DATA GENERATE ERROR
2558!  LISTING */
2559    /* OTHERWISE CREATE A FINAL LIST OF EXPENDITURE FIELDS TO PROCESS
2559!          */
2560
2561    DATA DSPQ;
2562      MERGE DSUSRPQ (IN = INUSRPQ)
2563            INDPQ (IN = INDPQ);
2564      BY NAME;
2565      IF (INUSRPQ);
2566      IF (INDPQ) THEN OUTPUT DSPQ;
2567      ELSE DO;
2568        CALL SYMPUT('ERRFLG', 'Y');
2569        PUT 'ERROR: REQUESTED VARIABLE NOT FOUND IN INPUT DATASET. ' NAME=;
2570      END;
2571    RUN;
2572
2573    DATA DSCQ;
2574      MERGE DSUSRCQ (IN = INUSRCQ)
2575            INDCQ (IN = INDCQ);
2576      BY NAME;
2577      IF (INUSRCQ);
2578      IF (INDCQ) THEN OUTPUT DSCQ;
2579      ELSE DO;
2580        CALL SYMPUT('ERRFLG', 'Y');
2581        PUT 'ERROR: REQUESTED VARIABLE NOT FOUND IN INPUT DATASET. ' NAME=;
2582      END;
2583    RUN;
2584
2585    %IF (&ERRFLG = Y) %THEN %DO;
2586      %PUT PROGRAM TERMINATING.;
2587      %GOTO EXIT;
2588    %END;
2589
2590    /* THIS STEP PULLS IN THE WEIGHT VARIABLES AND SUMMARY VARIABLES
2590! */
2591    /* MO_SCOPE IS USED TO ADJUST THE POPULATION WEIGHTS FOR CALENDAR YEAR
2591! */
2592    /* SEE DOCUMENTATION, SECTION V. ESTIMATION PROCEDURES - A.1.B.
2592! */
2593    /* CALENDAR PERIOD VERSUS COLLECTION PERIOD, FOR MORE INFORMATION.
2593! */
2594
2595    DATA FMLY (KEEP = NEWID MFNLWT21 FINLWT21 &COMPVARS);
2596      SET INDATA.FMLI&YEAR2.1X (IN = IN1)
2597          INDATA.FMLI&YEAR2.2 (IN = IN2)
2598          INDATA.FMLI&YEAR2.3 (IN = IN3)
2599          INDATA.FMLI&YEAR2.4 (IN = IN4)
2600          INDATA.FMLI&YR2NEXT.1 (IN = IN5);
2601
2602      IF (IN1) THEN MO_SCOPE = INPUT(QINTRVMO, 2.) - 1;
2603      ELSE IF (IN5) THEN MO_SCOPE = 4 - INPUT(QINTRVMO, 2.);
2604      ELSE MO_SCOPE = 3;
2605      /* THIS IS THE NEW (CALENDAR-YEAR ADJUSTED) POPULATION WEIGHT TO BE
2605! SUMMED FOR TOTAL POP */
2606      MFNLWT21 = FINLWT21 * MO_SCOPE / 12;
2607
2608      /* THIS ARRAY READS IN ALL PQ VARIABLES: EXPENDITURES FROM PREVIOUS
2608! QUARTER */
2609      ARRAY PQARR (*) &PQVARS;
2610      /* THIS ARRAY READS IN ALL CQ VARIABLES: EXPENDITURES FROM CURRENT
2610! QUARTER */
2611      ARRAY CQARR (*) &CQVARS;
2612      /* THIS ARRAY COMPILES THE EXPENDITURE VARIABLES TO MATCH TO THE
2612! DESIRED CALENDAR YEAR */
2613      ARRAY COMPARR (*) &COMPVARS;
2614      DO I = 1 TO DIM(COMPARR);
2615        /* IF THE INTERVIEW IS IN THE FIRST QUARTER OF THE DESIRED CALENDAR
2615! YEAR,             */
2616        /* THEN ALL EXPENDITURES IN THE PREVIOUS QUARTER WILL FALL IN THE
2616! LAST CALENDAR YEAR, */
2617        /* SO ONLY CURRENT QUARTER EXPENDITURES SHOULD BE INCLUDED.
2617!                   */
2618        IF (IN1) THEN COMPARR{I} = CQARR{I};
2619        /* IF THE INTERVIEW IS IN THE FIFTH QUARTER, THEN ALL CURRENT
2619! QUARTER EXPENDITURES WILL FALL   */
2620        /* OUTSIDE THE CURRENT CALENDAR YEAR, SO ONLY PREVIOUS QUARTER
2620! EXPENDITURES SHOULD BE INCLUDED */
2621        ELSE IF (IN5) THEN COMPARR{I} = PQARR{I};
2622        ELSE COMPARR{I} = SUM(PQARR{I}, CQARR{I});
2623      END;
2624    RUN;
2625
2626    /* SUM THE CALENDAR YEAR WEIGHTS TO CREATE THE TOTAL POPULATION */
2627
2628    PROC SUMMARY DATA = FMLY;
2629      VAR MFNLWT21;
2630      OUTPUT OUT = POP (DROP = _TYPE_ _FREQ_) SUM = TOTPOP;
2631    RUN;
2632
2633    PROC PRINT DATA = POP;
2634      TITLE 'TOTAL POPULATION';
2635    RUN;
2636
2637    /* CALCULATE THE WEIGHTED AGGREGATES FOR THE POPULATION */
2638
2639    PROC SUMMARY DATA = FMLY SUM;
2640      VAR &COMPVARS;
2641      WEIGHT FINLWT21;
2642      OUTPUT OUT = AGG (DROP = _TYPE_ _FREQ_) SUM = &COMPVARS;
2643    RUN;
2644
2645    PROC PRINT DATA = AGG;
2646      TITLE 'AGGREGATES';
2647    RUN;
2648
2649    /* CALCULATE THE AVERAGE EXPENDITURE FOR THE SUMMARY VARIABLE OF CHOICE
2649! */
2650    /* BY DIVIDING THE AGGREGATES BY THE TOTAL POPULATION
2650! */
2651
2652    DATA AVERAGES (DROP = I);
2653      SET POP;
2654      SET AGG;
2655      ARRAY AGGARR (*) &COMPVARS;
2656      ARRAY AVGARR (*) &COMPVARS;
2657      DO I = 1 TO DIM(AGGARR);
2658          AVGARR{I} = AGGARR{I} / TOTPOP;
2659      END;
2660    RUN;
2661
2662    /* MERGE WITH THE ROW LABELS AND PRINT THE REPORT */
2663
2664    PROC TRANSPOSE DATA = AVERAGES OUT = AVERAGES (RENAME = (_NAME_ = NAME
2664! COL1 = VALUE));
2665    RUN;
2666
2667    PROC SORT DATA = AVERAGES;
2668      BY NAME;
2669    RUN;
2670
2671    DATA DSFINAL;
2672      LENGTH NAME $32;
2673      MERGE AVERAGES (IN = INAVER)
2674            DSUSRFLD (IN = INUSRFLD);
2675      BY NAME;
2676      IF (INAVER);
2677      IF (^ INUSRFLD) THEN DO;
2678        ORDER = 0;
2679        INDENT = 1;
2680        ROWLABEL = 'TOTAL POPULATION';
2681      END;
2682    RUN;
2683
2684    PROC SORT DATA = DSFINAL;
2685      BY ORDER;
2686    RUN;
2687
2688    DATA _NULL_;
2689      FILE PRINT;
2690      RETAIN GEN_IND 4;
2691      SET DSFINAL;
2692      PUT @(GEN_IND + INDENT) ROWLABEL
2693          @66 VALUE COMMA14.;
2694      TITLE 'ANNUAL AVERAGE EXPENDITURE';
2695      TITLE4 ' ';
2696    RUN;
2697
2698    %EXIT:
2699
2700  %MEND SUMVARS;
2701
2702  %SUMVARS
MLOGIC(SUMVARS):  Beginning execution.
MLOGIC(SUMVARS):  %LET (variable name is YEAR4)
MLOGIC(SUMVARS):  %LET (variable name is DRIVE)
MLOGIC(SUMVARS):  %LET (variable name is YEAR2)
SYMBOLGEN:  Macro variable YEAR4 resolves to 2011
MLOGIC(SUMVARS):  %LET (variable name is YR4NEXT)
SYMBOLGEN:  Macro variable YEAR4 resolves to 2011
MLOGIC(SUMVARS):  %LET (variable name is YR2NEXT)
SYMBOLGEN:  Macro variable YR4NEXT resolves to 2012
MLOGIC(SUMVARS):  %LET (variable name is ERRFLG)
SYMBOLGEN:  Macro variable DRIVE resolves to C:\2011_CEX
SYMBOLGEN:  Macro variable YEAR2 resolves to 11
MPRINT(SUMVARS):   LIBNAME INDATA "C:\2011_CEX\INTRVW11" ACCESS = READONLY;
NOTE: Libname INDATA refers to the same physical library as I11.
NOTE: Libref INDATA was successfully assigned as follows:
      Engine:        V9
      Physical Name: C:\2011_CEX\INTRVW11
SYMBOLGEN:  Macro variable YR2NEXT resolves to 12
NOTE: Data file INDATA.FMLI121.DATA is in a format that is native to another
      host, or the file encoding does not match the session encoding. Cross
      Environment Data Access will be used, which might require additional CPU
      resources and might reduce performance.
MPRINT(SUMVARS):   PROC CONTENTS DATA = INDATA.FMLI121 NOPRINT OUT = INDCONT
(KEEP = NAME);
MPRINT(SUMVARS):   RUN;

NOTE: The data set WORK.INDCONT has 893 observations and 1 variables.
NOTE: PROCEDURE CONTENTS used (Total process time):
      real time           0.14 seconds
      cpu time            0.07 seconds


MPRINT(SUMVARS):   DATA INDPQ INDCQ;
MPRINT(SUMVARS):   LENGTH NAME $32;
MPRINT(SUMVARS):   SET INDCONT;
MPRINT(SUMVARS):   NAME = UPCASE(NAME);
MPRINT(SUMVARS):   IF (LEFT(REVERSE(NAME)) =: 'QC') THEN OUTPUT INDCQ;
MPRINT(SUMVARS):   ELSE IF (LEFT(REVERSE(NAME)) =: 'QP') THEN OUTPUT INDPQ;
MPRINT(SUMVARS):   RUN;

NOTE: There were 893 observations read from the data set WORK.INDCONT.
NOTE: The data set WORK.INDPQ has 83 observations and 1 variables.
NOTE: The data set WORK.INDCQ has 83 observations and 1 variables.
NOTE: DATA statement used (Total process time):
      real time           0.06 seconds
      cpu time            0.01 seconds


SYMBOLGEN:  Macro variable DRIVE resolves to C:\2011_CEX
MPRINT(SUMVARS):   FILENAME PARFILE "C:\2011_CEX\Programs\PUSUMVARS.TXT";
MPRINT(SUMVARS):   DATA DSUSRFLD;
MPRINT(SUMVARS):   LENGTH ROWLABEL $50;
MPRINT(SUMVARS):   INFILE PARFILE DSD;
MPRINT(SUMVARS):   INPUT NAME : $CHAR32. ROWLABEL;
MPRINT(SUMVARS):   INDENT = VERIFY (NAME, ' ');
MPRINT(SUMVARS):   NAME = LEFT (UPCASE (NAME));
MPRINT(SUMVARS):   ORDER = _N_;
MPRINT(SUMVARS):   RUN;

NOTE: The infile PARFILE is:
      Filename=C:\2011_CEX\Programs\PUSUMVARS.TXT,
      RECFM=V,LRECL=256,File Size (bytes)=2863,
      Last Modified=02Sep2004:17:17:20,
      Create Time=13Sep2012:13:23:45

NOTE: 79 records were read from the infile PARFILE.
      The minimum record length was 13.
      The maximum record length was 68.
NOTE: The data set WORK.DSUSRFLD has 79 observations and 4 variables.
NOTE: DATA statement used (Total process time):
      real time           0.07 seconds
      cpu time            0.03 seconds


MPRINT(SUMVARS):   DATA DSUSRFLD (DROP = USRNAME) DSUSRPQ (KEEP = NAME) DSUSRCQ
(KEEP = NAME);
MPRINT(SUMVARS):   SET DSUSRFLD (RENAME = (NAME = USRNAME));
MPRINT(SUMVARS):   NAME = TRIM(LEFT(USRNAME));
MPRINT(SUMVARS):   OUTPUT DSUSRFLD;
MPRINT(SUMVARS):   NAME = TRIM(LEFT(USRNAME)) || 'PQ';
MPRINT(SUMVARS):   OUTPUT DSUSRPQ;
MPRINT(SUMVARS):   NAME = TRIM(LEFT(USRNAME)) || 'CQ';
MPRINT(SUMVARS):   OUTPUT DSUSRCQ;
MPRINT(SUMVARS):   RUN;

NOTE: There were 79 observations read from the data set WORK.DSUSRFLD.
NOTE: The data set WORK.DSUSRFLD has 79 observations and 4 variables.
NOTE: The data set WORK.DSUSRPQ has 79 observations and 1 variables.
NOTE: The data set WORK.DSUSRCQ has 79 observations and 1 variables.
NOTE: DATA statement used (Total process time):
      real time           0.10 seconds
      cpu time            0.03 seconds


MPRINT(SUMVARS):   PROC SQL NOPRINT;
MPRINT(SUMVARS):   SELECT NAME INTO : CQVARS SEPARATED BY ' ' FROM DSUSRCQ;
MPRINT(SUMVARS):   SELECT NAME INTO : PQVARS SEPARATED BY ' ' FROM DSUSRPQ;
MPRINT(SUMVARS):   SELECT NAME INTO : COMPVARS SEPARATED BY ' ' FROM DSUSRFLD;
MPRINT(SUMVARS):   QUIT;
NOTE: PROCEDURE SQL used (Total process time):
      real time           0.00 seconds
      cpu time            0.00 seconds


MPRINT(SUMVARS):   PROC SORT DATA = DSUSRFLD;
MPRINT(SUMVARS):   BY NAME;
MPRINT(SUMVARS):   RUN;

NOTE: There were 79 observations read from the data set WORK.DSUSRFLD.
NOTE: The data set WORK.DSUSRFLD has 79 observations and 4 variables.
NOTE: PROCEDURE SORT used (Total process time):
      real time           0.01 seconds
      cpu time            0.01 seconds


MPRINT(SUMVARS):   PROC SORT DATA = DSUSRPQ;
MPRINT(SUMVARS):   BY NAME;
MPRINT(SUMVARS):   RUN;

NOTE: There were 79 observations read from the data set WORK.DSUSRPQ.
NOTE: The data set WORK.DSUSRPQ has 79 observations and 1 variables.
NOTE: PROCEDURE SORT used (Total process time):
      real time           0.07 seconds
      cpu time            0.04 seconds


MPRINT(SUMVARS):   PROC SORT DATA = DSUSRCQ;
MPRINT(SUMVARS):   BY NAME;
MPRINT(SUMVARS):   RUN;

NOTE: There were 79 observations read from the data set WORK.DSUSRCQ.
NOTE: The data set WORK.DSUSRCQ has 79 observations and 1 variables.
NOTE: PROCEDURE SORT used (Total process time):
      real time           0.06 seconds
      cpu time            0.01 seconds


MPRINT(SUMVARS):   DATA DSUSRFLD;
MPRINT(SUMVARS):   SET DSUSRFLD;
MPRINT(SUMVARS):   BY NAME;
MPRINT(SUMVARS):   IF (^ (FIRST.NAME & LAST.NAME)) THEN DO;
MPRINT(SUMVARS):   CALL SYMPUT('ERRFLG', 'Y');
MPRINT(SUMVARS):   PUT 'ERROR: DUPLICATE VARIABLE NAME IN FIELD LIST FILE. '
NAME=;
MPRINT(SUMVARS):   END;
MPRINT(SUMVARS):   RUN;

NOTE: There were 79 observations read from the data set WORK.DSUSRFLD.
NOTE: The data set WORK.DSUSRFLD has 79 observations and 4 variables.
NOTE: DATA statement used (Total process time):
      real time           0.14 seconds
      cpu time            0.03 seconds


MPRINT(SUMVARS):   DATA DSPQ;
MPRINT(SUMVARS):   MERGE DSUSRPQ (IN = INUSRPQ) INDPQ (IN = INDPQ);
MPRINT(SUMVARS):   BY NAME;
MPRINT(SUMVARS):   IF (INUSRPQ);
MPRINT(SUMVARS):   IF (INDPQ) THEN OUTPUT DSPQ;
MPRINT(SUMVARS):   ELSE DO;
MPRINT(SUMVARS):   CALL SYMPUT('ERRFLG', 'Y');
MPRINT(SUMVARS):   PUT 'ERROR: REQUESTED VARIABLE NOT FOUND IN INPUT DATASET. '
NAME=;
MPRINT(SUMVARS):   END;
MPRINT(SUMVARS):   RUN;

NOTE: There were 79 observations read from the data set WORK.DSUSRPQ.
NOTE: There were 83 observations read from the data set WORK.INDPQ.
NOTE: The data set WORK.DSPQ has 79 observations and 1 variables.
NOTE: DATA statement used (Total process time):
      real time           0.06 seconds
      cpu time            0.00 seconds


MPRINT(SUMVARS):   DATA DSCQ;
MPRINT(SUMVARS):   MERGE DSUSRCQ (IN = INUSRCQ) INDCQ (IN = INDCQ);
MPRINT(SUMVARS):   BY NAME;
MPRINT(SUMVARS):   IF (INUSRCQ);
MPRINT(SUMVARS):   IF (INDCQ) THEN OUTPUT DSCQ;
MPRINT(SUMVARS):   ELSE DO;
MPRINT(SUMVARS):   CALL SYMPUT('ERRFLG', 'Y');
MPRINT(SUMVARS):   PUT 'ERROR: REQUESTED VARIABLE NOT FOUND IN INPUT DATASET. '
NAME=;
MPRINT(SUMVARS):   END;
MPRINT(SUMVARS):   RUN;

NOTE: There were 79 observations read from the data set WORK.DSUSRCQ.
NOTE: There were 83 observations read from the data set WORK.INDCQ.
NOTE: The data set WORK.DSCQ has 79 observations and 1 variables.
NOTE: DATA statement used (Total process time):
      real time           0.07 seconds
      cpu time            0.03 seconds


SYMBOLGEN:  Macro variable ERRFLG resolves to N
MLOGIC(SUMVARS):  %IF condition (&ERRFLG = Y) is FALSE
SYMBOLGEN:  Macro variable COMPVARS resolves to TOTEX4 FOOD FDHOME FDAWAY
            FDXMAP FDMAP ALCBEV HOUS SHELT OWNDWE MRTINT PROPTX MRPINS RENDWE
            RNTXRP RNTAPY OTHLOD UTIL NTLGAS ELCTRC ALLFUL FULOIL OTHFLS TELEPH
            WATRPS HOUSOP DOMSRV DMSXCC BBYDAY OTHHEX HOUSEQ TEXTIL FURNTR
            FLRCVR MAJAPP SMLAPP MISCEQ APPAR MENBOY MENSIX BOYFIF WOMGRL
            WOMSIX GRLFIF CHLDRN FOOTWR OTHAPL TRANS CARTKN CARTKU OTHVEH GASMO
            VEHFIN MAINRP VEHINS PUBTRA VRNTLO TRNTRP TRNOTH HEALTH HLTHIN
            MEDSRV PREDRG MEDSUP ENTERT FEEADM TVRDIO OTHEQP PETTOY OTHENT
            PERSCA READ EDUCA TOBACC MISCX4 CASHCO PERINS LIFINS RETPEN
MPRINT(SUMVARS):   DATA FMLY (KEEP = NEWID MFNLWT21 FINLWT21 TOTEX4 FOOD FDHOME
FDAWAY FDXMAP FDMAP ALCBEV HOUS SHELT OWNDWE MRTINT PROPTX MRPINS RENDWE RNTXRP
RNTAPY OTHLOD UTIL NTLGAS ELCTRC ALLFUL FULOIL OTHFLS TELEPH WATRPS HOUSOP
DOMSRV DMSXCC BBYDAY OTHHEX HOUSEQ TEXTIL FURNTR FLRCVR MAJAPP SMLAPP MISCEQ
APPAR MENBOY MENSIX BOYFIF WOMGRL WOMSIX GRLFIF CHLDRN FOOTWR OTHAPL TRANS
CARTKN CARTKU OTHVEH GASMO VEHFIN MAINRP VEHINS PUBTRA VRNTLO TRNTRP TRNOTH
HEALTH HLTHIN MEDSRV PREDRG MEDSUP ENTERT FEEADM TVRDIO OTHEQP PETTOY OTHENT
PERSCA READ EDUCA TOBACC MISCX4 CASHCO PERINS LIFINS RETPEN);
SYMBOLGEN:  Macro variable YEAR2 resolves to 11
SYMBOLGEN:  Macro variable YEAR2 resolves to 11
SYMBOLGEN:  Macro variable YEAR2 resolves to 11
SYMBOLGEN:  Macro variable YEAR2 resolves to 11
SYMBOLGEN:  Macro variable YR2NEXT resolves to 12
MPRINT(SUMVARS):   SET INDATA.FMLI111X (IN = IN1) INDATA.FMLI112 (IN = IN2)
INDATA.FMLI113 (IN = IN3) INDATA.FMLI114 (IN = IN4) INDATA.FMLI121 (IN = IN5);
NOTE: Data file INDATA.FMLI111X.DATA is in a format that is native to another
      host, or the file encoding does not match the session encoding. Cross
      Environment Data Access will be used, which might require additional CPU
      resources and might reduce performance.
NOTE: Data file INDATA.FMLI112.DATA is in a format that is native to another
      host, or the file encoding does not match the session encoding. Cross
      Environment Data Access will be used, which might require additional CPU
      resources and might reduce performance.
NOTE: Data file INDATA.FMLI113.DATA is in a format that is native to another
      host, or the file encoding does not match the session encoding. Cross
      Environment Data Access will be used, which might require additional CPU
      resources and might reduce performance.
NOTE: Data file INDATA.FMLI114.DATA is in a format that is native to another
      host, or the file encoding does not match the session encoding. Cross
      Environment Data Access will be used, which might require additional CPU
      resources and might reduce performance.
NOTE: Data file INDATA.FMLI121.DATA is in a format that is native to another
      host, or the file encoding does not match the session encoding. Cross
      Environment Data Access will be used, which might require additional CPU
      resources and might reduce performance.
MPRINT(SUMVARS):   IF (IN1) THEN MO_SCOPE = INPUT(QINTRVMO, 2.) - 1;
MPRINT(SUMVARS):   ELSE IF (IN5) THEN MO_SCOPE = 4 - INPUT(QINTRVMO, 2.);
MPRINT(SUMVARS):   ELSE MO_SCOPE = 3;
MPRINT(SUMVARS):   MFNLWT21 = FINLWT21 * MO_SCOPE / 12;
SYMBOLGEN:  Macro variable PQVARS resolves to TOTEX4PQ FOODPQ FDHOMEPQ FDAWAYPQ
            FDXMAPPQ FDMAPPQ ALCBEVPQ HOUSPQ SHELTPQ OWNDWEPQ MRTINTPQ PROPTXPQ
            MRPINSPQ RENDWEPQ RNTXRPPQ RNTAPYPQ OTHLODPQ UTILPQ NTLGASPQ
            ELCTRCPQ ALLFULPQ FULOILPQ OTHFLSPQ TELEPHPQ WATRPSPQ HOUSOPPQ
            DOMSRVPQ DMSXCCPQ BBYDAYPQ OTHHEXPQ HOUSEQPQ TEXTILPQ FURNTRPQ
            FLRCVRPQ MAJAPPPQ SMLAPPPQ MISCEQPQ APPARPQ MENBOYPQ MENSIXPQ
            BOYFIFPQ WOMGRLPQ WOMSIXPQ GRLFIFPQ CHLDRNPQ FOOTWRPQ OTHAPLPQ
            TRANSPQ CARTKNPQ CARTKUPQ OTHVEHPQ GASMOPQ VEHFINPQ MAINRPPQ
            VEHINSPQ PUBTRAPQ VRNTLOPQ TRNTRPPQ TRNOTHPQ HEALTHPQ HLTHINPQ
            MEDSRVPQ PREDRGPQ MEDSUPPQ ENTERTPQ FEEADMPQ TVRDIOPQ OTHEQPPQ
            PETTOYPQ OTHENTPQ PERSCAPQ READPQ EDUCAPQ TOBACCPQ MISCX4PQ
            CASHCOPQ PERINSPQ LIFINSPQ RETPENPQ
MPRINT(SUMVARS):   ARRAY PQARR (*) TOTEX4PQ FOODPQ FDHOMEPQ FDAWAYPQ FDXMAPPQ
FDMAPPQ ALCBEVPQ HOUSPQ SHELTPQ OWNDWEPQ MRTINTPQ PROPTXPQ MRPINSPQ RENDWEPQ
RNTXRPPQ RNTAPYPQ OTHLODPQ UTILPQ NTLGASPQ ELCTRCPQ ALLFULPQ FULOILPQ OTHFLSPQ
TELEPHPQ WATRPSPQ HOUSOPPQ DOMSRVPQ DMSXCCPQ BBYDAYPQ OTHHEXPQ HOUSEQPQ
TEXTILPQ FURNTRPQ FLRCVRPQ MAJAPPPQ SMLAPPPQ MISCEQPQ APPARPQ MENBOYPQ MENSIXPQ
BOYFIFPQ WOMGRLPQ WOMSIXPQ GRLFIFPQ CHLDRNPQ FOOTWRPQ OTHAPLPQ TRANSPQ CARTKNPQ
CARTKUPQ OTHVEHPQ GASMOPQ VEHFINPQ MAINRPPQ VEHINSPQ PUBTRAPQ VRNTLOPQ TRNTRPPQ
TRNOTHPQ HEALTHPQ HLTHINPQ MEDSRVPQ PREDRGPQ MEDSUPPQ ENTERTPQ FEEADMPQ
TVRDIOPQ OTHEQPPQ PETTOYPQ OTHENTPQ PERSCAPQ READPQ EDUCAPQ TOBACCPQ MISCX4PQ
CASHCOPQ PERINSPQ LIFINSPQ RETPENPQ;
SYMBOLGEN:  Macro variable CQVARS resolves to TOTEX4CQ FOODCQ FDHOMECQ FDAWAYCQ
            FDXMAPCQ FDMAPCQ ALCBEVCQ HOUSCQ SHELTCQ OWNDWECQ MRTINTCQ PROPTXCQ
            MRPINSCQ RENDWECQ RNTXRPCQ RNTAPYCQ OTHLODCQ UTILCQ NTLGASCQ
            ELCTRCCQ ALLFULCQ FULOILCQ OTHFLSCQ TELEPHCQ WATRPSCQ HOUSOPCQ
            DOMSRVCQ DMSXCCCQ BBYDAYCQ OTHHEXCQ HOUSEQCQ TEXTILCQ FURNTRCQ
            FLRCVRCQ MAJAPPCQ SMLAPPCQ MISCEQCQ APPARCQ MENBOYCQ MENSIXCQ
            BOYFIFCQ WOMGRLCQ WOMSIXCQ GRLFIFCQ CHLDRNCQ FOOTWRCQ OTHAPLCQ
            TRANSCQ CARTKNCQ CARTKUCQ OTHVEHCQ GASMOCQ VEHFINCQ MAINRPCQ
            VEHINSCQ PUBTRACQ VRNTLOCQ TRNTRPCQ TRNOTHCQ HEALTHCQ HLTHINCQ
            MEDSRVCQ PREDRGCQ MEDSUPCQ ENTERTCQ FEEADMCQ TVRDIOCQ OTHEQPCQ
            PETTOYCQ OTHENTCQ PERSCACQ READCQ EDUCACQ TOBACCCQ MISCX4CQ
            CASHCOCQ PERINSCQ LIFINSCQ RETPENCQ
MPRINT(SUMVARS):   ARRAY CQARR (*) TOTEX4CQ FOODCQ FDHOMECQ FDAWAYCQ FDXMAPCQ
FDMAPCQ ALCBEVCQ HOUSCQ SHELTCQ OWNDWECQ MRTINTCQ PROPTXCQ MRPINSCQ RENDWECQ
RNTXRPCQ RNTAPYCQ OTHLODCQ UTILCQ NTLGASCQ ELCTRCCQ ALLFULCQ FULOILCQ OTHFLSCQ
TELEPHCQ WATRPSCQ HOUSOPCQ DOMSRVCQ DMSXCCCQ BBYDAYCQ OTHHEXCQ HOUSEQCQ
TEXTILCQ FURNTRCQ FLRCVRCQ MAJAPPCQ SMLAPPCQ MISCEQCQ APPARCQ MENBOYCQ MENSIXCQ
BOYFIFCQ WOMGRLCQ WOMSIXCQ GRLFIFCQ CHLDRNCQ FOOTWRCQ OTHAPLCQ TRANSCQ CARTKNCQ
CARTKUCQ OTHVEHCQ GASMOCQ VEHFINCQ MAINRPCQ VEHINSCQ PUBTRACQ VRNTLOCQ TRNTRPCQ
TRNOTHCQ HEALTHCQ HLTHINCQ MEDSRVCQ PREDRGCQ MEDSUPCQ ENTERTCQ FEEADMCQ
TVRDIOCQ OTHEQPCQ PETTOYCQ OTHENTCQ PERSCACQ READCQ EDUCACQ TOBACCCQ MISCX4CQ
CASHCOCQ PERINSCQ LIFINSCQ RETPENCQ;
SYMBOLGEN:  Macro variable COMPVARS resolves to TOTEX4 FOOD FDHOME FDAWAY
            FDXMAP FDMAP ALCBEV HOUS SHELT OWNDWE MRTINT PROPTX MRPINS RENDWE
            RNTXRP RNTAPY OTHLOD UTIL NTLGAS ELCTRC ALLFUL FULOIL OTHFLS TELEPH
            WATRPS HOUSOP DOMSRV DMSXCC BBYDAY OTHHEX HOUSEQ TEXTIL FURNTR
            FLRCVR MAJAPP SMLAPP MISCEQ APPAR MENBOY MENSIX BOYFIF WOMGRL
            WOMSIX GRLFIF CHLDRN FOOTWR OTHAPL TRANS CARTKN CARTKU OTHVEH GASMO
            VEHFIN MAINRP VEHINS PUBTRA VRNTLO TRNTRP TRNOTH HEALTH HLTHIN
            MEDSRV PREDRG MEDSUP ENTERT FEEADM TVRDIO OTHEQP PETTOY OTHENT
            PERSCA READ EDUCA TOBACC MISCX4 CASHCO PERINS LIFINS RETPEN
MPRINT(SUMVARS):   ARRAY COMPARR (*) TOTEX4 FOOD FDHOME FDAWAY FDXMAP FDMAP
ALCBEV HOUS SHELT OWNDWE MRTINT PROPTX MRPINS RENDWE RNTXRP RNTAPY OTHLOD UTIL
NTLGAS ELCTRC ALLFUL FULOIL OTHFLS TELEPH WATRPS HOUSOP DOMSRV DMSXCC BBYDAY
OTHHEX HOUSEQ TEXTIL FURNTR FLRCVR MAJAPP SMLAPP MISCEQ APPAR MENBOY MENSIX
BOYFIF WOMGRL WOMSIX GRLFIF CHLDRN FOOTWR OTHAPL TRANS CARTKN CARTKU OTHVEH
GASMO VEHFIN MAINRP VEHINS PUBTRA VRNTLO TRNTRP TRNOTH HEALTH HLTHIN MEDSRV
PREDRG MEDSUP ENTERT FEEADM TVRDIO OTHEQP PETTOY OTHENT PERSCA READ EDUCA
TOBACC MISCX4 CASHCO PERINS LIFINS RETPEN;
MPRINT(SUMVARS):   DO I = 1 TO DIM(COMPARR);
MPRINT(SUMVARS):   IF (IN1) THEN COMPARR{I} = CQARR{I};
MPRINT(SUMVARS):   ELSE IF (IN5) THEN COMPARR{I} = PQARR{I};
MPRINT(SUMVARS):   ELSE COMPARR{I} = SUM(PQARR{I}, CQARR{I});
MPRINT(SUMVARS):   END;
MPRINT(SUMVARS):   RUN;

WARNING: Multiple lengths were specified for the variable RACE2 by input data
         set(s). This may cause truncation of data.
NOTE: There were 6869 observations read from the data set INDATA.FMLI111X.
NOTE: There were 6729 observations read from the data set INDATA.FMLI112.
NOTE: There were 6611 observations read from the data set INDATA.FMLI113.
NOTE: There were 6781 observations read from the data set INDATA.FMLI114.
NOTE: There were 6838 observations read from the data set INDATA.FMLI121.
NOTE: The data set WORK.FMLY has 33828 observations and 82 variables.
NOTE: DATA statement used (Total process time):
      real time           7.62 seconds
      cpu time            3.28 seconds


MPRINT(SUMVARS):   PROC SUMMARY DATA = FMLY;
MPRINT(SUMVARS):   VAR MFNLWT21;
MPRINT(SUMVARS):   OUTPUT OUT = POP (DROP = _TYPE_ _FREQ_) SUM = TOTPOP;
MPRINT(SUMVARS):   RUN;

NOTE: There were 33828 observations read from the data set WORK.FMLY.
NOTE: The data set WORK.POP has 1 observations and 1 variables.
NOTE: PROCEDURE SUMMARY used (Total process time):
      real time           0.15 seconds
      cpu time            0.06 seconds


MPRINT(SUMVARS):   PROC PRINT DATA = POP;
MPRINT(SUMVARS):   TITLE 'TOTAL POPULATION';
MPRINT(SUMVARS):   RUN;
NOTE: There were 1 observations read from the data set WORK.POP.
NOTE: PROCEDURE PRINT used (Total process time):
      real time           0.48 seconds
      cpu time            0.00 seconds


MPRINT(SUMVARS):   PROC SUMMARY DATA = FMLY SUM;
SYMBOLGEN:  Macro variable COMPVARS resolves to TOTEX4 FOOD FDHOME FDAWAY
            FDXMAP FDMAP ALCBEV HOUS SHELT OWNDWE MRTINT PROPTX MRPINS RENDWE
            RNTXRP RNTAPY OTHLOD UTIL NTLGAS ELCTRC ALLFUL FULOIL OTHFLS TELEPH
            WATRPS HOUSOP DOMSRV DMSXCC BBYDAY OTHHEX HOUSEQ TEXTIL FURNTR
            FLRCVR MAJAPP SMLAPP MISCEQ APPAR MENBOY MENSIX BOYFIF WOMGRL
            WOMSIX GRLFIF CHLDRN FOOTWR OTHAPL TRANS CARTKN CARTKU OTHVEH GASMO
            VEHFIN MAINRP VEHINS PUBTRA VRNTLO TRNTRP TRNOTH HEALTH HLTHIN
            MEDSRV PREDRG MEDSUP ENTERT FEEADM TVRDIO OTHEQP PETTOY OTHENT
            PERSCA READ EDUCA TOBACC MISCX4 CASHCO PERINS LIFINS RETPEN
MPRINT(SUMVARS):   VAR TOTEX4 FOOD FDHOME FDAWAY FDXMAP FDMAP ALCBEV HOUS SHELT
OWNDWE MRTINT PROPTX MRPINS RENDWE RNTXRP RNTAPY OTHLOD UTIL NTLGAS ELCTRC
ALLFUL FULOIL OTHFLS TELEPH WATRPS HOUSOP DOMSRV DMSXCC BBYDAY OTHHEX HOUSEQ
TEXTIL FURNTR FLRCVR MAJAPP SMLAPP MISCEQ APPAR MENBOY MENSIX BOYFIF WOMGRL
WOMSIX GRLFIF CHLDRN FOOTWR OTHAPL TRANS CARTKN CARTKU OTHVEH GASMO VEHFIN
MAINRP VEHINS PUBTRA VRNTLO TRNTRP TRNOTH HEALTH HLTHIN MEDSRV PREDRG MEDSUP
ENTERT FEEADM TVRDIO OTHEQP PETTOY OTHENT PERSCA READ EDUCA TOBACC MISCX4
CASHCO PERINS LIFINS RETPEN;
MPRINT(SUMVARS):   WEIGHT FINLWT21;
SYMBOLGEN:  Macro variable COMPVARS resolves to TOTEX4 FOOD FDHOME FDAWAY
            FDXMAP FDMAP ALCBEV HOUS SHELT OWNDWE MRTINT PROPTX MRPINS RENDWE
            RNTXRP RNTAPY OTHLOD UTIL NTLGAS ELCTRC ALLFUL FULOIL OTHFLS TELEPH
            WATRPS HOUSOP DOMSRV DMSXCC BBYDAY OTHHEX HOUSEQ TEXTIL FURNTR
            FLRCVR MAJAPP SMLAPP MISCEQ APPAR MENBOY MENSIX BOYFIF WOMGRL
            WOMSIX GRLFIF CHLDRN FOOTWR OTHAPL TRANS CARTKN CARTKU OTHVEH GASMO
            VEHFIN MAINRP VEHINS PUBTRA VRNTLO TRNTRP TRNOTH HEALTH HLTHIN
            MEDSRV PREDRG MEDSUP ENTERT FEEADM TVRDIO OTHEQP PETTOY OTHENT
            PERSCA READ EDUCA TOBACC MISCX4 CASHCO PERINS LIFINS RETPEN
MPRINT(SUMVARS):   OUTPUT OUT = AGG (DROP = _TYPE_ _FREQ_) SUM = TOTEX4 FOOD
FDHOME FDAWAY FDXMAP FDMAP ALCBEV HOUS SHELT OWNDWE MRTINT PROPTX MRPINS RENDWE
RNTXRP RNTAPY OTHLOD UTIL NTLGAS ELCTRC ALLFUL FULOIL OTHFLS TELEPH WATRPS
HOUSOP DOMSRV DMSXCC BBYDAY OTHHEX HOUSEQ TEXTIL FURNTR FLRCVR MAJAPP SMLAPP
MISCEQ APPAR MENBOY MENSIX BOYFIF WOMGRL WOMSIX GRLFIF CHLDRN FOOTWR OTHAPL
TRANS CARTKN CARTKU OTHVEH GASMO VEHFIN MAINRP VEHINS PUBTRA VRNTLO TRNTRP
TRNOTH HEALTH HLTHIN MEDSRV PREDRG MEDSUP ENTERT FEEADM TVRDIO OTHEQP PETTOY
OTHENT PERSCA READ EDUCA TOBACC MISCX4 CASHCO PERINS LIFINS RETPEN;
MPRINT(SUMVARS):   RUN;

NOTE: There were 33828 observations read from the data set WORK.FMLY.
NOTE: The data set WORK.AGG has 1 observations and 79 variables.
NOTE: PROCEDURE SUMMARY used (Total process time):
      real time           0.09 seconds
      cpu time            0.12 seconds


MPRINT(SUMVARS):   PROC PRINT DATA = AGG;
MPRINT(SUMVARS):   TITLE 'AGGREGATES';
MPRINT(SUMVARS):   RUN;
NOTE: There were 1 observations read from the data set WORK.AGG.
NOTE: PROCEDURE PRINT used (Total process time):
      real time           0.00 seconds
      cpu time            0.00 seconds


MPRINT(SUMVARS):   DATA AVERAGES (DROP = I);
MPRINT(SUMVARS):   SET POP;
MPRINT(SUMVARS):   SET AGG;
SYMBOLGEN:  Macro variable COMPVARS resolves to TOTEX4 FOOD FDHOME FDAWAY
            FDXMAP FDMAP ALCBEV HOUS SHELT OWNDWE MRTINT PROPTX MRPINS RENDWE
            RNTXRP RNTAPY OTHLOD UTIL NTLGAS ELCTRC ALLFUL FULOIL OTHFLS TELEPH
            WATRPS HOUSOP DOMSRV DMSXCC BBYDAY OTHHEX HOUSEQ TEXTIL FURNTR
            FLRCVR MAJAPP SMLAPP MISCEQ APPAR MENBOY MENSIX BOYFIF WOMGRL
            WOMSIX GRLFIF CHLDRN FOOTWR OTHAPL TRANS CARTKN CARTKU OTHVEH GASMO
            VEHFIN MAINRP VEHINS PUBTRA VRNTLO TRNTRP TRNOTH HEALTH HLTHIN
            MEDSRV PREDRG MEDSUP ENTERT FEEADM TVRDIO OTHEQP PETTOY OTHENT
            PERSCA READ EDUCA TOBACC MISCX4 CASHCO PERINS LIFINS RETPEN
MPRINT(SUMVARS):   ARRAY AGGARR (*) TOTEX4 FOOD FDHOME FDAWAY FDXMAP FDMAP
ALCBEV HOUS SHELT OWNDWE MRTINT PROPTX MRPINS RENDWE RNTXRP RNTAPY OTHLOD UTIL
NTLGAS ELCTRC ALLFUL FULOIL OTHFLS TELEPH WATRPS HOUSOP DOMSRV DMSXCC BBYDAY
OTHHEX HOUSEQ TEXTIL FURNTR FLRCVR MAJAPP SMLAPP MISCEQ APPAR MENBOY MENSIX
BOYFIF WOMGRL WOMSIX GRLFIF CHLDRN FOOTWR OTHAPL TRANS CARTKN CARTKU OTHVEH
GASMO VEHFIN MAINRP VEHINS PUBTRA VRNTLO TRNTRP TRNOTH HEALTH HLTHIN MEDSRV
PREDRG MEDSUP ENTERT FEEADM TVRDIO OTHEQP PETTOY OTHENT PERSCA READ EDUCA
TOBACC MISCX4 CASHCO PERINS LIFINS RETPEN;
SYMBOLGEN:  Macro variable COMPVARS resolves to TOTEX4 FOOD FDHOME FDAWAY
            FDXMAP FDMAP ALCBEV HOUS SHELT OWNDWE MRTINT PROPTX MRPINS RENDWE
            RNTXRP RNTAPY OTHLOD UTIL NTLGAS ELCTRC ALLFUL FULOIL OTHFLS TELEPH
            WATRPS HOUSOP DOMSRV DMSXCC BBYDAY OTHHEX HOUSEQ TEXTIL FURNTR
            FLRCVR MAJAPP SMLAPP MISCEQ APPAR MENBOY MENSIX BOYFIF WOMGRL
            WOMSIX GRLFIF CHLDRN FOOTWR OTHAPL TRANS CARTKN CARTKU OTHVEH GASMO
            VEHFIN MAINRP VEHINS PUBTRA VRNTLO TRNTRP TRNOTH HEALTH HLTHIN
            MEDSRV PREDRG MEDSUP ENTERT FEEADM TVRDIO OTHEQP PETTOY OTHENT
            PERSCA READ EDUCA TOBACC MISCX4 CASHCO PERINS LIFINS RETPEN
MPRINT(SUMVARS):   ARRAY AVGARR (*) TOTEX4 FOOD FDHOME FDAWAY FDXMAP FDMAP
ALCBEV HOUS SHELT OWNDWE MRTINT PROPTX MRPINS RENDWE RNTXRP RNTAPY OTHLOD UTIL
NTLGAS ELCTRC ALLFUL FULOIL OTHFLS TELEPH WATRPS HOUSOP DOMSRV DMSXCC BBYDAY
OTHHEX HOUSEQ TEXTIL FURNTR FLRCVR MAJAPP SMLAPP MISCEQ APPAR MENBOY MENSIX
BOYFIF WOMGRL WOMSIX GRLFIF CHLDRN FOOTWR OTHAPL TRANS CARTKN CARTKU OTHVEH
GASMO VEHFIN MAINRP VEHINS PUBTRA VRNTLO TRNTRP TRNOTH HEALTH HLTHIN MEDSRV
PREDRG MEDSUP ENTERT FEEADM TVRDIO OTHEQP PETTOY OTHENT PERSCA READ EDUCA
TOBACC MISCX4 CASHCO PERINS LIFINS RETPEN;
MPRINT(SUMVARS):   DO I = 1 TO DIM(AGGARR);
MPRINT(SUMVARS):   AVGARR{I} = AGGARR{I} / TOTPOP;
MPRINT(SUMVARS):   END;
MPRINT(SUMVARS):   RUN;

NOTE: There were 1 observations read from the data set WORK.POP.
NOTE: There were 1 observations read from the data set WORK.AGG.
NOTE: The data set WORK.AVERAGES has 1 observations and 80 variables.
NOTE: DATA statement used (Total process time):
      real time           0.06 seconds
      cpu time            0.03 seconds


MPRINT(SUMVARS):   PROC TRANSPOSE DATA = AVERAGES OUT = AVERAGES (RENAME =
(_NAME_ = NAME COL1 = VALUE));
MPRINT(SUMVARS):   RUN;

NOTE: There were 1 observations read from the data set WORK.AVERAGES.
NOTE: The data set WORK.AVERAGES has 80 observations and 2 variables.
NOTE: PROCEDURE TRANSPOSE used (Total process time):
      real time           0.09 seconds
      cpu time            0.04 seconds


MPRINT(SUMVARS):   PROC SORT DATA = AVERAGES;
MPRINT(SUMVARS):   BY NAME;
MPRINT(SUMVARS):   RUN;

NOTE: There were 80 observations read from the data set WORK.AVERAGES.
NOTE: The data set WORK.AVERAGES has 80 observations and 2 variables.
NOTE: PROCEDURE SORT used (Total process time):
      real time           0.03 seconds
      cpu time            0.01 seconds


MPRINT(SUMVARS):   DATA DSFINAL;
MPRINT(SUMVARS):   LENGTH NAME $32;
MPRINT(SUMVARS):   MERGE AVERAGES (IN = INAVER) DSUSRFLD (IN = INUSRFLD);
MPRINT(SUMVARS):   BY NAME;
MPRINT(SUMVARS):   IF (INAVER);
MPRINT(SUMVARS):   IF (^ INUSRFLD) THEN DO;
MPRINT(SUMVARS):   ORDER = 0;
MPRINT(SUMVARS):   INDENT = 1;
MPRINT(SUMVARS):   ROWLABEL = 'TOTAL POPULATION';
MPRINT(SUMVARS):   END;
MPRINT(SUMVARS):   RUN;

NOTE: There were 80 observations read from the data set WORK.AVERAGES.
NOTE: There were 79 observations read from the data set WORK.DSUSRFLD.
NOTE: The data set WORK.DSFINAL has 80 observations and 5 variables.
NOTE: DATA statement used (Total process time):
      real time           0.01 seconds
      cpu time            0.01 seconds


MPRINT(SUMVARS):   PROC SORT DATA = DSFINAL;
MPRINT(SUMVARS):   BY ORDER;
MPRINT(SUMVARS):   RUN;

NOTE: There were 80 observations read from the data set WORK.DSFINAL.
NOTE: The data set WORK.DSFINAL has 80 observations and 5 variables.
NOTE: PROCEDURE SORT used (Total process time):
      real time           0.06 seconds
      cpu time            0.03 seconds


MPRINT(SUMVARS):   DATA _NULL_;
MPRINT(SUMVARS):   FILE PRINT;
MPRINT(SUMVARS):   RETAIN GEN_IND 4;
MPRINT(SUMVARS):   SET DSFINAL;
MPRINT(SUMVARS):   PUT @(GEN_IND + INDENT) ROWLABEL @66 VALUE COMMA14.;
MPRINT(SUMVARS):   TITLE 'ANNUAL AVERAGE EXPENDITURE';
MPRINT(SUMVARS):   TITLE4 ' ';
MPRINT(SUMVARS):   RUN;

NOTE: 80 lines were written to file PRINT.
NOTE: There were 80 observations read from the data set WORK.DSFINAL.
NOTE: DATA statement used (Total process time):
      real time           0.32 seconds
      cpu time            0.00 seconds


MLOGIC(SUMVARS):  Ending execution.

