481  /* THIS PROGRAM CALCULATES THE WEIGHTED MEANS AND AVERAGES USING        */
482  /* THE SUMMARY VARIABLES FROM THE FMLY FILES BASED ON THE CALENDAR YEAR */
483
484  OPTIONS PS = 59 LS = 80 MPRINT MLOGIC SYMBOLGEN;
485
486  %MACRO SUMVARS;
487
488  /*Enter Data Year*/
489  %LET YEAR4 = 2008;
490  /*Enter location of the unzipped microdata file*/
491  /*Be sure to keep the same file structure as on the CD*/
492  %LET DRIVE = C:\2008_CEX;
493
494
495
496
497    %LET YEAR2 = %SUBSTR(&YEAR4, 3, 2);
498    %LET YR4NEXT = %EVAL(&YEAR4 + 1);
499    %LET YR2NEXT = %SUBSTR(&YR4NEXT, 3, 2);
500    %LET ERRFLG = N;
501
502    /* GET LIST OF FIELDS AVAILABLE FROM THE INPUT FILE */
503    /* REPLACE THIS LIBNAME WITH LIBNAME FOR YOUR DATA LIBRARY */
504
505    LIBNAME INDATA "&DRIVE\INTRVW&YEAR2" ACCESS = READONLY;
506
507    PROC CONTENTS DATA = INDATA.FMLI&YR2NEXT.1 NOPRINT
508                  OUT = INDCONT (KEEP = NAME);
509    RUN;
510
511    DATA INDPQ INDCQ;
512      LENGTH NAME $32;
513      SET INDCONT;
514      NAME = UPCASE(NAME);
515      IF (LEFT(REVERSE(NAME)) =: 'QC') THEN OUTPUT INDCQ;
516      ELSE IF (LEFT(REVERSE(NAME)) =: 'QP') THEN OUTPUT INDPQ;
517    RUN;
518
519    /* GET LIST OF REQUESTED FIELDS FROM THE USER FIELDS FILE */
520    /* REPLACE THIS FILENAME WITH FILENAME FOR YOUR TEXT FILE */
521
522    FILENAME PARFILE "&DRIVE.\Programs\PUSUMVARS.TXT";
523
524    DATA DSUSRFLD;
525      LENGTH ROWLABEL $50;
526      INFILE PARFILE DSD;
527      INPUT NAME : $CHAR32. ROWLABEL;
528      INDENT = VERIFY (NAME, ' ');
529      NAME = LEFT (UPCASE (NAME));
530      ORDER = _N_;
531    RUN;
532
533    DATA DSUSRFLD (DROP = USRNAME)
534         DSUSRPQ (KEEP = NAME)
535         DSUSRCQ (KEEP = NAME);
536      SET DSUSRFLD (RENAME = (NAME = USRNAME));
537      NAME = TRIM(LEFT(USRNAME));
538      OUTPUT DSUSRFLD;
539      NAME = TRIM(LEFT(USRNAME)) || 'PQ';
540      OUTPUT DSUSRPQ;
541      NAME = TRIM(LEFT(USRNAME)) || 'CQ';
542      OUTPUT DSUSRCQ;
543    RUN;
544
545    /* CREATE MACRO LISTS OF INPUT & COMPUTED FIELDS */
546
547    PROC SQL NOPRINT;
548      SELECT NAME INTO : CQVARS SEPARATED BY ' ' FROM DSUSRCQ;
549      SELECT NAME INTO : PQVARS SEPARATED BY ' ' FROM DSUSRPQ;
550      SELECT NAME INTO : COMPVARS SEPARATED BY ' ' FROM DSUSRFLD;
551    QUIT;
552    PROC SORT DATA = DSUSRFLD;
553      BY NAME;
554    RUN;
555
556    PROC SORT DATA = DSUSRPQ;
557      BY NAME;
558    RUN;
559
560    PROC SORT DATA = DSUSRCQ;
561      BY NAME;
562    RUN;
563
564    /* ERROR IF THE SAME FIELD NAME IS REPEATED MORE THAN ONCE IN USER FILE
564! */
565
566    DATA DSUSRFLD;
567      SET DSUSRFLD;
568      BY NAME;
569      IF (^ (FIRST.NAME & LAST.NAME)) THEN DO;
570        CALL SYMPUT('ERRFLG', 'Y');
571        PUT 'ERROR: DUPLICATE VARIABLE NAME IN FIELD LIST FILE. ' NAME=;
572      END;
573    RUN;
574
575    /* MATCH FIELDS FROM STUB FILE AGAINST INPUT DATA FIELDS
575!         */
576    /* IF ANY OF THE REQUESTED FIELDS NOT FOUND IN INPUT DATA GENERATE ERROR
576! LISTING */
577    /* OTHERWISE CREATE A FINAL LIST OF EXPENDITURE FIELDS TO PROCESS
577!         */
578
579    DATA DSPQ;
580      MERGE DSUSRPQ (IN = INUSRPQ)
581            INDPQ (IN = INDPQ);
582      BY NAME;
583      IF (INUSRPQ);
584      IF (INDPQ) THEN OUTPUT DSPQ;
585      ELSE DO;
586        CALL SYMPUT('ERRFLG', 'Y');
587        PUT 'ERROR: REQUESTED VARIABLE NOT FOUND IN INPUT DATASET. ' NAME=;
588      END;
589    RUN;
590
591    DATA DSCQ;
592      MERGE DSUSRCQ (IN = INUSRCQ)
593            INDCQ (IN = INDCQ);
594      BY NAME;
595      IF (INUSRCQ);
596      IF (INDCQ) THEN OUTPUT DSCQ;
597      ELSE DO;
598        CALL SYMPUT('ERRFLG', 'Y');
599        PUT 'ERROR: REQUESTED VARIABLE NOT FOUND IN INPUT DATASET. ' NAME=;
600      END;
601    RUN;
602
603    %IF (&ERRFLG = Y) %THEN %DO;
604      %PUT PROGRAM TERMINATING.;
605      %GOTO EXIT;
606    %END;
607
608    /* THIS STEP PULLS IN THE WEIGHT VARIABLES AND SUMMARY VARIABLES       */
609    /* MO_SCOPE IS USED TO ADJUST THE POPULATION WEIGHTS FOR CALENDAR YEAR */
610    /* SEE DOCUMENTATION, SECTION V. ESTIMATION PROCEDURES - A.1.B.        */
611    /* CALENDAR PERIOD VERSUS COLLECTION PERIOD, FOR MORE INFORMATION.     */
612
613    DATA FMLY (KEEP = NEWID MFNLWT21 FINLWT21 &COMPVARS);
614      SET INDATA.FMLI&YEAR2.1X (IN = IN1)
615          INDATA.FMLI&YEAR2.2 (IN = IN2)
616          INDATA.FMLI&YEAR2.3 (IN = IN3)
617          INDATA.FMLI&YEAR2.4 (IN = IN4)
618          INDATA.FMLI&YR2NEXT.1 (IN = IN5);
619
620      IF (IN1) THEN MO_SCOPE = INPUT(QINTRVMO, 2.) - 1;
621      ELSE IF (IN5) THEN MO_SCOPE = 4 - INPUT(QINTRVMO, 2.);
622      ELSE MO_SCOPE = 3;
623      /* THIS IS THE NEW (CALENDAR-YEAR ADJUSTED) POPULATION WEIGHT TO BE
623! SUMMED FOR TOTAL POP */
624      MFNLWT21 = FINLWT21 * MO_SCOPE / 12;
625
626      /* THIS ARRAY READS IN ALL PQ VARIABLES: EXPENDITURES FROM PREVIOUS
626! QUARTER */
627      ARRAY PQARR (*) &PQVARS;
628      /* THIS ARRAY READS IN ALL CQ VARIABLES: EXPENDITURES FROM CURRENT
628! QUARTER */
629      ARRAY CQARR (*) &CQVARS;
630      /* THIS ARRAY COMPILES THE EXPENDITURE VARIABLES TO MATCH TO THE
630! DESIRED CALENDAR YEAR */
631      ARRAY COMPARR (*) &COMPVARS;
632      DO I = 1 TO DIM(COMPARR);
633        /* IF THE INTERVIEW IS IN THE FIRST QUARTER OF THE DESIRED CALENDAR
633! YEAR,             */
634        /* THEN ALL EXPENDITURES IN THE PREVIOUS QUARTER WILL FALL IN THE
634! LAST CALENDAR YEAR, */
635        /* SO ONLY CURRENT QUARTER EXPENDITURES SHOULD BE INCLUDED.
635!                  */
636        IF (IN1) THEN COMPARR{I} = CQARR{I};
637        /* IF THE INTERVIEW IS IN THE FIFTH QUARTER, THEN ALL CURRENT QUARTER
637!  EXPENDITURES WILL FALL   */
638        /* OUTSIDE THE CURRENT CALENDAR YEAR, SO ONLY PREVIOUS QUARTER
638! EXPENDITURES SHOULD BE INCLUDED */
639        ELSE IF (IN5) THEN COMPARR{I} = PQARR{I};
640        ELSE COMPARR{I} = SUM(PQARR{I}, CQARR{I});
641      END;
642    RUN;
643
644    /* SUM THE CALENDAR YEAR WEIGHTS TO CREATE THE TOTAL POPULATION */
645
646    PROC SUMMARY DATA = FMLY;
647      VAR MFNLWT21;
648      OUTPUT OUT = POP (DROP = _TYPE_ _FREQ_) SUM = TOTPOP;
649    RUN;
650
651    PROC PRINT DATA = POP;
652      TITLE 'TOTAL POPULATION';
653    RUN;
654
655    /* CALCULATE THE WEIGHTED AGGREGATES FOR THE POPULATION */
656
657    PROC SUMMARY DATA = FMLY SUM;
658      VAR &COMPVARS;
659      WEIGHT FINLWT21;
660      OUTPUT OUT = AGG (DROP = _TYPE_ _FREQ_) SUM = &COMPVARS;
661    RUN;
662
663    PROC PRINT DATA = AGG;
664      TITLE 'AGGREGATES';
665    RUN;
666
667    /* CALCULATE THE AVERAGE EXPENDITURE FOR THE SUMMARY VARIABLE OF CHOICE
667! */
668    /* BY DIVIDING THE AGGREGATES BY THE TOTAL POPULATION
668! */
669
670    DATA AVERAGES (DROP = I);
671      SET POP;
672      SET AGG;
673      ARRAY AGGARR (*) &COMPVARS;
674      ARRAY AVGARR (*) &COMPVARS;
675      DO I = 1 TO DIM(AGGARR);
676          AVGARR{I} = AGGARR{I} / TOTPOP;
677      END;
678    RUN;
679
680    /* MERGE WITH THE ROW LABELS AND PRINT THE REPORT */
681
682    PROC TRANSPOSE DATA = AVERAGES OUT = AVERAGES (RENAME = (_NAME_ = NAME
682! COL1 = VALUE));
683    RUN;
684
685    PROC SORT DATA = AVERAGES;
686      BY NAME;
687    RUN;
688
689    DATA DSFINAL;
690      LENGTH NAME $32;
691      MERGE AVERAGES (IN = INAVER)
692            DSUSRFLD (IN = INUSRFLD);
693      BY NAME;
694      IF (INAVER);
695      IF (^ INUSRFLD) THEN DO;
696        ORDER = 0;
697        INDENT = 1;
698        ROWLABEL = 'TOTAL POPULATION';
699      END;
700    RUN;
701
702    PROC SORT DATA = DSFINAL;
703      BY ORDER;
704    RUN;
705
706    DATA _NULL_;
707      FILE PRINT;
708      RETAIN GEN_IND 4;
709      SET DSFINAL;
710      PUT @(GEN_IND + INDENT) ROWLABEL
711          @66 VALUE COMMA14.;
712      TITLE 'ANNUAL AVERAGE EXPENDITURE';
713      TITLE4 ' ';
714    RUN;
715
716    %EXIT:
717
718  %MEND SUMVARS;
719
720  %SUMVARS
MLOGIC(SUMVARS):  Beginning execution.
MLOGIC(SUMVARS):  %LET (variable name is YEAR4)
MLOGIC(SUMVARS):  %LET (variable name is DRIVE)
MLOGIC(SUMVARS):  %LET (variable name is YEAR2)
SYMBOLGEN:  Macro variable YEAR4 resolves to 2008
MLOGIC(SUMVARS):  %LET (variable name is YR4NEXT)
SYMBOLGEN:  Macro variable YEAR4 resolves to 2008
MLOGIC(SUMVARS):  %LET (variable name is YR2NEXT)
SYMBOLGEN:  Macro variable YR4NEXT resolves to 2009
MLOGIC(SUMVARS):  %LET (variable name is ERRFLG)
SYMBOLGEN:  Macro variable DRIVE resolves to C:\2008_CEX
SYMBOLGEN:  Macro variable YEAR2 resolves to 08
MPRINT(SUMVARS):   LIBNAME INDATA "C:\2008_CEX\INTRVW08" ACCESS = READONLY;
NOTE: Libref INDATA was successfully assigned as follows:
      Engine:        V9
      Physical Name: C:\2008_CEX\INTRVW08
SYMBOLGEN:  Macro variable YR2NEXT resolves to 09
NOTE: Data file INDATA.FMLI091.DATA is in a format native to another host or
      the file encoding does not match the session encoding. Cross Environment
      Data Access will be used, which may require additional CPU resources and
      reduce performance.
MPRINT(SUMVARS):   PROC CONTENTS DATA = INDATA.FMLI091 NOPRINT OUT = INDCONT
(KEEP = NAME);
MPRINT(SUMVARS):   RUN;

NOTE: The data set WORK.INDCONT has 912 observations and 1 variables.
NOTE: PROCEDURE CONTENTS used (Total process time):
      real time           0.18 seconds
      cpu time            0.06 seconds


MPRINT(SUMVARS):   DATA INDPQ INDCQ;
MPRINT(SUMVARS):   LENGTH NAME $32;
MPRINT(SUMVARS):   SET INDCONT;
MPRINT(SUMVARS):   NAME = UPCASE(NAME);
MPRINT(SUMVARS):   IF (LEFT(REVERSE(NAME)) =: 'QC') THEN OUTPUT INDCQ;
MPRINT(SUMVARS):   ELSE IF (LEFT(REVERSE(NAME)) =: 'QP') THEN OUTPUT INDPQ;
MPRINT(SUMVARS):   RUN;

NOTE: There were 912 observations read from the data set WORK.INDCONT.
NOTE: The data set WORK.INDPQ has 83 observations and 1 variables.
NOTE: The data set WORK.INDCQ has 83 observations and 1 variables.
NOTE: DATA statement used (Total process time):
      real time           0.03 seconds
      cpu time            0.01 seconds


SYMBOLGEN:  Macro variable DRIVE resolves to C:\2008_CEX
MPRINT(SUMVARS):   FILENAME PARFILE "C:\2008_CEX\Programs\PUSUMVARS.TXT";
MPRINT(SUMVARS):   DATA DSUSRFLD;
MPRINT(SUMVARS):   LENGTH ROWLABEL $50;
MPRINT(SUMVARS):   INFILE PARFILE DSD;
MPRINT(SUMVARS):   INPUT NAME : $CHAR32. ROWLABEL;
MPRINT(SUMVARS):   INDENT = VERIFY (NAME, ' ');
MPRINT(SUMVARS):   NAME = LEFT (UPCASE (NAME));
MPRINT(SUMVARS):   ORDER = _N_;
MPRINT(SUMVARS):   RUN;

NOTE: The infile PARFILE is:
      File Name=C:\2008_CEX\Programs\PUSUMVARS.TXT,
      RECFM=V,LRECL=256

NOTE: 79 records were read from the infile PARFILE.
      The minimum record length was 13.
      The maximum record length was 68.
NOTE: The data set WORK.DSUSRFLD has 79 observations and 4 variables.
NOTE: DATA statement used (Total process time):
      real time           0.09 seconds
      cpu time            0.03 seconds


MPRINT(SUMVARS):   DATA DSUSRFLD (DROP = USRNAME) DSUSRPQ (KEEP = NAME) DSUSRCQ
(KEEP = NAME);
MPRINT(SUMVARS):   SET DSUSRFLD (RENAME = (NAME = USRNAME));
MPRINT(SUMVARS):   NAME = TRIM(LEFT(USRNAME));
MPRINT(SUMVARS):   OUTPUT DSUSRFLD;
MPRINT(SUMVARS):   NAME = TRIM(LEFT(USRNAME)) || 'PQ';
MPRINT(SUMVARS):   OUTPUT DSUSRPQ;
MPRINT(SUMVARS):   NAME = TRIM(LEFT(USRNAME)) || 'CQ';
MPRINT(SUMVARS):   OUTPUT DSUSRCQ;
MPRINT(SUMVARS):   RUN;

NOTE: There were 79 observations read from the data set WORK.DSUSRFLD.
NOTE: The data set WORK.DSUSRFLD has 79 observations and 4 variables.
NOTE: The data set WORK.DSUSRPQ has 79 observations and 1 variables.
NOTE: The data set WORK.DSUSRCQ has 79 observations and 1 variables.
NOTE: DATA statement used (Total process time):
      real time           0.04 seconds
      cpu time            0.04 seconds


MPRINT(SUMVARS):   PROC SQL NOPRINT;
MPRINT(SUMVARS):   SELECT NAME INTO : CQVARS SEPARATED BY ' ' FROM DSUSRCQ;
MPRINT(SUMVARS):   SELECT NAME INTO : PQVARS SEPARATED BY ' ' FROM DSUSRPQ;
MPRINT(SUMVARS):   SELECT NAME INTO : COMPVARS SEPARATED BY ' ' FROM DSUSRFLD;
MPRINT(SUMVARS):   QUIT;
NOTE: PROCEDURE SQL used (Total process time):
      real time           0.00 seconds
      cpu time            0.00 seconds


MPRINT(SUMVARS):   PROC SORT DATA = DSUSRFLD;
MPRINT(SUMVARS):   BY NAME;
MPRINT(SUMVARS):   RUN;

NOTE: There were 79 observations read from the data set WORK.DSUSRFLD.
NOTE: The data set WORK.DSUSRFLD has 79 observations and 4 variables.
NOTE: PROCEDURE SORT used (Total process time):
      real time           0.10 seconds
      cpu time            0.00 seconds


MPRINT(SUMVARS):   PROC SORT DATA = DSUSRPQ;
MPRINT(SUMVARS):   BY NAME;
MPRINT(SUMVARS):   RUN;

NOTE: There were 79 observations read from the data set WORK.DSUSRPQ.
NOTE: The data set WORK.DSUSRPQ has 79 observations and 1 variables.
NOTE: PROCEDURE SORT used (Total process time):
      real time           0.03 seconds
      cpu time            0.01 seconds


MPRINT(SUMVARS):   PROC SORT DATA = DSUSRCQ;
MPRINT(SUMVARS):   BY NAME;
MPRINT(SUMVARS):   RUN;

NOTE: There were 79 observations read from the data set WORK.DSUSRCQ.
NOTE: The data set WORK.DSUSRCQ has 79 observations and 1 variables.
NOTE: PROCEDURE SORT used (Total process time):
      real time           0.04 seconds
      cpu time            0.01 seconds


MPRINT(SUMVARS):   DATA DSUSRFLD;
MPRINT(SUMVARS):   SET DSUSRFLD;
MPRINT(SUMVARS):   BY NAME;
MPRINT(SUMVARS):   IF (^ (FIRST.NAME & LAST.NAME)) THEN DO;
MPRINT(SUMVARS):   CALL SYMPUT('ERRFLG', 'Y');
MPRINT(SUMVARS):   PUT 'ERROR: DUPLICATE VARIABLE NAME IN FIELD LIST FILE. '
NAME=;
MPRINT(SUMVARS):   END;
MPRINT(SUMVARS):   RUN;

NOTE: There were 79 observations read from the data set WORK.DSUSRFLD.
NOTE: The data set WORK.DSUSRFLD has 79 observations and 4 variables.
NOTE: DATA statement used (Total process time):
      real time           0.01 seconds
      cpu time            0.00 seconds


MPRINT(SUMVARS):   DATA DSPQ;
MPRINT(SUMVARS):   MERGE DSUSRPQ (IN = INUSRPQ) INDPQ (IN = INDPQ);
MPRINT(SUMVARS):   BY NAME;
MPRINT(SUMVARS):   IF (INUSRPQ);
MPRINT(SUMVARS):   IF (INDPQ) THEN OUTPUT DSPQ;
MPRINT(SUMVARS):   ELSE DO;
MPRINT(SUMVARS):   CALL SYMPUT('ERRFLG', 'Y');
MPRINT(SUMVARS):   PUT 'ERROR: REQUESTED VARIABLE NOT FOUND IN INPUT DATASET. '
NAME=;
MPRINT(SUMVARS):   END;
MPRINT(SUMVARS):   RUN;

NOTE: There were 79 observations read from the data set WORK.DSUSRPQ.
NOTE: There were 83 observations read from the data set WORK.INDPQ.
NOTE: The data set WORK.DSPQ has 79 observations and 1 variables.
NOTE: DATA statement used (Total process time):
      real time           0.06 seconds
      cpu time            0.00 seconds


MPRINT(SUMVARS):   DATA DSCQ;
MPRINT(SUMVARS):   MERGE DSUSRCQ (IN = INUSRCQ) INDCQ (IN = INDCQ);
MPRINT(SUMVARS):   BY NAME;
MPRINT(SUMVARS):   IF (INUSRCQ);
MPRINT(SUMVARS):   IF (INDCQ) THEN OUTPUT DSCQ;
MPRINT(SUMVARS):   ELSE DO;
MPRINT(SUMVARS):   CALL SYMPUT('ERRFLG', 'Y');
MPRINT(SUMVARS):   PUT 'ERROR: REQUESTED VARIABLE NOT FOUND IN INPUT DATASET. '
NAME=;
MPRINT(SUMVARS):   END;
MPRINT(SUMVARS):   RUN;

NOTE: There were 79 observations read from the data set WORK.DSUSRCQ.
NOTE: There were 83 observations read from the data set WORK.INDCQ.
NOTE: The data set WORK.DSCQ has 79 observations and 1 variables.
NOTE: DATA statement used (Total process time):
      real time           0.03 seconds
      cpu time            0.01 seconds


SYMBOLGEN:  Macro variable ERRFLG resolves to N
MLOGIC(SUMVARS):  %IF condition (&ERRFLG = Y) is FALSE
SYMBOLGEN:  Macro variable COMPVARS resolves to TOTEX4 FOOD FDHOME FDAWAY
            FDXMAP FDMAP ALCBEV HOUS SHELT OWNDWE MRTINT PROPTX MRPINS RENDWE
            RNTXRP RNTAPY OTHLOD UTIL NTLGAS ELCTRC ALLFUL FULOIL OTHFLS TELEPH
            WATRPS HOUSOP DOMSRV DMSXCC BBYDAY OTHHEX HOUSEQ TEXTIL FURNTR
            FLRCVR MAJAPP SMLAPP MISCEQ APPAR MENBOY MENSIX BOYFIF WOMGRL
            WOMSIX GRLFIF CHLDRN FOOTWR OTHAPL TRANS CARTKN CARTKU OTHVEH GASMO
            VEHFIN MAINRP VEHINS PUBTRA VRNTLO TRNTRP TRNOTH HEALTH HLTHIN
            MEDSRV PREDRG MEDSUP ENTERT FEEADM TVRDIO OTHEQP PETTOY OTHENT
            PERSCA READ EDUCA TOBACC MISCX4 CASHCO PERINS LIFINS RETPEN
MPRINT(SUMVARS):   DATA FMLY (KEEP = NEWID MFNLWT21 FINLWT21 TOTEX4 FOOD FDHOME
FDAWAY FDXMAP FDMAP ALCBEV HOUS SHELT OWNDWE MRTINT PROPTX MRPINS RENDWE RNTXRP
RNTAPY OTHLOD UTIL NTLGAS ELCTRC ALLFUL FULOIL OTHFLS TELEPH WATRPS HOUSOP
DOMSRV DMSXCC BBYDAY OTHHEX HOUSEQ TEXTIL FURNTR FLRCVR MAJAPP SMLAPP MISCEQ
APPAR MENBOY MENSIX BOYFIF WOMGRL WOMSIX GRLFIF CHLDRN FOOTWR OTHAPL TRANS
CARTKN CARTKU OTHVEH GASMO VEHFIN MAINRP VEHINS PUBTRA VRNTLO TRNTRP TRNOTH
HEALTH HLTHIN MEDSRV PREDRG MEDSUP ENTERT FEEADM TVRDIO OTHEQP PETTOY OTHENT
PERSCA READ EDUCA TOBACC MISCX4 CASHCO PERINS LIFINS RETPEN);
SYMBOLGEN:  Macro variable YEAR2 resolves to 08
SYMBOLGEN:  Macro variable YEAR2 resolves to 08
SYMBOLGEN:  Macro variable YEAR2 resolves to 08
SYMBOLGEN:  Macro variable YEAR2 resolves to 08
SYMBOLGEN:  Macro variable YR2NEXT resolves to 09
MPRINT(SUMVARS):   SET INDATA.FMLI081X (IN = IN1) INDATA.FMLI082 (IN = IN2)
INDATA.FMLI083 (IN = IN3) INDATA.FMLI084 (IN = IN4) INDATA.FMLI091 (IN = IN5);
NOTE: Data file INDATA.FMLI081X.DATA is in a format native to another host or
      the file encoding does not match the session encoding. Cross Environment
      Data Access will be used, which may require additional CPU resources and
      reduce performance.
NOTE: Data file INDATA.FMLI082.DATA is in a format native to another host or
      the file encoding does not match the session encoding. Cross Environment
      Data Access will be used, which may require additional CPU resources and
      reduce performance.
NOTE: Data file INDATA.FMLI083.DATA is in a format native to another host or
      the file encoding does not match the session encoding. Cross Environment
      Data Access will be used, which may require additional CPU resources and
      reduce performance.
NOTE: Data file INDATA.FMLI084.DATA is in a format native to another host or
      the file encoding does not match the session encoding. Cross Environment
      Data Access will be used, which may require additional CPU resources and
      reduce performance.
NOTE: Data file INDATA.FMLI091.DATA is in a format native to another host or
      the file encoding does not match the session encoding. Cross Environment
      Data Access will be used, which may require additional CPU resources and
      reduce performance.
MPRINT(SUMVARS):   IF (IN1) THEN MO_SCOPE = INPUT(QINTRVMO, 2.) - 1;
MPRINT(SUMVARS):   ELSE IF (IN5) THEN MO_SCOPE = 4 - INPUT(QINTRVMO, 2.);
MPRINT(SUMVARS):   ELSE MO_SCOPE = 3;
MPRINT(SUMVARS):   MFNLWT21 = FINLWT21 * MO_SCOPE / 12;
SYMBOLGEN:  Macro variable PQVARS resolves to TOTEX4PQ FOODPQ FDHOMEPQ FDAWAYPQ
            FDXMAPPQ FDMAPPQ ALCBEVPQ HOUSPQ SHELTPQ OWNDWEPQ MRTINTPQ PROPTXPQ
            MRPINSPQ RENDWEPQ RNTXRPPQ RNTAPYPQ OTHLODPQ UTILPQ NTLGASPQ
            ELCTRCPQ ALLFULPQ FULOILPQ OTHFLSPQ TELEPHPQ WATRPSPQ HOUSOPPQ
            DOMSRVPQ DMSXCCPQ BBYDAYPQ OTHHEXPQ HOUSEQPQ TEXTILPQ FURNTRPQ
            FLRCVRPQ MAJAPPPQ SMLAPPPQ MISCEQPQ APPARPQ MENBOYPQ MENSIXPQ
            BOYFIFPQ WOMGRLPQ WOMSIXPQ GRLFIFPQ CHLDRNPQ FOOTWRPQ OTHAPLPQ
            TRANSPQ CARTKNPQ CARTKUPQ OTHVEHPQ GASMOPQ VEHFINPQ MAINRPPQ
            VEHINSPQ PUBTRAPQ VRNTLOPQ TRNTRPPQ TRNOTHPQ HEALTHPQ HLTHINPQ
            MEDSRVPQ PREDRGPQ MEDSUPPQ ENTERTPQ FEEADMPQ TVRDIOPQ OTHEQPPQ
            PETTOYPQ OTHENTPQ PERSCAPQ READPQ EDUCAPQ TOBACCPQ MISCX4PQ
            CASHCOPQ PERINSPQ LIFINSPQ RETPENPQ
MPRINT(SUMVARS):   ARRAY PQARR (*) TOTEX4PQ FOODPQ FDHOMEPQ FDAWAYPQ FDXMAPPQ
FDMAPPQ ALCBEVPQ HOUSPQ SHELTPQ OWNDWEPQ MRTINTPQ PROPTXPQ MRPINSPQ RENDWEPQ
RNTXRPPQ RNTAPYPQ OTHLODPQ UTILPQ NTLGASPQ ELCTRCPQ ALLFULPQ FULOILPQ OTHFLSPQ
TELEPHPQ WATRPSPQ HOUSOPPQ DOMSRVPQ DMSXCCPQ BBYDAYPQ OTHHEXPQ HOUSEQPQ
TEXTILPQ FURNTRPQ FLRCVRPQ MAJAPPPQ SMLAPPPQ MISCEQPQ APPARPQ MENBOYPQ MENSIXPQ
BOYFIFPQ WOMGRLPQ WOMSIXPQ GRLFIFPQ CHLDRNPQ FOOTWRPQ OTHAPLPQ TRANSPQ CARTKNPQ
CARTKUPQ OTHVEHPQ GASMOPQ VEHFINPQ MAINRPPQ VEHINSPQ PUBTRAPQ VRNTLOPQ TRNTRPPQ
TRNOTHPQ HEALTHPQ HLTHINPQ MEDSRVPQ PREDRGPQ MEDSUPPQ ENTERTPQ FEEADMPQ
TVRDIOPQ OTHEQPPQ PETTOYPQ OTHENTPQ PERSCAPQ READPQ EDUCAPQ TOBACCPQ MISCX4PQ
CASHCOPQ PERINSPQ LIFINSPQ RETPENPQ;
SYMBOLGEN:  Macro variable CQVARS resolves to TOTEX4CQ FOODCQ FDHOMECQ FDAWAYCQ
            FDXMAPCQ FDMAPCQ ALCBEVCQ HOUSCQ SHELTCQ OWNDWECQ MRTINTCQ PROPTXCQ
            MRPINSCQ RENDWECQ RNTXRPCQ RNTAPYCQ OTHLODCQ UTILCQ NTLGASCQ
            ELCTRCCQ ALLFULCQ FULOILCQ OTHFLSCQ TELEPHCQ WATRPSCQ HOUSOPCQ
            DOMSRVCQ DMSXCCCQ BBYDAYCQ OTHHEXCQ HOUSEQCQ TEXTILCQ FURNTRCQ
            FLRCVRCQ MAJAPPCQ SMLAPPCQ MISCEQCQ APPARCQ MENBOYCQ MENSIXCQ
            BOYFIFCQ WOMGRLCQ WOMSIXCQ GRLFIFCQ CHLDRNCQ FOOTWRCQ OTHAPLCQ
            TRANSCQ CARTKNCQ CARTKUCQ OTHVEHCQ GASMOCQ VEHFINCQ MAINRPCQ
            VEHINSCQ PUBTRACQ VRNTLOCQ TRNTRPCQ TRNOTHCQ HEALTHCQ HLTHINCQ
            MEDSRVCQ PREDRGCQ MEDSUPCQ ENTERTCQ FEEADMCQ TVRDIOCQ OTHEQPCQ
            PETTOYCQ OTHENTCQ PERSCACQ READCQ EDUCACQ TOBACCCQ MISCX4CQ
            CASHCOCQ PERINSCQ LIFINSCQ RETPENCQ
MPRINT(SUMVARS):   ARRAY CQARR (*) TOTEX4CQ FOODCQ FDHOMECQ FDAWAYCQ FDXMAPCQ
FDMAPCQ ALCBEVCQ HOUSCQ SHELTCQ OWNDWECQ MRTINTCQ PROPTXCQ MRPINSCQ RENDWECQ
RNTXRPCQ RNTAPYCQ OTHLODCQ UTILCQ NTLGASCQ ELCTRCCQ ALLFULCQ FULOILCQ OTHFLSCQ
TELEPHCQ WATRPSCQ HOUSOPCQ DOMSRVCQ DMSXCCCQ BBYDAYCQ OTHHEXCQ HOUSEQCQ
TEXTILCQ FURNTRCQ FLRCVRCQ MAJAPPCQ SMLAPPCQ MISCEQCQ APPARCQ MENBOYCQ MENSIXCQ
BOYFIFCQ WOMGRLCQ WOMSIXCQ GRLFIFCQ CHLDRNCQ FOOTWRCQ OTHAPLCQ TRANSCQ CARTKNCQ
CARTKUCQ OTHVEHCQ GASMOCQ VEHFINCQ MAINRPCQ VEHINSCQ PUBTRACQ VRNTLOCQ TRNTRPCQ
TRNOTHCQ HEALTHCQ HLTHINCQ MEDSRVCQ PREDRGCQ MEDSUPCQ ENTERTCQ FEEADMCQ
TVRDIOCQ OTHEQPCQ PETTOYCQ OTHENTCQ PERSCACQ READCQ EDUCACQ TOBACCCQ MISCX4CQ
CASHCOCQ PERINSCQ LIFINSCQ RETPENCQ;
SYMBOLGEN:  Macro variable COMPVARS resolves to TOTEX4 FOOD FDHOME FDAWAY
            FDXMAP FDMAP ALCBEV HOUS SHELT OWNDWE MRTINT PROPTX MRPINS RENDWE
            RNTXRP RNTAPY OTHLOD UTIL NTLGAS ELCTRC ALLFUL FULOIL OTHFLS TELEPH
            WATRPS HOUSOP DOMSRV DMSXCC BBYDAY OTHHEX HOUSEQ TEXTIL FURNTR
            FLRCVR MAJAPP SMLAPP MISCEQ APPAR MENBOY MENSIX BOYFIF WOMGRL
            WOMSIX GRLFIF CHLDRN FOOTWR OTHAPL TRANS CARTKN CARTKU OTHVEH GASMO
            VEHFIN MAINRP VEHINS PUBTRA VRNTLO TRNTRP TRNOTH HEALTH HLTHIN
            MEDSRV PREDRG MEDSUP ENTERT FEEADM TVRDIO OTHEQP PETTOY OTHENT
            PERSCA READ EDUCA TOBACC MISCX4 CASHCO PERINS LIFINS RETPEN
MPRINT(SUMVARS):   ARRAY COMPARR (*) TOTEX4 FOOD FDHOME FDAWAY FDXMAP FDMAP
ALCBEV HOUS SHELT OWNDWE MRTINT PROPTX MRPINS RENDWE RNTXRP RNTAPY OTHLOD UTIL
NTLGAS ELCTRC ALLFUL FULOIL OTHFLS TELEPH WATRPS HOUSOP DOMSRV DMSXCC BBYDAY
OTHHEX HOUSEQ TEXTIL FURNTR FLRCVR MAJAPP SMLAPP MISCEQ APPAR MENBOY MENSIX
BOYFIF WOMGRL WOMSIX GRLFIF CHLDRN FOOTWR OTHAPL TRANS CARTKN CARTKU OTHVEH
GASMO VEHFIN MAINRP VEHINS PUBTRA VRNTLO TRNTRP TRNOTH HEALTH HLTHIN MEDSRV
PREDRG MEDSUP ENTERT FEEADM TVRDIO OTHEQP PETTOY OTHENT PERSCA READ EDUCA
TOBACC MISCX4 CASHCO PERINS LIFINS RETPEN;
MPRINT(SUMVARS):   DO I = 1 TO DIM(COMPARR);
MPRINT(SUMVARS):   IF (IN1) THEN COMPARR{I} = CQARR{I};
MPRINT(SUMVARS):   ELSE IF (IN5) THEN COMPARR{I} = PQARR{I};
MPRINT(SUMVARS):   ELSE COMPARR{I} = SUM(PQARR{I}, CQARR{I});
MPRINT(SUMVARS):   END;
MPRINT(SUMVARS):   RUN;

NOTE: There were 6914 observations read from the data set INDATA.FMLI081X.
NOTE: There were 6942 observations read from the data set INDATA.FMLI082.
NOTE: There were 6794 observations read from the data set INDATA.FMLI083.
NOTE: There were 6895 observations read from the data set INDATA.FMLI084.
NOTE: There were 6940 observations read from the data set INDATA.FMLI091.
NOTE: The data set WORK.FMLY has 34485 observations and 82 variables.
NOTE: DATA statement used (Total process time):
      real time           4.26 seconds
      cpu time            2.01 seconds


MPRINT(SUMVARS):   PROC SUMMARY DATA = FMLY;
MPRINT(SUMVARS):   VAR MFNLWT21;
MPRINT(SUMVARS):   OUTPUT OUT = POP (DROP = _TYPE_ _FREQ_) SUM = TOTPOP;
MPRINT(SUMVARS):   RUN;

NOTE: There were 34485 observations read from the data set WORK.FMLY.
NOTE: The data set WORK.POP has 1 observations and 1 variables.
NOTE: PROCEDURE SUMMARY used (Total process time):
      real time           0.21 seconds
      cpu time            0.10 seconds


MPRINT(SUMVARS):   PROC PRINT DATA = POP;
MPRINT(SUMVARS):   TITLE 'TOTAL POPULATION';
MPRINT(SUMVARS):   RUN;
NOTE: There were 1 observations read from the data set WORK.POP.
NOTE: PROCEDURE PRINT used (Total process time):
      real time           0.10 seconds
      cpu time            0.03 seconds


MPRINT(SUMVARS):   PROC SUMMARY DATA = FMLY SUM;
SYMBOLGEN:  Macro variable COMPVARS resolves to TOTEX4 FOOD FDHOME FDAWAY
            FDXMAP FDMAP ALCBEV HOUS SHELT OWNDWE MRTINT PROPTX MRPINS RENDWE
            RNTXRP RNTAPY OTHLOD UTIL NTLGAS ELCTRC ALLFUL FULOIL OTHFLS TELEPH
            WATRPS HOUSOP DOMSRV DMSXCC BBYDAY OTHHEX HOUSEQ TEXTIL FURNTR
            FLRCVR MAJAPP SMLAPP MISCEQ APPAR MENBOY MENSIX BOYFIF WOMGRL
            WOMSIX GRLFIF CHLDRN FOOTWR OTHAPL TRANS CARTKN CARTKU OTHVEH GASMO
            VEHFIN MAINRP VEHINS PUBTRA VRNTLO TRNTRP TRNOTH HEALTH HLTHIN
            MEDSRV PREDRG MEDSUP ENTERT FEEADM TVRDIO OTHEQP PETTOY OTHENT
            PERSCA READ EDUCA TOBACC MISCX4 CASHCO PERINS LIFINS RETPEN
MPRINT(SUMVARS):   VAR TOTEX4 FOOD FDHOME FDAWAY FDXMAP FDMAP ALCBEV HOUS SHELT
OWNDWE MRTINT PROPTX MRPINS RENDWE RNTXRP RNTAPY OTHLOD UTIL NTLGAS ELCTRC
ALLFUL FULOIL OTHFLS TELEPH WATRPS HOUSOP DOMSRV DMSXCC BBYDAY OTHHEX HOUSEQ
TEXTIL FURNTR FLRCVR MAJAPP SMLAPP MISCEQ APPAR MENBOY MENSIX BOYFIF WOMGRL
WOMSIX GRLFIF CHLDRN FOOTWR OTHAPL TRANS CARTKN CARTKU OTHVEH GASMO VEHFIN
MAINRP VEHINS PUBTRA VRNTLO TRNTRP TRNOTH HEALTH HLTHIN MEDSRV PREDRG MEDSUP
ENTERT FEEADM TVRDIO OTHEQP PETTOY OTHENT PERSCA READ EDUCA TOBACC MISCX4
CASHCO PERINS LIFINS RETPEN;
MPRINT(SUMVARS):   WEIGHT FINLWT21;
SYMBOLGEN:  Macro variable COMPVARS resolves to TOTEX4 FOOD FDHOME FDAWAY
            FDXMAP FDMAP ALCBEV HOUS SHELT OWNDWE MRTINT PROPTX MRPINS RENDWE
            RNTXRP RNTAPY OTHLOD UTIL NTLGAS ELCTRC ALLFUL FULOIL OTHFLS TELEPH
            WATRPS HOUSOP DOMSRV DMSXCC BBYDAY OTHHEX HOUSEQ TEXTIL FURNTR
            FLRCVR MAJAPP SMLAPP MISCEQ APPAR MENBOY MENSIX BOYFIF WOMGRL
            WOMSIX GRLFIF CHLDRN FOOTWR OTHAPL TRANS CARTKN CARTKU OTHVEH GASMO
            VEHFIN MAINRP VEHINS PUBTRA VRNTLO TRNTRP TRNOTH HEALTH HLTHIN
            MEDSRV PREDRG MEDSUP ENTERT FEEADM TVRDIO OTHEQP PETTOY OTHENT
            PERSCA READ EDUCA TOBACC MISCX4 CASHCO PERINS LIFINS RETPEN
MPRINT(SUMVARS):   OUTPUT OUT = AGG (DROP = _TYPE_ _FREQ_) SUM = TOTEX4 FOOD
FDHOME FDAWAY FDXMAP FDMAP ALCBEV HOUS SHELT OWNDWE MRTINT PROPTX MRPINS RENDWE
RNTXRP RNTAPY OTHLOD UTIL NTLGAS ELCTRC ALLFUL FULOIL OTHFLS TELEPH WATRPS
HOUSOP DOMSRV DMSXCC BBYDAY OTHHEX HOUSEQ TEXTIL FURNTR FLRCVR MAJAPP SMLAPP
MISCEQ APPAR MENBOY MENSIX BOYFIF WOMGRL WOMSIX GRLFIF CHLDRN FOOTWR OTHAPL
TRANS CARTKN CARTKU OTHVEH GASMO VEHFIN MAINRP VEHINS PUBTRA VRNTLO TRNTRP
TRNOTH HEALTH HLTHIN MEDSRV PREDRG MEDSUP ENTERT FEEADM TVRDIO OTHEQP PETTOY
OTHENT PERSCA READ EDUCA TOBACC MISCX4 CASHCO PERINS LIFINS RETPEN;
MPRINT(SUMVARS):   RUN;

NOTE: There were 34485 observations read from the data set WORK.FMLY.
NOTE: The data set WORK.AGG has 1 observations and 79 variables.
NOTE: PROCEDURE SUMMARY used (Total process time):
      real time           0.13 seconds
      cpu time            0.18 seconds


MPRINT(SUMVARS):   PROC PRINT DATA = AGG;
MPRINT(SUMVARS):   TITLE 'AGGREGATES';
MPRINT(SUMVARS):   RUN;
NOTE: There were 1 observations read from the data set WORK.AGG.
NOTE: PROCEDURE PRINT used (Total process time):
      real time           0.00 seconds
      cpu time            0.00 seconds


MPRINT(SUMVARS):   DATA AVERAGES (DROP = I);
MPRINT(SUMVARS):   SET POP;
MPRINT(SUMVARS):   SET AGG;
SYMBOLGEN:  Macro variable COMPVARS resolves to TOTEX4 FOOD FDHOME FDAWAY
            FDXMAP FDMAP ALCBEV HOUS SHELT OWNDWE MRTINT PROPTX MRPINS RENDWE
            RNTXRP RNTAPY OTHLOD UTIL NTLGAS ELCTRC ALLFUL FULOIL OTHFLS TELEPH
            WATRPS HOUSOP DOMSRV DMSXCC BBYDAY OTHHEX HOUSEQ TEXTIL FURNTR
            FLRCVR MAJAPP SMLAPP MISCEQ APPAR MENBOY MENSIX BOYFIF WOMGRL
            WOMSIX GRLFIF CHLDRN FOOTWR OTHAPL TRANS CARTKN CARTKU OTHVEH GASMO
            VEHFIN MAINRP VEHINS PUBTRA VRNTLO TRNTRP TRNOTH HEALTH HLTHIN
            MEDSRV PREDRG MEDSUP ENTERT FEEADM TVRDIO OTHEQP PETTOY OTHENT
            PERSCA READ EDUCA TOBACC MISCX4 CASHCO PERINS LIFINS RETPEN
MPRINT(SUMVARS):   ARRAY AGGARR (*) TOTEX4 FOOD FDHOME FDAWAY FDXMAP FDMAP
ALCBEV HOUS SHELT OWNDWE MRTINT PROPTX MRPINS RENDWE RNTXRP RNTAPY OTHLOD UTIL
NTLGAS ELCTRC ALLFUL FULOIL OTHFLS TELEPH WATRPS HOUSOP DOMSRV DMSXCC BBYDAY
OTHHEX HOUSEQ TEXTIL FURNTR FLRCVR MAJAPP SMLAPP MISCEQ APPAR MENBOY MENSIX
BOYFIF WOMGRL WOMSIX GRLFIF CHLDRN FOOTWR OTHAPL TRANS CARTKN CARTKU OTHVEH
GASMO VEHFIN MAINRP VEHINS PUBTRA VRNTLO TRNTRP TRNOTH HEALTH HLTHIN MEDSRV
PREDRG MEDSUP ENTERT FEEADM TVRDIO OTHEQP PETTOY OTHENT PERSCA READ EDUCA
TOBACC MISCX4 CASHCO PERINS LIFINS RETPEN;
SYMBOLGEN:  Macro variable COMPVARS resolves to TOTEX4 FOOD FDHOME FDAWAY
            FDXMAP FDMAP ALCBEV HOUS SHELT OWNDWE MRTINT PROPTX MRPINS RENDWE
            RNTXRP RNTAPY OTHLOD UTIL NTLGAS ELCTRC ALLFUL FULOIL OTHFLS TELEPH
            WATRPS HOUSOP DOMSRV DMSXCC BBYDAY OTHHEX HOUSEQ TEXTIL FURNTR
            FLRCVR MAJAPP SMLAPP MISCEQ APPAR MENBOY MENSIX BOYFIF WOMGRL
            WOMSIX GRLFIF CHLDRN FOOTWR OTHAPL TRANS CARTKN CARTKU OTHVEH GASMO
            VEHFIN MAINRP VEHINS PUBTRA VRNTLO TRNTRP TRNOTH HEALTH HLTHIN
            MEDSRV PREDRG MEDSUP ENTERT FEEADM TVRDIO OTHEQP PETTOY OTHENT
            PERSCA READ EDUCA TOBACC MISCX4 CASHCO PERINS LIFINS RETPEN
MPRINT(SUMVARS):   ARRAY AVGARR (*) TOTEX4 FOOD FDHOME FDAWAY FDXMAP FDMAP
ALCBEV HOUS SHELT OWNDWE MRTINT PROPTX MRPINS RENDWE RNTXRP RNTAPY OTHLOD UTIL
NTLGAS ELCTRC ALLFUL FULOIL OTHFLS TELEPH WATRPS HOUSOP DOMSRV DMSXCC BBYDAY
OTHHEX HOUSEQ TEXTIL FURNTR FLRCVR MAJAPP SMLAPP MISCEQ APPAR MENBOY MENSIX
BOYFIF WOMGRL WOMSIX GRLFIF CHLDRN FOOTWR OTHAPL TRANS CARTKN CARTKU OTHVEH
GASMO VEHFIN MAINRP VEHINS PUBTRA VRNTLO TRNTRP TRNOTH HEALTH HLTHIN MEDSRV
PREDRG MEDSUP ENTERT FEEADM TVRDIO OTHEQP PETTOY OTHENT PERSCA READ EDUCA
TOBACC MISCX4 CASHCO PERINS LIFINS RETPEN;
MPRINT(SUMVARS):   DO I = 1 TO DIM(AGGARR);
MPRINT(SUMVARS):   AVGARR{I} = AGGARR{I} / TOTPOP;
MPRINT(SUMVARS):   END;
MPRINT(SUMVARS):   RUN;

NOTE: There were 1 observations read from the data set WORK.POP.
NOTE: There were 1 observations read from the data set WORK.AGG.
NOTE: The data set WORK.AVERAGES has 1 observations and 80 variables.
NOTE: DATA statement used (Total process time):
      real time           0.04 seconds
      cpu time            0.01 seconds


MPRINT(SUMVARS):   PROC TRANSPOSE DATA = AVERAGES OUT = AVERAGES (RENAME =
(_NAME_ = NAME COL1 = VALUE));
MPRINT(SUMVARS):   RUN;

NOTE: There were 1 observations read from the data set WORK.AVERAGES.
NOTE: The data set WORK.AVERAGES has 80 observations and 2 variables.
NOTE: PROCEDURE TRANSPOSE used (Total process time):
      real time           0.10 seconds
      cpu time            0.01 seconds


MPRINT(SUMVARS):   PROC SORT DATA = AVERAGES;
MPRINT(SUMVARS):   BY NAME;
MPRINT(SUMVARS):   RUN;

NOTE: There were 80 observations read from the data set WORK.AVERAGES.
NOTE: The data set WORK.AVERAGES has 80 observations and 2 variables.
NOTE: PROCEDURE SORT used (Total process time):
      real time           0.03 seconds
      cpu time            0.00 seconds


MPRINT(SUMVARS):   DATA DSFINAL;
MPRINT(SUMVARS):   LENGTH NAME $32;
MPRINT(SUMVARS):   MERGE AVERAGES (IN = INAVER) DSUSRFLD (IN = INUSRFLD);
MPRINT(SUMVARS):   BY NAME;
MPRINT(SUMVARS):   IF (INAVER);
MPRINT(SUMVARS):   IF (^ INUSRFLD) THEN DO;
MPRINT(SUMVARS):   ORDER = 0;
MPRINT(SUMVARS):   INDENT = 1;
MPRINT(SUMVARS):   ROWLABEL = 'TOTAL POPULATION';
MPRINT(SUMVARS):   END;
MPRINT(SUMVARS):   RUN;

NOTE: There were 80 observations read from the data set WORK.AVERAGES.
NOTE: There were 79 observations read from the data set WORK.DSUSRFLD.
NOTE: The data set WORK.DSFINAL has 80 observations and 5 variables.
NOTE: DATA statement used (Total process time):
      real time           0.03 seconds
      cpu time            0.01 seconds


MPRINT(SUMVARS):   PROC SORT DATA = DSFINAL;
MPRINT(SUMVARS):   BY ORDER;
MPRINT(SUMVARS):   RUN;

NOTE: There were 80 observations read from the data set WORK.DSFINAL.
NOTE: The data set WORK.DSFINAL has 80 observations and 5 variables.
NOTE: PROCEDURE SORT used (Total process time):
      real time           0.03 seconds
      cpu time            0.00 seconds


MPRINT(SUMVARS):   DATA _NULL_;
MPRINT(SUMVARS):   FILE PRINT;
MPRINT(SUMVARS):   RETAIN GEN_IND 4;
MPRINT(SUMVARS):   SET DSFINAL;
MPRINT(SUMVARS):   PUT @(GEN_IND + INDENT) ROWLABEL @66 VALUE COMMA14.;
MPRINT(SUMVARS):   TITLE 'ANNUAL AVERAGE EXPENDITURE';
MPRINT(SUMVARS):   TITLE4 ' ';
MPRINT(SUMVARS):   RUN;

NOTE: 80 lines were written to file PRINT.
NOTE: There were 80 observations read from the data set WORK.DSFINAL.
NOTE: DATA statement used (Total process time):
      real time           0.00 seconds
      cpu time            0.00 seconds


MLOGIC(SUMVARS):  Ending execution.

