948  /* THIS PROGRAM CALCULATES THE WEIGHTED MEANS AND AVERAGES USING        */
949  /* THE SUMMARY VARIABLES FROM THE FMLY FILES BASED ON THE CALENDAR YEAR */
950
951  OPTIONS PS = 59 LS = 80 MPRINT MLOGIC SYMBOLGEN;
952
953  %MACRO SUMVARS;
954
955    /* DENOTE YEAR */
956
957   %LET YEAR4 = 2006;
958   /*enter location of the unzipped microdata file*/
959   %LET DRIVE = \\ceis1\ods\AcceptanceTest\Pubs\MicrodataTransfer\2006SASCD;
960
961    %LET YEAR2 = %SUBSTR(&YEAR4, 3, 2);
962    %LET YR4NEXT = %EVAL(&YEAR4 + 1);
963    %LET YR2NEXT = %SUBSTR(&YR4NEXT, 3, 2);
964    %LET ERRFLG = N;
965
966    /* GET LIST OF FIELDS AVAILABLE FROM THE INPUT FILE */
967    /* REPLACE THIS LIBNAME WITH LIBNAME FOR YOUR DATA LIBRARY */
968
969    LIBNAME INDATA "&DRIVE.\INTRVW&YEAR2" ACCESS = READONLY;
970
971    PROC CONTENTS DATA = INDATA.fmli&YR2NEXT.1 NOPRINT
972                  OUT = INDCONT (KEEP = NAME);
973    RUN;
974
975    DATA INDPQ INDCQ;
976      LENGTH NAME $32;
977      SET INDCONT;
978      NAME = UPCASE(NAME);
979      IF (LEFT(REVERSE(NAME)) =: 'QC') THEN OUTPUT INDCQ;
980      ELSE IF (LEFT(REVERSE(NAME)) =: 'QP') THEN OUTPUT INDPQ;
981    RUN;
982
983    /* GET LIST OF REQUESTED FIELDS FROM THE USER FIELDS FILE */
984    /* REPLACE THIS FILENAME WITH FILENAME FOR YOUR TEXT FILE */
985
986    FILENAME PARFILE 'P:\Phase 4 Production (BIA)\Microdata\2006
986! Processing\Sample Programs\PUSUMVARS.TXT';
987
988    DATA DSUSRFLD;
989      LENGTH ROWLABEL $50;
990      INFILE PARFILE DSD;
991      INPUT NAME : $CHAR32. ROWLABEL;
992      INDENT = VERIFY (NAME, ' ');
993      NAME = LEFT (UPCASE (NAME));
994      ORDER = _N_;
995    RUN;
996
997    DATA DSUSRFLD (DROP = USRNAME)
998         DSUSRPQ (KEEP = NAME)
999         DSUSRCQ (KEEP = NAME);
1000      SET DSUSRFLD (RENAME = (NAME = USRNAME));
1001      NAME = TRIM(LEFT(USRNAME));
1002      OUTPUT DSUSRFLD;
1003      NAME = TRIM(LEFT(USRNAME)) || 'PQ';
1004      OUTPUT DSUSRPQ;
1005      NAME = TRIM(LEFT(USRNAME)) || 'CQ';
1006      OUTPUT DSUSRCQ;
1007    RUN;
1008
1009    /* CREATE MACRO LISTS OF INPUT & COMPUTED FIELDS */
1010
1011    PROC SQL NOPRINT;
1012      SELECT NAME INTO : CQVARS SEPARATED BY ' ' FROM DSUSRCQ;
1013      SELECT NAME INTO : PQVARS SEPARATED BY ' ' FROM DSUSRPQ;
1014      SELECT NAME INTO : COMPVARS SEPARATED BY ' ' FROM DSUSRFLD;
1015    QUIT;
1016    PROC SORT DATA = DSUSRFLD;
1017      BY NAME;
1018    RUN;
1019
1020    PROC SORT DATA = DSUSRPQ;
1021      BY NAME;
1022    RUN;
1023
1024    PROC SORT DATA = DSUSRCQ;
1025      BY NAME;
1026    RUN;
1027
1028    /* ERROR IF THE SAME FIELD NAME IS REPEATED MORE THAN ONCE IN USER FILE
1028! */
1029
1030    DATA DSUSRFLD;
1031      SET DSUSRFLD;
1032      BY NAME;
1033      IF (^ (FIRST.NAME & LAST.NAME)) THEN DO;
1034        CALL SYMPUT('ERRFLG', 'Y');
1035        PUT 'ERROR: DUPLICATE VARIABLE NAME IN FIELD LIST FILE. ' NAME=;
1036      END;
1037    RUN;
1038
1039    /* MATCH FIELDS FROM STUB FILE AGAINST INPUT DATA FIELDS
1039!          */
1040    /* IF ANY OF THE REQUESTED FIELDS NOT FOUND IN INPUT DATA GENERATE ERROR
1040!  LISTING */
1041    /* OTHERWISE CREATE A FINAL LIST OF EXPENDITURE FIELDS TO PROCESS
1041!          */
1042
1043    DATA DSPQ;
1044      MERGE DSUSRPQ (IN = INUSRPQ)
1045            INDPQ (IN = INDPQ);
1046      BY NAME;
1047      IF (INUSRPQ);
1048      IF (INDPQ) THEN OUTPUT DSPQ;
1049      ELSE DO;
1050        CALL SYMPUT('ERRFLG', 'Y');
1051        PUT 'ERROR: REQUESTED VARIABLE NOT FOUND IN INPUT DATASET. ' NAME=;
1052      END;
1053    RUN;
1054
1055    DATA DSCQ;
1056      MERGE DSUSRCQ (IN = INUSRCQ)
1057            INDCQ (IN = INDCQ);
1058      BY NAME;
1059      IF (INUSRCQ);
1060      IF (INDCQ) THEN OUTPUT DSCQ;
1061      ELSE DO;
1062        CALL SYMPUT('ERRFLG', 'Y');
1063        PUT 'ERROR: REQUESTED VARIABLE NOT FOUND IN INPUT DATASET. ' NAME=;
1064      END;
1065    RUN;
1066
1067    %IF (&ERRFLG = Y) %THEN %DO;
1068      %PUT PROGRAM TERMINATING.;
1069      %GOTO EXIT;
1070    %END;
1071
1072    /* THIS STEP PULLS IN THE WEIGHT VARIABLES AND SUMMARY VARIABLES
1072! */
1073    /* MO_SCOPE IS USED TO ADJUST THE POPULATION WEIGHTS FOR CALENDAR YEAR
1073! */
1074    /* SEE DOCUMENTATION, SECTION V. ESTIMATION PROCEDURES - A.1.B.
1074! */
1075    /* CALENDAR PERIOD VERSUS COLLECTION PERIOD, FOR MORE INFORMATION.
1075! */
1076
1077    DATA FMLY (KEEP = NEWID MFNLWT21 FINLWT21 &COMPVARS);
1078      SET INDATA.fmli&YEAR2.1X (IN = IN1)
1079          INDATA.fmli&YEAR2.2 (IN = IN2)
1080          INDATA.fmli&YEAR2.3 (IN = IN3)
1081          INDATA.fmli&YEAR2.4 (IN = IN4)
1082          INDATA.fmli&YR2NEXT.1 (IN = IN5);
1083
1084      IF (IN1) THEN MO_SCOPE = INPUT(QINTRVMO, 2.) - 1;
1085      ELSE IF (IN5) THEN MO_SCOPE = 4 - INPUT(QINTRVMO, 2.);
1086      ELSE MO_SCOPE = 3;
1087      /* THIS IS THE NEW (CALENDAR-YEAR ADJUSTED) POPULATION WEIGHT TO BE
1087! SUMMED FOR TOTAL POP */
1088      MFNLWT21 = FINLWT21 * MO_SCOPE / 12;
1089
1090      /* THIS ARRAY READS IN ALL PQ VARIABLES: EXPENDITURES FROM PREVIOUS
1090! QUARTER */
1091      ARRAY PQARR (*) &PQVARS;
1092      /* THIS ARRAY READS IN ALL CQ VARIABLES: EXPENDITURES FROM CURRENT
1092! QUARTER */
1093      ARRAY CQARR (*) &CQVARS;
1094      /* THIS ARRAY COMPILES THE EXPENDITURE VARIABLES TO MATCH TO THE
1094! DESIRED CALENDAR YEAR */
1095      ARRAY COMPARR (*) &COMPVARS;
1096      DO I = 1 TO DIM(COMPARR);
1097        /* IF THE INTERVIEW IS IN THE FIRST QUARTER OF THE DESIRED CALENDAR
1097! YEAR,             */
1098        /* THEN ALL EXPENDITURES IN THE PREVIOUS QUARTER WILL FALL IN THE
1098! LAST CALENDAR YEAR, */
1099        /* SO ONLY CURRENT QUARTER EXPENDITURES SHOULD BE INCLUDED.
1099!                   */
1100        IF (IN1) THEN COMPARR{I} = CQARR{I};
1101        /* IF THE INTERVIEW IS IN THE FIFTH QUARTER, THEN ALL CURRENT
1101! QUARTER EXPENDITURES WILL FALL   */
1102        /* OUTSIDE THE CURRENT CALENDAR YEAR, SO ONLY PREVIOUS QUARTER
1102! EXPENDITURES SHOULD BE INCLUDED */
1103        ELSE IF (IN5) THEN COMPARR{I} = PQARR{I};
1104        ELSE COMPARR{I} = SUM(PQARR{I}, CQARR{I});
1105      END;
1106    RUN;
1107
1108    /* SUM THE CALENDAR YEAR WEIGHTS TO CREATE THE TOTAL POPULATION */
1109
1110    PROC SUMMARY DATA = FMLY;
1111      VAR MFNLWT21;
1112      OUTPUT OUT = POP (DROP = _TYPE_ _FREQ_) SUM = TOTPOP;
1113    RUN;
1114
1115    PROC PRINT DATA = POP;
1116      TITLE 'TOTAL POPULATION';
1117    RUN;
1118
1119    /* CALCULATE THE WEIGHTED AGGREGATES FOR THE POPULATION */
1120
1121    PROC SUMMARY DATA = FMLY SUM;
1122      VAR &COMPVARS;
1123      WEIGHT FINLWT21;
1124      OUTPUT OUT = AGG (DROP = _TYPE_ _FREQ_) SUM = &COMPVARS;
1125    RUN;
1126
1127    PROC PRINT DATA = AGG;
1128      TITLE 'AGGREGATES';
1129    RUN;
1130
1131    /* CALCULATE THE AVERAGE EXPENDITURE FOR THE SUMMARY VARIABLE OF CHOICE
1131! */
1132    /* BY DIVIDING THE AGGREGATES BY THE TOTAL POPULATION
1132! */
1133
1134    DATA AVERAGES (DROP = I);
1135      SET POP;
1136      SET AGG;
1137      ARRAY AGGARR (*) &COMPVARS;
1138      ARRAY AVGARR (*) &COMPVARS;
1139      DO I = 1 TO DIM(AGGARR);
1140          AVGARR{I} = AGGARR{I} / TOTPOP;
1141      END;
1142    RUN;
1143
1144    /* MERGE WITH THE ROW LABELS AND PRINT THE REPORT */
1145
1146    PROC TRANSPOSE DATA = AVERAGES OUT = AVERAGES (RENAME = (_NAME_ = NAME
1146! COL1 = VALUE));
1147    RUN;
1148
1149    PROC SORT DATA = AVERAGES;
1150      BY NAME;
1151    RUN;
1152
1153    DATA DSFINAL;
1154      LENGTH NAME $32;
1155      MERGE AVERAGES (IN = INAVER)
1156            DSUSRFLD (IN = INUSRFLD);
1157      BY NAME;
1158      IF (INAVER);
1159      IF (^ INUSRFLD) THEN DO;
1160        ORDER = 0;
1161        INDENT = 1;
1162        ROWLABEL = 'TOTAL POPULATION';
1163      END;
1164    RUN;
1165
1166    PROC SORT DATA = DSFINAL;
1167      BY ORDER;
1168    RUN;
1169
1170    DATA _NULL_;
1171      FILE PRINT;
1172      RETAIN GEN_IND 4;
1173      SET DSFINAL;
1174      PUT @(GEN_IND + INDENT) ROWLABEL
1175          @66 VALUE COMMA14.;
1176      TITLE 'ANNUAL AVERAGE EXPENDITURE';
1177      TITLE4 ' ';
1178    RUN;
1179
1180    %EXIT:
1181
1182  %MEND SUMVARS;
1183
1184  %SUMVARS
MLOGIC(SUMVARS):  Beginning execution.
MLOGIC(SUMVARS):  %LET (variable name is YEAR4)
MLOGIC(SUMVARS):  %LET (variable name is DRIVE)
MLOGIC(SUMVARS):  %LET (variable name is YEAR2)
SYMBOLGEN:  Macro variable YEAR4 resolves to 2006
MLOGIC(SUMVARS):  %LET (variable name is YR4NEXT)
SYMBOLGEN:  Macro variable YEAR4 resolves to 2006
MLOGIC(SUMVARS):  %LET (variable name is YR2NEXT)
SYMBOLGEN:  Macro variable YR4NEXT resolves to 2007
MLOGIC(SUMVARS):  %LET (variable name is ERRFLG)
SYMBOLGEN:  Macro variable DRIVE resolves to
            \\ceis1\ods\AcceptanceTest\Pubs\MicrodataTransfer\2006SASCD
SYMBOLGEN:  Macro variable YEAR2 resolves to 06
MPRINT(SUMVARS):   LIBNAME INDATA
"\\ceis1\ods\AcceptanceTest\Pubs\MicrodataTransfer\2006SASCD\INTRVW06" ACCESS =
READONLY;
NOTE: Libref INDATA was successfully assigned as follows:
      Engine:        V9
      Physical Name:
      \\ceis1\ods\AcceptanceTest\Pubs\MicrodataTransfer\2006SASCD\INTRVW06
SYMBOLGEN:  Macro variable YR2NEXT resolves to 07
MPRINT(SUMVARS):   PROC CONTENTS DATA = INDATA.fmli071 NOPRINT OUT = INDCONT
(KEEP = NAME);
MPRINT(SUMVARS):   RUN;

NOTE: The data set WORK.INDCONT has 902 observations and 1 variables.
NOTE: PROCEDURE CONTENTS used (Total process time):
      real time           0.06 seconds
      cpu time            0.01 seconds


MPRINT(SUMVARS):   DATA INDPQ INDCQ;
MPRINT(SUMVARS):   LENGTH NAME $32;
MPRINT(SUMVARS):   SET INDCONT;
MPRINT(SUMVARS):   NAME = UPCASE(NAME);
MPRINT(SUMVARS):   IF (LEFT(REVERSE(NAME)) =: 'QC') THEN OUTPUT INDCQ;
MPRINT(SUMVARS):   ELSE IF (LEFT(REVERSE(NAME)) =: 'QP') THEN OUTPUT INDPQ;
MPRINT(SUMVARS):   RUN;

NOTE: There were 902 observations read from the data set WORK.INDCONT.
NOTE: The data set WORK.INDPQ has 83 observations and 1 variables.
NOTE: The data set WORK.INDCQ has 83 observations and 1 variables.
NOTE: DATA statement used (Total process time):
      real time           0.03 seconds
      cpu time            0.03 seconds


MPRINT(SUMVARS):   FILENAME PARFILE 'P:\Phase 4 Production (BIA)\Microdata\2006
Processing\Sample Programs\PUSUMVARS.TXT';
MPRINT(SUMVARS):   DATA DSUSRFLD;
MPRINT(SUMVARS):   LENGTH ROWLABEL $50;
MPRINT(SUMVARS):   INFILE PARFILE DSD;
MPRINT(SUMVARS):   INPUT NAME : $CHAR32. ROWLABEL;
MPRINT(SUMVARS):   INDENT = VERIFY (NAME, ' ');
MPRINT(SUMVARS):   NAME = LEFT (UPCASE (NAME));
MPRINT(SUMVARS):   ORDER = _N_;
MPRINT(SUMVARS):   RUN;

NOTE: The infile PARFILE is:

      File Name=P:\Phase 4 Production (BIA)\Microdata\2006 Processing\Sample
      Programs\PUSUMVARS.TXT,
      RECFM=V,LRECL=256

NOTE: 79 records were read from the infile PARFILE.
      The minimum record length was 13.
      The maximum record length was 68.
NOTE: The data set WORK.DSUSRFLD has 79 observations and 4 variables.
NOTE: DATA statement used (Total process time):
      real time           0.06 seconds
      cpu time            0.01 seconds


MPRINT(SUMVARS):   DATA DSUSRFLD (DROP = USRNAME) DSUSRPQ (KEEP = NAME) DSUSRCQ
(KEEP = NAME);
MPRINT(SUMVARS):   SET DSUSRFLD (RENAME = (NAME = USRNAME));
MPRINT(SUMVARS):   NAME = TRIM(LEFT(USRNAME));
MPRINT(SUMVARS):   OUTPUT DSUSRFLD;
MPRINT(SUMVARS):   NAME = TRIM(LEFT(USRNAME)) || 'PQ';
MPRINT(SUMVARS):   OUTPUT DSUSRPQ;
MPRINT(SUMVARS):   NAME = TRIM(LEFT(USRNAME)) || 'CQ';
MPRINT(SUMVARS):   OUTPUT DSUSRCQ;
MPRINT(SUMVARS):   RUN;

NOTE: There were 79 observations read from the data set WORK.DSUSRFLD.
NOTE: The data set WORK.DSUSRFLD has 79 observations and 4 variables.
NOTE: The data set WORK.DSUSRPQ has 79 observations and 1 variables.
NOTE: The data set WORK.DSUSRCQ has 79 observations and 1 variables.
NOTE: DATA statement used (Total process time):
      real time           0.03 seconds
      cpu time            0.00 seconds


MPRINT(SUMVARS):   PROC SQL NOPRINT;
MPRINT(SUMVARS):   SELECT NAME INTO : CQVARS SEPARATED BY ' ' FROM DSUSRCQ;
MPRINT(SUMVARS):   SELECT NAME INTO : PQVARS SEPARATED BY ' ' FROM DSUSRPQ;
MPRINT(SUMVARS):   SELECT NAME INTO : COMPVARS SEPARATED BY ' ' FROM DSUSRFLD;
MPRINT(SUMVARS):   QUIT;
NOTE: PROCEDURE SQL used (Total process time):
      real time           0.03 seconds
      cpu time            0.03 seconds


MPRINT(SUMVARS):   PROC SORT DATA = DSUSRFLD;
MPRINT(SUMVARS):   BY NAME;
MPRINT(SUMVARS):   RUN;

NOTE: There were 79 observations read from the data set WORK.DSUSRFLD.
NOTE: The data set WORK.DSUSRFLD has 79 observations and 4 variables.
NOTE: PROCEDURE SORT used (Total process time):
      real time           0.01 seconds
      cpu time            0.00 seconds


MPRINT(SUMVARS):   PROC SORT DATA = DSUSRPQ;
MPRINT(SUMVARS):   BY NAME;
MPRINT(SUMVARS):   RUN;

NOTE: There were 79 observations read from the data set WORK.DSUSRPQ.
NOTE: The data set WORK.DSUSRPQ has 79 observations and 1 variables.
NOTE: PROCEDURE SORT used (Total process time):
      real time           0.01 seconds
      cpu time            0.00 seconds


MPRINT(SUMVARS):   PROC SORT DATA = DSUSRCQ;
MPRINT(SUMVARS):   BY NAME;
MPRINT(SUMVARS):   RUN;

NOTE: There were 79 observations read from the data set WORK.DSUSRCQ.
NOTE: The data set WORK.DSUSRCQ has 79 observations and 1 variables.
NOTE: PROCEDURE SORT used (Total process time):
      real time           0.01 seconds
      cpu time            0.01 seconds


MPRINT(SUMVARS):   DATA DSUSRFLD;
MPRINT(SUMVARS):   SET DSUSRFLD;
MPRINT(SUMVARS):   BY NAME;
MPRINT(SUMVARS):   IF (^ (FIRST.NAME & LAST.NAME)) THEN DO;
MPRINT(SUMVARS):   CALL SYMPUT('ERRFLG', 'Y');
MPRINT(SUMVARS):   PUT 'ERROR: DUPLICATE VARIABLE NAME IN FIELD LIST FILE. '
NAME=;
MPRINT(SUMVARS):   END;
MPRINT(SUMVARS):   RUN;

NOTE: There were 79 observations read from the data set WORK.DSUSRFLD.
NOTE: The data set WORK.DSUSRFLD has 79 observations and 4 variables.
NOTE: DATA statement used (Total process time):
      real time           0.01 seconds
      cpu time            0.01 seconds


MPRINT(SUMVARS):   DATA DSPQ;
MPRINT(SUMVARS):   MERGE DSUSRPQ (IN = INUSRPQ) INDPQ (IN = INDPQ);
MPRINT(SUMVARS):   BY NAME;
MPRINT(SUMVARS):   IF (INUSRPQ);
MPRINT(SUMVARS):   IF (INDPQ) THEN OUTPUT DSPQ;
MPRINT(SUMVARS):   ELSE DO;
MPRINT(SUMVARS):   CALL SYMPUT('ERRFLG', 'Y');
MPRINT(SUMVARS):   PUT 'ERROR: REQUESTED VARIABLE NOT FOUND IN INPUT DATASET. '
NAME=;
MPRINT(SUMVARS):   END;
MPRINT(SUMVARS):   RUN;

NOTE: There were 79 observations read from the data set WORK.DSUSRPQ.
NOTE: There were 83 observations read from the data set WORK.INDPQ.
NOTE: The data set WORK.DSPQ has 79 observations and 1 variables.
NOTE: DATA statement used (Total process time):
      real time           0.01 seconds
      cpu time            0.01 seconds


MPRINT(SUMVARS):   DATA DSCQ;
MPRINT(SUMVARS):   MERGE DSUSRCQ (IN = INUSRCQ) INDCQ (IN = INDCQ);
MPRINT(SUMVARS):   BY NAME;
MPRINT(SUMVARS):   IF (INUSRCQ);
MPRINT(SUMVARS):   IF (INDCQ) THEN OUTPUT DSCQ;
MPRINT(SUMVARS):   ELSE DO;
MPRINT(SUMVARS):   CALL SYMPUT('ERRFLG', 'Y');
MPRINT(SUMVARS):   PUT 'ERROR: REQUESTED VARIABLE NOT FOUND IN INPUT DATASET. '
NAME=;
MPRINT(SUMVARS):   END;
MPRINT(SUMVARS):   RUN;

NOTE: There were 79 observations read from the data set WORK.DSUSRCQ.
NOTE: There were 83 observations read from the data set WORK.INDCQ.
NOTE: The data set WORK.DSCQ has 79 observations and 1 variables.
NOTE: DATA statement used (Total process time):
      real time           0.03 seconds
      cpu time            0.03 seconds


SYMBOLGEN:  Macro variable ERRFLG resolves to N
MLOGIC(SUMVARS):  %IF condition (&ERRFLG = Y) is FALSE
SYMBOLGEN:  Macro variable COMPVARS resolves to TOTEX4 FOOD FDHOME FDAWAY
            FDXMAP FDMAP ALCBEV HOUS SHELT OWNDWE MRTINT PROPTX MRPINS RENDWE
            RNTXRP RNTAPY OTHLOD UTIL NTLGAS ELCTRC ALLFUL FULOIL OTHFLS TELEPH
            WATRPS HOUSOP DOMSRV DMSXCC BBYDAY OTHHEX HOUSEQ TEXTIL FURNTR
            FLRCVR MAJAPP SMLAPP MISCEQ APPAR MENBOY MENSIX BOYFIF WOMGRL
            WOMSIX GRLFIF CHLDRN FOOTWR OTHAPL TRANS CARTKN CARTKU OTHVEH GASMO
            VEHFIN MAINRP VEHINS PUBTRA VRNTLO TRNTRP TRNOTH HEALTH HLTHIN
            MEDSRV PREDRG MEDSUP ENTERT FEEADM TVRDIO OTHEQP PETTOY OTHENT
            PERSCA READ EDUCA TOBACC MISCX4 CASHCO PERINS LIFINS RETPEN
MPRINT(SUMVARS):   DATA FMLY (KEEP = NEWID MFNLWT21 FINLWT21 TOTEX4 FOOD FDHOME
FDAWAY FDXMAP FDMAP ALCBEV HOUS SHELT OWNDWE MRTINT PROPTX MRPINS RENDWE RNTXRP
RNTAPY OTHLOD UTIL NTLGAS ELCTRC ALLFUL FULOIL OTHFLS TELEPH WATRPS HOUSOP
DOMSRV DMSXCC BBYDAY OTHHEX HOUSEQ TEXTIL FURNTR FLRCVR MAJAPP SMLAPP MISCEQ
APPAR MENBOY MENSIX BOYFIF WOMGRL WOMSIX GRLFIF CHLDRN FOOTWR OTHAPL TRANS
CARTKN CARTKU OTHVEH GASMO VEHFIN MAINRP VEHINS PUBTRA VRNTLO TRNTRP TRNOTH
HEALTH HLTHIN MEDSRV PREDRG MEDSUP ENTERT FEEADM TVRDIO OTHEQP PETTOY OTHENT
PERSCA READ EDUCA TOBACC MISCX4 CASHCO PERINS LIFINS RETPEN);
SYMBOLGEN:  Macro variable YEAR2 resolves to 06
SYMBOLGEN:  Macro variable YEAR2 resolves to 06
SYMBOLGEN:  Macro variable YEAR2 resolves to 06
SYMBOLGEN:  Macro variable YEAR2 resolves to 06
SYMBOLGEN:  Macro variable YR2NEXT resolves to 07
MPRINT(SUMVARS):   SET INDATA.fmli061X (IN = IN1) INDATA.fmli062 (IN = IN2)
INDATA.fmli063 (IN = IN3) INDATA.fmli064 (IN = IN4) INDATA.fmli071 (IN = IN5);
MPRINT(SUMVARS):   IF (IN1) THEN MO_SCOPE = INPUT(QINTRVMO, 2.) - 1;
MPRINT(SUMVARS):   ELSE IF (IN5) THEN MO_SCOPE = 4 - INPUT(QINTRVMO, 2.);
MPRINT(SUMVARS):   ELSE MO_SCOPE = 3;
MPRINT(SUMVARS):   MFNLWT21 = FINLWT21 * MO_SCOPE / 12;
SYMBOLGEN:  Macro variable PQVARS resolves to TOTEX4PQ FOODPQ FDHOMEPQ FDAWAYPQ
            FDXMAPPQ FDMAPPQ ALCBEVPQ HOUSPQ SHELTPQ OWNDWEPQ MRTINTPQ PROPTXPQ
            MRPINSPQ RENDWEPQ RNTXRPPQ RNTAPYPQ OTHLODPQ UTILPQ NTLGASPQ
            ELCTRCPQ ALLFULPQ FULOILPQ OTHFLSPQ TELEPHPQ WATRPSPQ HOUSOPPQ
            DOMSRVPQ DMSXCCPQ BBYDAYPQ OTHHEXPQ HOUSEQPQ TEXTILPQ FURNTRPQ
            FLRCVRPQ MAJAPPPQ SMLAPPPQ MISCEQPQ APPARPQ MENBOYPQ MENSIXPQ
            BOYFIFPQ WOMGRLPQ WOMSIXPQ GRLFIFPQ CHLDRNPQ FOOTWRPQ OTHAPLPQ
            TRANSPQ CARTKNPQ CARTKUPQ OTHVEHPQ GASMOPQ VEHFINPQ MAINRPPQ
            VEHINSPQ PUBTRAPQ VRNTLOPQ TRNTRPPQ TRNOTHPQ HEALTHPQ HLTHINPQ
            MEDSRVPQ PREDRGPQ MEDSUPPQ ENTERTPQ FEEADMPQ TVRDIOPQ OTHEQPPQ
            PETTOYPQ OTHENTPQ PERSCAPQ READPQ EDUCAPQ TOBACCPQ MISCX4PQ
            CASHCOPQ PERINSPQ LIFINSPQ RETPENPQ
MPRINT(SUMVARS):   ARRAY PQARR (*) TOTEX4PQ FOODPQ FDHOMEPQ FDAWAYPQ FDXMAPPQ
FDMAPPQ ALCBEVPQ HOUSPQ SHELTPQ OWNDWEPQ MRTINTPQ PROPTXPQ MRPINSPQ RENDWEPQ
RNTXRPPQ RNTAPYPQ OTHLODPQ UTILPQ NTLGASPQ ELCTRCPQ ALLFULPQ FULOILPQ OTHFLSPQ
TELEPHPQ WATRPSPQ HOUSOPPQ DOMSRVPQ DMSXCCPQ BBYDAYPQ OTHHEXPQ HOUSEQPQ
TEXTILPQ FURNTRPQ FLRCVRPQ MAJAPPPQ SMLAPPPQ MISCEQPQ APPARPQ MENBOYPQ MENSIXPQ
BOYFIFPQ WOMGRLPQ WOMSIXPQ GRLFIFPQ CHLDRNPQ FOOTWRPQ OTHAPLPQ TRANSPQ CARTKNPQ
CARTKUPQ OTHVEHPQ GASMOPQ VEHFINPQ MAINRPPQ VEHINSPQ PUBTRAPQ VRNTLOPQ TRNTRPPQ
TRNOTHPQ HEALTHPQ HLTHINPQ MEDSRVPQ PREDRGPQ MEDSUPPQ ENTERTPQ FEEADMPQ
TVRDIOPQ OTHEQPPQ PETTOYPQ OTHENTPQ PERSCAPQ READPQ EDUCAPQ TOBACCPQ MISCX4PQ
CASHCOPQ PERINSPQ LIFINSPQ RETPENPQ;
SYMBOLGEN:  Macro variable CQVARS resolves to TOTEX4CQ FOODCQ FDHOMECQ FDAWAYCQ
            FDXMAPCQ FDMAPCQ ALCBEVCQ HOUSCQ SHELTCQ OWNDWECQ MRTINTCQ PROPTXCQ
            MRPINSCQ RENDWECQ RNTXRPCQ RNTAPYCQ OTHLODCQ UTILCQ NTLGASCQ
            ELCTRCCQ ALLFULCQ FULOILCQ OTHFLSCQ TELEPHCQ WATRPSCQ HOUSOPCQ
            DOMSRVCQ DMSXCCCQ BBYDAYCQ OTHHEXCQ HOUSEQCQ TEXTILCQ FURNTRCQ
            FLRCVRCQ MAJAPPCQ SMLAPPCQ MISCEQCQ APPARCQ MENBOYCQ MENSIXCQ
            BOYFIFCQ WOMGRLCQ WOMSIXCQ GRLFIFCQ CHLDRNCQ FOOTWRCQ OTHAPLCQ
            TRANSCQ CARTKNCQ CARTKUCQ OTHVEHCQ GASMOCQ VEHFINCQ MAINRPCQ
            VEHINSCQ PUBTRACQ VRNTLOCQ TRNTRPCQ TRNOTHCQ HEALTHCQ HLTHINCQ
            MEDSRVCQ PREDRGCQ MEDSUPCQ ENTERTCQ FEEADMCQ TVRDIOCQ OTHEQPCQ
            PETTOYCQ OTHENTCQ PERSCACQ READCQ EDUCACQ TOBACCCQ MISCX4CQ
            CASHCOCQ PERINSCQ LIFINSCQ RETPENCQ
MPRINT(SUMVARS):   ARRAY CQARR (*) TOTEX4CQ FOODCQ FDHOMECQ FDAWAYCQ FDXMAPCQ
FDMAPCQ ALCBEVCQ HOUSCQ SHELTCQ OWNDWECQ MRTINTCQ PROPTXCQ MRPINSCQ RENDWECQ
RNTXRPCQ RNTAPYCQ OTHLODCQ UTILCQ NTLGASCQ ELCTRCCQ ALLFULCQ FULOILCQ OTHFLSCQ
TELEPHCQ WATRPSCQ HOUSOPCQ DOMSRVCQ DMSXCCCQ BBYDAYCQ OTHHEXCQ HOUSEQCQ
TEXTILCQ FURNTRCQ FLRCVRCQ MAJAPPCQ SMLAPPCQ MISCEQCQ APPARCQ MENBOYCQ MENSIXCQ
BOYFIFCQ WOMGRLCQ WOMSIXCQ GRLFIFCQ CHLDRNCQ FOOTWRCQ OTHAPLCQ TRANSCQ CARTKNCQ
CARTKUCQ OTHVEHCQ GASMOCQ VEHFINCQ MAINRPCQ VEHINSCQ PUBTRACQ VRNTLOCQ TRNTRPCQ
TRNOTHCQ HEALTHCQ HLTHINCQ MEDSRVCQ PREDRGCQ MEDSUPCQ ENTERTCQ FEEADMCQ
TVRDIOCQ OTHEQPCQ PETTOYCQ OTHENTCQ PERSCACQ READCQ EDUCACQ TOBACCCQ MISCX4CQ
CASHCOCQ PERINSCQ LIFINSCQ RETPENCQ;
SYMBOLGEN:  Macro variable COMPVARS resolves to TOTEX4 FOOD FDHOME FDAWAY
            FDXMAP FDMAP ALCBEV HOUS SHELT OWNDWE MRTINT PROPTX MRPINS RENDWE
            RNTXRP RNTAPY OTHLOD UTIL NTLGAS ELCTRC ALLFUL FULOIL OTHFLS TELEPH
            WATRPS HOUSOP DOMSRV DMSXCC BBYDAY OTHHEX HOUSEQ TEXTIL FURNTR
            FLRCVR MAJAPP SMLAPP MISCEQ APPAR MENBOY MENSIX BOYFIF WOMGRL
            WOMSIX GRLFIF CHLDRN FOOTWR OTHAPL TRANS CARTKN CARTKU OTHVEH GASMO
            VEHFIN MAINRP VEHINS PUBTRA VRNTLO TRNTRP TRNOTH HEALTH HLTHIN
            MEDSRV PREDRG MEDSUP ENTERT FEEADM TVRDIO OTHEQP PETTOY OTHENT
            PERSCA READ EDUCA TOBACC MISCX4 CASHCO PERINS LIFINS RETPEN
MPRINT(SUMVARS):   ARRAY COMPARR (*) TOTEX4 FOOD FDHOME FDAWAY FDXMAP FDMAP
ALCBEV HOUS SHELT OWNDWE MRTINT PROPTX MRPINS RENDWE RNTXRP RNTAPY OTHLOD UTIL
NTLGAS ELCTRC ALLFUL FULOIL OTHFLS TELEPH WATRPS HOUSOP DOMSRV DMSXCC BBYDAY
OTHHEX HOUSEQ TEXTIL FURNTR FLRCVR MAJAPP SMLAPP MISCEQ APPAR MENBOY MENSIX
BOYFIF WOMGRL WOMSIX GRLFIF CHLDRN FOOTWR OTHAPL TRANS CARTKN CARTKU OTHVEH
GASMO VEHFIN MAINRP VEHINS PUBTRA VRNTLO TRNTRP TRNOTH HEALTH HLTHIN MEDSRV
PREDRG MEDSUP ENTERT FEEADM TVRDIO OTHEQP PETTOY OTHENT PERSCA READ EDUCA
TOBACC MISCX4 CASHCO PERINS LIFINS RETPEN;
MPRINT(SUMVARS):   DO I = 1 TO DIM(COMPARR);
MPRINT(SUMVARS):   IF (IN1) THEN COMPARR{I} = CQARR{I};
MPRINT(SUMVARS):   ELSE IF (IN5) THEN COMPARR{I} = PQARR{I};
MPRINT(SUMVARS):   ELSE COMPARR{I} = SUM(PQARR{I}, CQARR{I});
MPRINT(SUMVARS):   END;
MPRINT(SUMVARS):   RUN;

NOTE: There were 7786 observations read from the data set INDATA.FMLI061X.
NOTE: There were 7009 observations read from the data set INDATA.FMLI062.
NOTE: There were 6988 observations read from the data set INDATA.FMLI063.
NOTE: There were 7084 observations read from the data set INDATA.FMLI064.
NOTE: There were 6965 observations read from the data set INDATA.FMLI071.
NOTE: The data set WORK.FMLY has 35832 observations and 82 variables.
NOTE: DATA statement used (Total process time):
      real time           23.18 seconds
      cpu time            1.26 seconds


MPRINT(SUMVARS):   PROC SUMMARY DATA = FMLY;
MPRINT(SUMVARS):   VAR MFNLWT21;
MPRINT(SUMVARS):   OUTPUT OUT = POP (DROP = _TYPE_ _FREQ_) SUM = TOTPOP;
MPRINT(SUMVARS):   RUN;

NOTE: There were 35832 observations read from the data set WORK.FMLY.
NOTE: The data set WORK.POP has 1 observations and 1 variables.
NOTE: PROCEDURE SUMMARY used (Total process time):
      real time           1.01 seconds
      cpu time            0.09 seconds


MPRINT(SUMVARS):   PROC PRINT DATA = POP;
MPRINT(SUMVARS):   TITLE 'TOTAL POPULATION';
MPRINT(SUMVARS):   RUN;
NOTE: There were 1 observations read from the data set WORK.POP.
NOTE: PROCEDURE PRINT used (Total process time):
      real time           0.15 seconds
      cpu time            0.00 seconds


MPRINT(SUMVARS):   PROC SUMMARY DATA = FMLY SUM;
SYMBOLGEN:  Macro variable COMPVARS resolves to TOTEX4 FOOD FDHOME FDAWAY
            FDXMAP FDMAP ALCBEV HOUS SHELT OWNDWE MRTINT PROPTX MRPINS RENDWE
            RNTXRP RNTAPY OTHLOD UTIL NTLGAS ELCTRC ALLFUL FULOIL OTHFLS TELEPH
            WATRPS HOUSOP DOMSRV DMSXCC BBYDAY OTHHEX HOUSEQ TEXTIL FURNTR
            FLRCVR MAJAPP SMLAPP MISCEQ APPAR MENBOY MENSIX BOYFIF WOMGRL
            WOMSIX GRLFIF CHLDRN FOOTWR OTHAPL TRANS CARTKN CARTKU OTHVEH GASMO
            VEHFIN MAINRP VEHINS PUBTRA VRNTLO TRNTRP TRNOTH HEALTH HLTHIN
            MEDSRV PREDRG MEDSUP ENTERT FEEADM TVRDIO OTHEQP PETTOY OTHENT
            PERSCA READ EDUCA TOBACC MISCX4 CASHCO PERINS LIFINS RETPEN
MPRINT(SUMVARS):   VAR TOTEX4 FOOD FDHOME FDAWAY FDXMAP FDMAP ALCBEV HOUS SHELT
OWNDWE MRTINT PROPTX MRPINS RENDWE RNTXRP RNTAPY OTHLOD UTIL NTLGAS ELCTRC
ALLFUL FULOIL OTHFLS TELEPH WATRPS HOUSOP DOMSRV DMSXCC BBYDAY OTHHEX HOUSEQ
TEXTIL FURNTR FLRCVR MAJAPP SMLAPP MISCEQ APPAR MENBOY MENSIX BOYFIF WOMGRL
WOMSIX GRLFIF CHLDRN FOOTWR OTHAPL TRANS CARTKN CARTKU OTHVEH GASMO VEHFIN
MAINRP VEHINS PUBTRA VRNTLO TRNTRP TRNOTH HEALTH HLTHIN MEDSRV PREDRG MEDSUP
ENTERT FEEADM TVRDIO OTHEQP PETTOY OTHENT PERSCA READ EDUCA TOBACC MISCX4
CASHCO PERINS LIFINS RETPEN;
MPRINT(SUMVARS):   WEIGHT FINLWT21;
SYMBOLGEN:  Macro variable COMPVARS resolves to TOTEX4 FOOD FDHOME FDAWAY
            FDXMAP FDMAP ALCBEV HOUS SHELT OWNDWE MRTINT PROPTX MRPINS RENDWE
            RNTXRP RNTAPY OTHLOD UTIL NTLGAS ELCTRC ALLFUL FULOIL OTHFLS TELEPH
            WATRPS HOUSOP DOMSRV DMSXCC BBYDAY OTHHEX HOUSEQ TEXTIL FURNTR
            FLRCVR MAJAPP SMLAPP MISCEQ APPAR MENBOY MENSIX BOYFIF WOMGRL
            WOMSIX GRLFIF CHLDRN FOOTWR OTHAPL TRANS CARTKN CARTKU OTHVEH GASMO
            VEHFIN MAINRP VEHINS PUBTRA VRNTLO TRNTRP TRNOTH HEALTH HLTHIN
            MEDSRV PREDRG MEDSUP ENTERT FEEADM TVRDIO OTHEQP PETTOY OTHENT
            PERSCA READ EDUCA TOBACC MISCX4 CASHCO PERINS LIFINS RETPEN
MPRINT(SUMVARS):   OUTPUT OUT = AGG (DROP = _TYPE_ _FREQ_) SUM = TOTEX4 FOOD
FDHOME FDAWAY FDXMAP FDMAP ALCBEV HOUS SHELT OWNDWE MRTINT PROPTX MRPINS RENDWE
RNTXRP RNTAPY OTHLOD UTIL NTLGAS ELCTRC ALLFUL FULOIL OTHFLS TELEPH WATRPS
HOUSOP DOMSRV DMSXCC BBYDAY OTHHEX HOUSEQ TEXTIL FURNTR FLRCVR MAJAPP SMLAPP
MISCEQ APPAR MENBOY MENSIX BOYFIF WOMGRL WOMSIX GRLFIF CHLDRN FOOTWR OTHAPL
TRANS CARTKN CARTKU OTHVEH GASMO VEHFIN MAINRP VEHINS PUBTRA VRNTLO TRNTRP
TRNOTH HEALTH HLTHIN MEDSRV PREDRG MEDSUP ENTERT FEEADM TVRDIO OTHEQP PETTOY
OTHENT PERSCA READ EDUCA TOBACC MISCX4 CASHCO PERINS LIFINS RETPEN;
MPRINT(SUMVARS):   RUN;

NOTE: There were 35832 observations read from the data set WORK.FMLY.
NOTE: The data set WORK.AGG has 1 observations and 79 variables.
NOTE: PROCEDURE SUMMARY used (Total process time):
      real time           0.92 seconds
      cpu time            0.23 seconds


MPRINT(SUMVARS):   PROC PRINT DATA = AGG;
MPRINT(SUMVARS):   TITLE 'AGGREGATES';
MPRINT(SUMVARS):   RUN;
NOTE: There were 1 observations read from the data set WORK.AGG.
NOTE: PROCEDURE PRINT used (Total process time):
      real time           0.00 seconds
      cpu time            0.00 seconds


MPRINT(SUMVARS):   DATA AVERAGES (DROP = I);
MPRINT(SUMVARS):   SET POP;
MPRINT(SUMVARS):   SET AGG;
SYMBOLGEN:  Macro variable COMPVARS resolves to TOTEX4 FOOD FDHOME FDAWAY
            FDXMAP FDMAP ALCBEV HOUS SHELT OWNDWE MRTINT PROPTX MRPINS RENDWE
            RNTXRP RNTAPY OTHLOD UTIL NTLGAS ELCTRC ALLFUL FULOIL OTHFLS TELEPH
            WATRPS HOUSOP DOMSRV DMSXCC BBYDAY OTHHEX HOUSEQ TEXTIL FURNTR
            FLRCVR MAJAPP SMLAPP MISCEQ APPAR MENBOY MENSIX BOYFIF WOMGRL
            WOMSIX GRLFIF CHLDRN FOOTWR OTHAPL TRANS CARTKN CARTKU OTHVEH GASMO
            VEHFIN MAINRP VEHINS PUBTRA VRNTLO TRNTRP TRNOTH HEALTH HLTHIN
            MEDSRV PREDRG MEDSUP ENTERT FEEADM TVRDIO OTHEQP PETTOY OTHENT
            PERSCA READ EDUCA TOBACC MISCX4 CASHCO PERINS LIFINS RETPEN
MPRINT(SUMVARS):   ARRAY AGGARR (*) TOTEX4 FOOD FDHOME FDAWAY FDXMAP FDMAP
ALCBEV HOUS SHELT OWNDWE MRTINT PROPTX MRPINS RENDWE RNTXRP RNTAPY OTHLOD UTIL
NTLGAS ELCTRC ALLFUL FULOIL OTHFLS TELEPH WATRPS HOUSOP DOMSRV DMSXCC BBYDAY
OTHHEX HOUSEQ TEXTIL FURNTR FLRCVR MAJAPP SMLAPP MISCEQ APPAR MENBOY MENSIX
BOYFIF WOMGRL WOMSIX GRLFIF CHLDRN FOOTWR OTHAPL TRANS CARTKN CARTKU OTHVEH
GASMO VEHFIN MAINRP VEHINS PUBTRA VRNTLO TRNTRP TRNOTH HEALTH HLTHIN MEDSRV
PREDRG MEDSUP ENTERT FEEADM TVRDIO OTHEQP PETTOY OTHENT PERSCA READ EDUCA
TOBACC MISCX4 CASHCO PERINS LIFINS RETPEN;
SYMBOLGEN:  Macro variable COMPVARS resolves to TOTEX4 FOOD FDHOME FDAWAY
            FDXMAP FDMAP ALCBEV HOUS SHELT OWNDWE MRTINT PROPTX MRPINS RENDWE
            RNTXRP RNTAPY OTHLOD UTIL NTLGAS ELCTRC ALLFUL FULOIL OTHFLS TELEPH
            WATRPS HOUSOP DOMSRV DMSXCC BBYDAY OTHHEX HOUSEQ TEXTIL FURNTR
            FLRCVR MAJAPP SMLAPP MISCEQ APPAR MENBOY MENSIX BOYFIF WOMGRL
            WOMSIX GRLFIF CHLDRN FOOTWR OTHAPL TRANS CARTKN CARTKU OTHVEH GASMO
            VEHFIN MAINRP VEHINS PUBTRA VRNTLO TRNTRP TRNOTH HEALTH HLTHIN
            MEDSRV PREDRG MEDSUP ENTERT FEEADM TVRDIO OTHEQP PETTOY OTHENT
            PERSCA READ EDUCA TOBACC MISCX4 CASHCO PERINS LIFINS RETPEN
MPRINT(SUMVARS):   ARRAY AVGARR (*) TOTEX4 FOOD FDHOME FDAWAY FDXMAP FDMAP
ALCBEV HOUS SHELT OWNDWE MRTINT PROPTX MRPINS RENDWE RNTXRP RNTAPY OTHLOD UTIL
NTLGAS ELCTRC ALLFUL FULOIL OTHFLS TELEPH WATRPS HOUSOP DOMSRV DMSXCC BBYDAY
OTHHEX HOUSEQ TEXTIL FURNTR FLRCVR MAJAPP SMLAPP MISCEQ APPAR MENBOY MENSIX
BOYFIF WOMGRL WOMSIX GRLFIF CHLDRN FOOTWR OTHAPL TRANS CARTKN CARTKU OTHVEH
GASMO VEHFIN MAINRP VEHINS PUBTRA VRNTLO TRNTRP TRNOTH HEALTH HLTHIN MEDSRV
PREDRG MEDSUP ENTERT FEEADM TVRDIO OTHEQP PETTOY OTHENT PERSCA READ EDUCA
TOBACC MISCX4 CASHCO PERINS LIFINS RETPEN;
MPRINT(SUMVARS):   DO I = 1 TO DIM(AGGARR);
MPRINT(SUMVARS):   AVGARR{I} = AGGARR{I} / TOTPOP;
MPRINT(SUMVARS):   END;
MPRINT(SUMVARS):   RUN;

NOTE: There were 1 observations read from the data set WORK.POP.
NOTE: There were 1 observations read from the data set WORK.AGG.
NOTE: The data set WORK.AVERAGES has 1 observations and 80 variables.
NOTE: DATA statement used (Total process time):
      real time           0.06 seconds
      cpu time            0.04 seconds


MPRINT(SUMVARS):   PROC TRANSPOSE DATA = AVERAGES OUT = AVERAGES (RENAME =
(_NAME_ = NAME COL1 = VALUE));
MPRINT(SUMVARS):   RUN;

NOTE: There were 1 observations read from the data set WORK.AVERAGES.
NOTE: The data set WORK.AVERAGES has 80 observations and 2 variables.
NOTE: PROCEDURE TRANSPOSE used (Total process time):
      real time           0.03 seconds
      cpu time            0.01 seconds


MPRINT(SUMVARS):   PROC SORT DATA = AVERAGES;
MPRINT(SUMVARS):   BY NAME;
MPRINT(SUMVARS):   RUN;

NOTE: There were 80 observations read from the data set WORK.AVERAGES.
NOTE: The data set WORK.AVERAGES has 80 observations and 2 variables.
NOTE: PROCEDURE SORT used (Total process time):
      real time           0.01 seconds
      cpu time            0.00 seconds


MPRINT(SUMVARS):   DATA DSFINAL;
MPRINT(SUMVARS):   LENGTH NAME $32;
MPRINT(SUMVARS):   MERGE AVERAGES (IN = INAVER) DSUSRFLD (IN = INUSRFLD);
MPRINT(SUMVARS):   BY NAME;
MPRINT(SUMVARS):   IF (INAVER);
MPRINT(SUMVARS):   IF (^ INUSRFLD) THEN DO;
MPRINT(SUMVARS):   ORDER = 0;
MPRINT(SUMVARS):   INDENT = 1;
MPRINT(SUMVARS):   ROWLABEL = 'TOTAL POPULATION';
MPRINT(SUMVARS):   END;
MPRINT(SUMVARS):   RUN;

NOTE: There were 80 observations read from the data set WORK.AVERAGES.
NOTE: There were 79 observations read from the data set WORK.DSUSRFLD.
NOTE: The data set WORK.DSFINAL has 80 observations and 5 variables.
NOTE: DATA statement used (Total process time):
      real time           0.03 seconds
      cpu time            0.03 seconds


MPRINT(SUMVARS):   PROC SORT DATA = DSFINAL;
MPRINT(SUMVARS):   BY ORDER;
MPRINT(SUMVARS):   RUN;

NOTE: There were 80 observations read from the data set WORK.DSFINAL.
NOTE: The data set WORK.DSFINAL has 80 observations and 5 variables.
NOTE: PROCEDURE SORT used (Total process time):
      real time           0.03 seconds
      cpu time            0.00 seconds


MPRINT(SUMVARS):   DATA _NULL_;
MPRINT(SUMVARS):   FILE PRINT;
MPRINT(SUMVARS):   RETAIN GEN_IND 4;
MPRINT(SUMVARS):   SET DSFINAL;
MPRINT(SUMVARS):   PUT @(GEN_IND + INDENT) ROWLABEL @66 VALUE COMMA14.;
MPRINT(SUMVARS):   TITLE 'ANNUAL AVERAGE EXPENDITURE';
MPRINT(SUMVARS):   TITLE4 ' ';
MPRINT(SUMVARS):   RUN;

NOTE: 80 lines were written to file PRINT.
NOTE: There were 80 observations read from the data set WORK.DSFINAL.
NOTE: DATA statement used (Total process time):
      real time           0.01 seconds
      cpu time            0.00 seconds


MLOGIC(SUMVARS):  Ending execution.

